[2024-12-30T20:55:07.250+0000] {local_task_job_runner.py:123} INFO - ::group::Pre task execution logs
[2024-12-30T20:55:07.266+0000] {taskinstance.py:2613} INFO - Dependencies all met for dep_context=non-requeueable deps ti=<TaskInstance: weather_kafka_producer.fetch_and_publish_weather scheduled__2024-12-30T20:55:00+00:00 [queued]>
[2024-12-30T20:55:07.273+0000] {taskinstance.py:2613} INFO - Dependencies all met for dep_context=requeueable deps ti=<TaskInstance: weather_kafka_producer.fetch_and_publish_weather scheduled__2024-12-30T20:55:00+00:00 [queued]>
[2024-12-30T20:55:07.274+0000] {taskinstance.py:2866} INFO - Starting attempt 1 of 2
[2024-12-30T20:55:07.286+0000] {taskinstance.py:2889} INFO - Executing <Task(PythonOperator): fetch_and_publish_weather> on 2024-12-30 20:55:00+00:00
[2024-12-30T20:55:07.295+0000] {warnings.py:112} WARNING - /home/***/.local/lib/python3.12/site-packages/***/task/task_runner/standard_task_runner.py:70: DeprecationWarning: This process (pid=230) is multi-threaded, use of fork() may lead to deadlocks in the child.
  pid = os.fork()

[2024-12-30T20:55:07.297+0000] {standard_task_runner.py:72} INFO - Started process 232 to run task
[2024-12-30T20:55:07.296+0000] {standard_task_runner.py:104} INFO - Running: ['***', 'tasks', 'run', 'weather_kafka_producer', 'fetch_and_publish_weather', 'scheduled__2024-12-30T20:55:00+00:00', '--job-id', '751', '--raw', '--subdir', 'DAGS_FOLDER/weather_kafka_producer.py', '--cfg-path', '/tmp/tmpk2f05wbo']
[2024-12-30T20:55:07.298+0000] {standard_task_runner.py:105} INFO - Job 751: Subtask fetch_and_publish_weather
[2024-12-30T20:55:07.340+0000] {task_command.py:467} INFO - Running <TaskInstance: weather_kafka_producer.fetch_and_publish_weather scheduled__2024-12-30T20:55:00+00:00 [running]> on host 865c783184f2
[2024-12-30T20:55:07.418+0000] {taskinstance.py:3132} INFO - Exporting env vars: AIRFLOW_CTX_DAG_OWNER='***' AIRFLOW_CTX_DAG_ID='weather_kafka_producer' AIRFLOW_CTX_TASK_ID='fetch_and_publish_weather' AIRFLOW_CTX_EXECUTION_DATE='2024-12-30T20:55:00+00:00' AIRFLOW_CTX_TRY_NUMBER='1' AIRFLOW_CTX_DAG_RUN_ID='scheduled__2024-12-30T20:55:00+00:00'
[2024-12-30T20:55:07.420+0000] {taskinstance.py:731} INFO - ::endgroup::
[2024-12-30T20:56:07.587+0000] {logging_mixin.py:190} INFO - Error publishing to Kafka: KafkaTimeoutError: Failed to update metadata after 60.0 secs.
[2024-12-30T20:56:07.588+0000] {python.py:240} INFO - Done. Returned value was: None
[2024-12-30T20:56:07.598+0000] {taskinstance.py:340} INFO - ::group::Post task execution logs
[2024-12-30T20:56:07.599+0000] {taskinstance.py:352} INFO - Marking task as SUCCESS. dag_id=weather_kafka_producer, task_id=fetch_and_publish_weather, run_id=scheduled__2024-12-30T20:55:00+00:00, execution_date=20241230T205500, start_date=20241230T205507, end_date=20241230T205607
[2024-12-30T20:56:07.681+0000] {local_task_job_runner.py:266} INFO - Task exited with return code 0
[2024-12-30T20:56:07.695+0000] {taskinstance.py:3895} INFO - 0 downstream tasks scheduled from follow-on schedule check
[2024-12-30T20:56:07.697+0000] {local_task_job_runner.py:245} INFO - ::endgroup::
