[2024-12-30T20:25:32.403+0000] {local_task_job_runner.py:123} INFO - ::group::Pre task execution logs
[2024-12-30T20:25:32.448+0000] {taskinstance.py:2613} INFO - Dependencies all met for dep_context=non-requeueable deps ti=<TaskInstance: etl_data_pipeline_mongodb.extract_data manual__2024-12-30T20:25:28.497343+00:00 [queued]>
[2024-12-30T20:25:32.468+0000] {taskinstance.py:2613} INFO - Dependencies all met for dep_context=requeueable deps ti=<TaskInstance: etl_data_pipeline_mongodb.extract_data manual__2024-12-30T20:25:28.497343+00:00 [queued]>
[2024-12-30T20:25:32.471+0000] {taskinstance.py:2866} INFO - Starting attempt 1 of 2
[2024-12-30T20:25:32.502+0000] {taskinstance.py:2889} INFO - Executing <Task(PythonOperator): extract_data> on 2024-12-30 20:25:28.497343+00:00
[2024-12-30T20:25:32.525+0000] {warnings.py:112} WARNING - /home/***/.local/lib/python3.12/site-packages/***/task/task_runner/standard_task_runner.py:70: DeprecationWarning: This process (pid=2256) is multi-threaded, use of fork() may lead to deadlocks in the child.
  pid = os.fork()

[2024-12-30T20:25:32.527+0000] {standard_task_runner.py:72} INFO - Started process 2264 to run task
[2024-12-30T20:25:32.528+0000] {standard_task_runner.py:104} INFO - Running: ['***', 'tasks', 'run', 'etl_data_pipeline_mongodb', 'extract_data', 'manual__2024-12-30T20:25:28.497343+00:00', '--job-id', '429', '--raw', '--subdir', 'DAGS_FOLDER/etl_data_pipeline_mongodb.py', '--cfg-path', '/tmp/tmph53ib1k3']
[2024-12-30T20:25:32.536+0000] {standard_task_runner.py:105} INFO - Job 429: Subtask extract_data
[2024-12-30T20:25:32.645+0000] {task_command.py:467} INFO - Running <TaskInstance: etl_data_pipeline_mongodb.extract_data manual__2024-12-30T20:25:28.497343+00:00 [running]> on host f4979116b9f3
[2024-12-30T20:25:32.770+0000] {taskinstance.py:3132} INFO - Exporting env vars: AIRFLOW_CTX_DAG_OWNER='***' AIRFLOW_CTX_DAG_ID='etl_data_pipeline_mongodb' AIRFLOW_CTX_TASK_ID='extract_data' AIRFLOW_CTX_EXECUTION_DATE='2024-12-30T20:25:28.497343+00:00' AIRFLOW_CTX_TRY_NUMBER='1' AIRFLOW_CTX_DAG_RUN_ID='manual__2024-12-30T20:25:28.497343+00:00'
[2024-12-30T20:25:32.773+0000] {taskinstance.py:731} INFO - ::endgroup::
[2024-12-30T20:25:32.962+0000] {logging_mixin.py:190} INFO - Fichier téléchargé et sauvegardé sous /tmp/data.csv
[2024-12-30T20:25:32.963+0000] {python.py:240} INFO - Done. Returned value was: None
[2024-12-30T20:25:32.976+0000] {taskinstance.py:340} INFO - ::group::Post task execution logs
[2024-12-30T20:25:32.978+0000] {taskinstance.py:352} INFO - Marking task as SUCCESS. dag_id=etl_data_pipeline_mongodb, task_id=extract_data, run_id=manual__2024-12-30T20:25:28.497343+00:00, execution_date=20241230T202528, start_date=20241230T202532, end_date=20241230T202532
[2024-12-30T20:25:33.028+0000] {local_task_job_runner.py:266} INFO - Task exited with return code 0
[2024-12-30T20:25:33.065+0000] {taskinstance.py:3895} INFO - 1 downstream tasks scheduled from follow-on schedule check
[2024-12-30T20:25:33.069+0000] {local_task_job_runner.py:245} INFO - ::endgroup::
