[2024-12-30T22:06:16.944+0000] {local_task_job_runner.py:123} INFO - ::group::Pre task execution logs
[2024-12-30T22:06:16.958+0000] {taskinstance.py:2613} INFO - Dependencies all met for dep_context=non-requeueable deps ti=<TaskInstance: weather_kafka_producer.fetch_data_and_push_to_kafka manual__2024-12-30T22:06:16.146510+00:00 [queued]>
[2024-12-30T22:06:16.966+0000] {taskinstance.py:2613} INFO - Dependencies all met for dep_context=requeueable deps ti=<TaskInstance: weather_kafka_producer.fetch_data_and_push_to_kafka manual__2024-12-30T22:06:16.146510+00:00 [queued]>
[2024-12-30T22:06:16.967+0000] {taskinstance.py:2866} INFO - Starting attempt 1 of 2
[2024-12-30T22:06:16.978+0000] {taskinstance.py:2889} INFO - Executing <Task(PythonOperator): fetch_data_and_push_to_kafka> on 2024-12-30 22:06:16.146510+00:00
[2024-12-30T22:06:16.985+0000] {warnings.py:112} WARNING - /home/***/.local/lib/python3.12/site-packages/***/task/task_runner/standard_task_runner.py:70: DeprecationWarning: This process (pid=556) is multi-threaded, use of fork() may lead to deadlocks in the child.
  pid = os.fork()

[2024-12-30T22:06:16.987+0000] {standard_task_runner.py:72} INFO - Started process 557 to run task
[2024-12-30T22:06:16.987+0000] {standard_task_runner.py:104} INFO - Running: ['***', 'tasks', 'run', 'weather_kafka_producer', 'fetch_data_and_push_to_kafka', 'manual__2024-12-30T22:06:16.146510+00:00', '--job-id', '888', '--raw', '--subdir', 'DAGS_FOLDER/weather_kafka_producer.py', '--cfg-path', '/tmp/tmpxo1g15ct']
[2024-12-30T22:06:16.988+0000] {standard_task_runner.py:105} INFO - Job 888: Subtask fetch_data_and_push_to_kafka
[2024-12-30T22:06:17.025+0000] {task_command.py:467} INFO - Running <TaskInstance: weather_kafka_producer.fetch_data_and_push_to_kafka manual__2024-12-30T22:06:16.146510+00:00 [running]> on host 865c783184f2
[2024-12-30T22:06:17.093+0000] {taskinstance.py:3132} INFO - Exporting env vars: AIRFLOW_CTX_DAG_OWNER='***' AIRFLOW_CTX_DAG_ID='weather_kafka_producer' AIRFLOW_CTX_TASK_ID='fetch_data_and_push_to_kafka' AIRFLOW_CTX_EXECUTION_DATE='2024-12-30T22:06:16.146510+00:00' AIRFLOW_CTX_TRY_NUMBER='1' AIRFLOW_CTX_DAG_RUN_ID='manual__2024-12-30T22:06:16.146510+00:00'
[2024-12-30T22:06:17.095+0000] {taskinstance.py:731} INFO - ::endgroup::
[2024-12-30T22:06:17.109+0000] {logging_mixin.py:190} INFO - Error publishing to Kafka: name 'API_CITY_ID' is not defined
[2024-12-30T22:06:17.109+0000] {python.py:240} INFO - Done. Returned value was: None
[2024-12-30T22:06:17.119+0000] {taskinstance.py:340} INFO - ::group::Post task execution logs
[2024-12-30T22:06:17.120+0000] {taskinstance.py:352} INFO - Marking task as SUCCESS. dag_id=weather_kafka_producer, task_id=fetch_data_and_push_to_kafka, run_id=manual__2024-12-30T22:06:16.146510+00:00, execution_date=20241230T220616, start_date=20241230T220616, end_date=20241230T220617
[2024-12-30T22:06:17.162+0000] {local_task_job_runner.py:266} INFO - Task exited with return code 0
[2024-12-30T22:06:17.181+0000] {taskinstance.py:3895} INFO - 1 downstream tasks scheduled from follow-on schedule check
[2024-12-30T22:06:17.184+0000] {local_task_job_runner.py:245} INFO - ::endgroup::
