[2024-12-30T20:26:56.307+0000] {local_task_job_runner.py:123} INFO - ::group::Pre task execution logs
[2024-12-30T20:26:56.326+0000] {taskinstance.py:2613} INFO - Dependencies all met for dep_context=non-requeueable deps ti=<TaskInstance: weather_kafka_producer.fetch_and_publish_weather scheduled__2024-12-30T20:26:50+00:00 [queued]>
[2024-12-30T20:26:56.334+0000] {taskinstance.py:2613} INFO - Dependencies all met for dep_context=requeueable deps ti=<TaskInstance: weather_kafka_producer.fetch_and_publish_weather scheduled__2024-12-30T20:26:50+00:00 [queued]>
[2024-12-30T20:26:56.334+0000] {taskinstance.py:2866} INFO - Starting attempt 1 of 2
[2024-12-30T20:26:56.346+0000] {taskinstance.py:2889} INFO - Executing <Task(PythonOperator): fetch_and_publish_weather> on 2024-12-30 20:26:50+00:00
[2024-12-30T20:26:56.354+0000] {warnings.py:112} WARNING - /home/***/.local/lib/python3.12/site-packages/***/task/task_runner/standard_task_runner.py:70: DeprecationWarning: This process (pid=2383) is multi-threaded, use of fork() may lead to deadlocks in the child.
  pid = os.fork()

[2024-12-30T20:26:56.356+0000] {standard_task_runner.py:72} INFO - Started process 2385 to run task
[2024-12-30T20:26:56.356+0000] {standard_task_runner.py:104} INFO - Running: ['***', 'tasks', 'run', 'weather_kafka_producer', 'fetch_and_publish_weather', 'scheduled__2024-12-30T20:26:50+00:00', '--job-id', '454', '--raw', '--subdir', 'DAGS_FOLDER/weather_kafka_producer.py', '--cfg-path', '/tmp/tmptuq_8c9i']
[2024-12-30T20:26:56.357+0000] {standard_task_runner.py:105} INFO - Job 454: Subtask fetch_and_publish_weather
[2024-12-30T20:26:56.403+0000] {task_command.py:467} INFO - Running <TaskInstance: weather_kafka_producer.fetch_and_publish_weather scheduled__2024-12-30T20:26:50+00:00 [running]> on host f4979116b9f3
[2024-12-30T20:26:56.487+0000] {taskinstance.py:3132} INFO - Exporting env vars: AIRFLOW_CTX_DAG_OWNER='***' AIRFLOW_CTX_DAG_ID='weather_kafka_producer' AIRFLOW_CTX_TASK_ID='fetch_and_publish_weather' AIRFLOW_CTX_EXECUTION_DATE='2024-12-30T20:26:50+00:00' AIRFLOW_CTX_TRY_NUMBER='1' AIRFLOW_CTX_DAG_RUN_ID='scheduled__2024-12-30T20:26:50+00:00'
[2024-12-30T20:26:56.488+0000] {taskinstance.py:731} INFO - ::endgroup::
[2024-12-30T20:27:56.683+0000] {logging_mixin.py:190} INFO - Error publishing to Kafka: KafkaTimeoutError: Failed to update metadata after 60.0 secs.
[2024-12-30T20:27:56.687+0000] {python.py:240} INFO - Done. Returned value was: None
[2024-12-30T20:27:56.718+0000] {taskinstance.py:340} INFO - ::group::Post task execution logs
[2024-12-30T20:27:56.720+0000] {taskinstance.py:352} INFO - Marking task as SUCCESS. dag_id=weather_kafka_producer, task_id=fetch_and_publish_weather, run_id=scheduled__2024-12-30T20:26:50+00:00, execution_date=20241230T202650, start_date=20241230T202656, end_date=20241230T202756
[2024-12-30T20:27:56.819+0000] {local_task_job_runner.py:266} INFO - Task exited with return code 0
[2024-12-30T20:27:56.868+0000] {taskinstance.py:3895} INFO - 0 downstream tasks scheduled from follow-on schedule check
[2024-12-30T20:27:56.873+0000] {local_task_job_runner.py:245} INFO - ::endgroup::
