[2024-12-30T22:07:19.754+0000] {local_task_job_runner.py:123} INFO - ::group::Pre task execution logs
[2024-12-30T22:07:19.768+0000] {taskinstance.py:2613} INFO - Dependencies all met for dep_context=non-requeueable deps ti=<TaskInstance: weather_kafka_producer.fetch_data_and_push_to_kafka manual__2024-12-30T22:07:18.218453+00:00 [queued]>
[2024-12-30T22:07:19.776+0000] {taskinstance.py:2613} INFO - Dependencies all met for dep_context=requeueable deps ti=<TaskInstance: weather_kafka_producer.fetch_data_and_push_to_kafka manual__2024-12-30T22:07:18.218453+00:00 [queued]>
[2024-12-30T22:07:19.777+0000] {taskinstance.py:2866} INFO - Starting attempt 1 of 2
[2024-12-30T22:07:19.789+0000] {taskinstance.py:2889} INFO - Executing <Task(PythonOperator): fetch_data_and_push_to_kafka> on 2024-12-30 22:07:18.218453+00:00
[2024-12-30T22:07:19.797+0000] {warnings.py:112} WARNING - /home/***/.local/lib/python3.12/site-packages/***/task/task_runner/standard_task_runner.py:70: DeprecationWarning: This process (pid=582) is multi-threaded, use of fork() may lead to deadlocks in the child.
  pid = os.fork()

[2024-12-30T22:07:19.799+0000] {standard_task_runner.py:104} INFO - Running: ['***', 'tasks', 'run', 'weather_kafka_producer', 'fetch_data_and_push_to_kafka', 'manual__2024-12-30T22:07:18.218453+00:00', '--job-id', '892', '--raw', '--subdir', 'DAGS_FOLDER/weather_kafka_producer.py', '--cfg-path', '/tmp/tmp1_4sxhz8']
[2024-12-30T22:07:19.800+0000] {standard_task_runner.py:72} INFO - Started process 583 to run task
[2024-12-30T22:07:19.800+0000] {standard_task_runner.py:105} INFO - Job 892: Subtask fetch_data_and_push_to_kafka
[2024-12-30T22:07:19.841+0000] {task_command.py:467} INFO - Running <TaskInstance: weather_kafka_producer.fetch_data_and_push_to_kafka manual__2024-12-30T22:07:18.218453+00:00 [running]> on host 865c783184f2
[2024-12-30T22:07:19.911+0000] {taskinstance.py:3132} INFO - Exporting env vars: AIRFLOW_CTX_DAG_OWNER='***' AIRFLOW_CTX_DAG_ID='weather_kafka_producer' AIRFLOW_CTX_TASK_ID='fetch_data_and_push_to_kafka' AIRFLOW_CTX_EXECUTION_DATE='2024-12-30T22:07:18.218453+00:00' AIRFLOW_CTX_TRY_NUMBER='1' AIRFLOW_CTX_DAG_RUN_ID='manual__2024-12-30T22:07:18.218453+00:00'
[2024-12-30T22:07:19.912+0000] {taskinstance.py:731} INFO - ::endgroup::
[2024-12-30T22:07:19.925+0000] {logging_mixin.py:190} INFO - Error publishing to Kafka: name 'API_CITY_ID' is not defined
[2024-12-30T22:07:19.926+0000] {python.py:240} INFO - Done. Returned value was: None
[2024-12-30T22:07:19.934+0000] {taskinstance.py:340} INFO - ::group::Post task execution logs
[2024-12-30T22:07:19.935+0000] {taskinstance.py:352} INFO - Marking task as SUCCESS. dag_id=weather_kafka_producer, task_id=fetch_data_and_push_to_kafka, run_id=manual__2024-12-30T22:07:18.218453+00:00, execution_date=20241230T220718, start_date=20241230T220719, end_date=20241230T220719
[2024-12-30T22:07:19.975+0000] {local_task_job_runner.py:266} INFO - Task exited with return code 0
[2024-12-30T22:07:19.992+0000] {taskinstance.py:3895} INFO - 1 downstream tasks scheduled from follow-on schedule check
[2024-12-30T22:07:19.994+0000] {local_task_job_runner.py:245} INFO - ::endgroup::
