[2024-12-30T22:46:37.251+0000] {local_task_job_runner.py:123} INFO - ::group::Pre task execution logs
[2024-12-30T22:46:37.267+0000] {taskinstance.py:2613} INFO - Dependencies all met for dep_context=non-requeueable deps ti=<TaskInstance: weather_kafka_producer.generate_and_send_email scheduled__2024-12-30T22:46:30+00:00 [queued]>
[2024-12-30T22:46:37.274+0000] {taskinstance.py:2613} INFO - Dependencies all met for dep_context=requeueable deps ti=<TaskInstance: weather_kafka_producer.generate_and_send_email scheduled__2024-12-30T22:46:30+00:00 [queued]>
[2024-12-30T22:46:37.275+0000] {taskinstance.py:2866} INFO - Starting attempt 1 of 2
[2024-12-30T22:46:37.287+0000] {taskinstance.py:2889} INFO - Executing <Task(PythonOperator): generate_and_send_email> on 2024-12-30 22:46:30+00:00
[2024-12-30T22:46:37.294+0000] {warnings.py:112} WARNING - /home/***/.local/lib/python3.12/site-packages/***/task/task_runner/standard_task_runner.py:70: DeprecationWarning: This process (pid=1302) is multi-threaded, use of fork() may lead to deadlocks in the child.
  pid = os.fork()

[2024-12-30T22:46:37.296+0000] {standard_task_runner.py:72} INFO - Started process 1303 to run task
[2024-12-30T22:46:37.296+0000] {standard_task_runner.py:104} INFO - Running: ['***', 'tasks', 'run', 'weather_kafka_producer', 'generate_and_send_email', 'scheduled__2024-12-30T22:46:30+00:00', '--job-id', '1518', '--raw', '--subdir', 'DAGS_FOLDER/weather_kafka_producer.py', '--cfg-path', '/tmp/tmp4y2j9pbc']
[2024-12-30T22:46:37.297+0000] {standard_task_runner.py:105} INFO - Job 1518: Subtask generate_and_send_email
[2024-12-30T22:46:37.337+0000] {task_command.py:467} INFO - Running <TaskInstance: weather_kafka_producer.generate_and_send_email scheduled__2024-12-30T22:46:30+00:00 [running]> on host bb8001553f86
[2024-12-30T22:46:37.407+0000] {taskinstance.py:3132} INFO - Exporting env vars: AIRFLOW_CTX_DAG_OWNER='***' AIRFLOW_CTX_DAG_ID='weather_kafka_producer' AIRFLOW_CTX_TASK_ID='generate_and_send_email' AIRFLOW_CTX_EXECUTION_DATE='2024-12-30T22:46:30+00:00' AIRFLOW_CTX_TRY_NUMBER='1' AIRFLOW_CTX_DAG_RUN_ID='scheduled__2024-12-30T22:46:30+00:00'
[2024-12-30T22:46:37.408+0000] {taskinstance.py:731} INFO - ::endgroup::
[2024-12-30T22:46:37.431+0000] {baseoperator.py:416} WARNING - EmailOperator.execute cannot be called outside TaskInstance!
[2024-12-30T22:46:37.439+0000] {warnings.py:112} WARNING - /home/***/.local/lib/python3.12/site-packages/***/utils/email.py:155: RemovedInAirflow3Warning: Fetching SMTP credentials from configuration variables will be deprecated in a future release. Please set credentials using a connection instead.
  send_mime_email(e_from=mail_from, e_to=recipients, mime_msg=msg, conn_id=conn_id, dryrun=dryrun)

[2024-12-30T22:46:37.440+0000] {configuration.py:1073} WARNING - section/key [smtp/smtp_user] not found in config
[2024-12-30T22:46:37.440+0000] {email.py:272} INFO - Email alerting: attempt 1
[2024-12-30T22:46:37.543+0000] {email.py:283} INFO - Sent an alert email to ['your_email@example.com']
[2024-12-30T22:46:37.548+0000] {python.py:240} INFO - Done. Returned value was: None
[2024-12-30T22:46:37.557+0000] {taskinstance.py:340} INFO - ::group::Post task execution logs
[2024-12-30T22:46:37.558+0000] {taskinstance.py:352} INFO - Marking task as SUCCESS. dag_id=weather_kafka_producer, task_id=generate_and_send_email, run_id=scheduled__2024-12-30T22:46:30+00:00, execution_date=20241230T224630, start_date=20241230T224637, end_date=20241230T224637
[2024-12-30T22:46:37.591+0000] {local_task_job_runner.py:266} INFO - Task exited with return code 0
[2024-12-30T22:46:37.606+0000] {taskinstance.py:3895} INFO - 0 downstream tasks scheduled from follow-on schedule check
[2024-12-30T22:46:37.608+0000] {local_task_job_runner.py:245} INFO - ::endgroup::
