[2024-12-30T22:19:45.742+0000] {local_task_job_runner.py:123} INFO - ::group::Pre task execution logs
[2024-12-30T22:19:45.756+0000] {taskinstance.py:2613} INFO - Dependencies all met for dep_context=non-requeueable deps ti=<TaskInstance: weather_kafka_producer.fetch_data_and_push_to_kafka scheduled__2024-12-30T22:19:40+00:00 [queued]>
[2024-12-30T22:19:45.762+0000] {taskinstance.py:2613} INFO - Dependencies all met for dep_context=requeueable deps ti=<TaskInstance: weather_kafka_producer.fetch_data_and_push_to_kafka scheduled__2024-12-30T22:19:40+00:00 [queued]>
[2024-12-30T22:19:45.763+0000] {taskinstance.py:2866} INFO - Starting attempt 1 of 2
[2024-12-30T22:19:45.776+0000] {taskinstance.py:2889} INFO - Executing <Task(PythonOperator): fetch_data_and_push_to_kafka> on 2024-12-30 22:19:40+00:00
[2024-12-30T22:19:45.783+0000] {warnings.py:112} WARNING - /home/***/.local/lib/python3.12/site-packages/***/task/task_runner/standard_task_runner.py:70: DeprecationWarning: This process (pid=980) is multi-threaded, use of fork() may lead to deadlocks in the child.
  pid = os.fork()

[2024-12-30T22:19:45.784+0000] {standard_task_runner.py:72} INFO - Started process 981 to run task
[2024-12-30T22:19:45.784+0000] {standard_task_runner.py:104} INFO - Running: ['***', 'tasks', 'run', 'weather_kafka_producer', 'fetch_data_and_push_to_kafka', 'scheduled__2024-12-30T22:19:40+00:00', '--job-id', '960', '--raw', '--subdir', 'DAGS_FOLDER/weather_kafka_producer.py', '--cfg-path', '/tmp/tmpc80s62be']
[2024-12-30T22:19:45.786+0000] {standard_task_runner.py:105} INFO - Job 960: Subtask fetch_data_and_push_to_kafka
[2024-12-30T22:19:45.822+0000] {task_command.py:467} INFO - Running <TaskInstance: weather_kafka_producer.fetch_data_and_push_to_kafka scheduled__2024-12-30T22:19:40+00:00 [running]> on host 865c783184f2
[2024-12-30T22:19:45.887+0000] {taskinstance.py:3132} INFO - Exporting env vars: AIRFLOW_CTX_DAG_OWNER='***' AIRFLOW_CTX_DAG_ID='weather_kafka_producer' AIRFLOW_CTX_TASK_ID='fetch_data_and_push_to_kafka' AIRFLOW_CTX_EXECUTION_DATE='2024-12-30T22:19:40+00:00' AIRFLOW_CTX_TRY_NUMBER='1' AIRFLOW_CTX_DAG_RUN_ID='scheduled__2024-12-30T22:19:40+00:00'
[2024-12-30T22:19:45.888+0000] {taskinstance.py:731} INFO - ::endgroup::
[2024-12-30T22:19:45.903+0000] {conn.py:362} INFO - <BrokerConnection node_id=bootstrap-0 host=kafka:9092 <connecting> [IPv4 ('172.26.0.8', 9092)]>: connecting to kafka:9092 [('172.26.0.8', 9092) IPv4]
[2024-12-30T22:19:45.904+0000] {conn.py:957} INFO - Probing node bootstrap-0 broker version
[2024-12-30T22:19:45.905+0000] {conn.py:393} INFO - <BrokerConnection node_id=bootstrap-0 host=kafka:9092 <connecting> [IPv4 ('172.26.0.8', 9092)]>: Connection complete.
[2024-12-30T22:19:46.009+0000] {conn.py:1019} INFO - Broker version identified as 2.6.0
[2024-12-30T22:19:46.010+0000] {conn.py:1020} INFO - Set configuration api_version=(2, 6, 0) to skip auto check_version requests on startup
[2024-12-30T22:19:46.141+0000] {logging_mixin.py:190} INFO - Error fetching data from API for city ID 2538474: 400 Client Error: Bad Request for url: http://api.openweathermap.org/data/2.5/forecast??id=2538474&lang=fr&appid=e181f39c92f75588ac5e6cb725896788&units=metric
[2024-12-30T22:19:46.142+0000] {conn.py:673} INFO - <BrokerConnection node_id=bootstrap-0 host=kafka:9092 <connected> [IPv4 ('172.26.0.8', 9092)]>: Closing connection. 
[2024-12-30T22:19:46.143+0000] {python.py:240} INFO - Done. Returned value was: None
[2024-12-30T22:19:46.152+0000] {taskinstance.py:340} INFO - ::group::Post task execution logs
[2024-12-30T22:19:46.152+0000] {taskinstance.py:352} INFO - Marking task as SUCCESS. dag_id=weather_kafka_producer, task_id=fetch_data_and_push_to_kafka, run_id=scheduled__2024-12-30T22:19:40+00:00, execution_date=20241230T221940, start_date=20241230T221945, end_date=20241230T221946
[2024-12-30T22:19:46.200+0000] {local_task_job_runner.py:266} INFO - Task exited with return code 0
[2024-12-30T22:19:46.219+0000] {taskinstance.py:3895} INFO - 1 downstream tasks scheduled from follow-on schedule check
[2024-12-30T22:19:46.221+0000] {local_task_job_runner.py:245} INFO - ::endgroup::
