[2024-12-30T22:18:37.503+0000] {local_task_job_runner.py:123} INFO - ::group::Pre task execution logs
[2024-12-30T22:18:37.524+0000] {taskinstance.py:2613} INFO - Dependencies all met for dep_context=non-requeueable deps ti=<TaskInstance: weather_kafka_producer.fetch_data_and_push_to_kafka manual__2024-12-30T22:18:35.911022+00:00 [queued]>
[2024-12-30T22:18:37.532+0000] {taskinstance.py:2613} INFO - Dependencies all met for dep_context=requeueable deps ti=<TaskInstance: weather_kafka_producer.fetch_data_and_push_to_kafka manual__2024-12-30T22:18:35.911022+00:00 [queued]>
[2024-12-30T22:18:37.533+0000] {taskinstance.py:2866} INFO - Starting attempt 1 of 2
[2024-12-30T22:18:37.547+0000] {taskinstance.py:2889} INFO - Executing <Task(PythonOperator): fetch_data_and_push_to_kafka> on 2024-12-30 22:18:35.911022+00:00
[2024-12-30T22:18:37.555+0000] {warnings.py:112} WARNING - /home/***/.local/lib/python3.12/site-packages/***/task/task_runner/standard_task_runner.py:70: DeprecationWarning: This process (pid=855) is multi-threaded, use of fork() may lead to deadlocks in the child.
  pid = os.fork()

[2024-12-30T22:18:37.556+0000] {standard_task_runner.py:72} INFO - Started process 859 to run task
[2024-12-30T22:18:37.557+0000] {standard_task_runner.py:104} INFO - Running: ['***', 'tasks', 'run', 'weather_kafka_producer', 'fetch_data_and_push_to_kafka', 'manual__2024-12-30T22:18:35.911022+00:00', '--job-id', '929', '--raw', '--subdir', 'DAGS_FOLDER/weather_kafka_producer.py', '--cfg-path', '/tmp/tmpfe4j5a7t']
[2024-12-30T22:18:37.558+0000] {standard_task_runner.py:105} INFO - Job 929: Subtask fetch_data_and_push_to_kafka
[2024-12-30T22:18:37.598+0000] {task_command.py:467} INFO - Running <TaskInstance: weather_kafka_producer.fetch_data_and_push_to_kafka manual__2024-12-30T22:18:35.911022+00:00 [running]> on host 865c783184f2
[2024-12-30T22:18:37.682+0000] {taskinstance.py:3132} INFO - Exporting env vars: AIRFLOW_CTX_DAG_OWNER='***' AIRFLOW_CTX_DAG_ID='weather_kafka_producer' AIRFLOW_CTX_TASK_ID='fetch_data_and_push_to_kafka' AIRFLOW_CTX_EXECUTION_DATE='2024-12-30T22:18:35.911022+00:00' AIRFLOW_CTX_TRY_NUMBER='1' AIRFLOW_CTX_DAG_RUN_ID='manual__2024-12-30T22:18:35.911022+00:00'
[2024-12-30T22:18:37.683+0000] {taskinstance.py:731} INFO - ::endgroup::
[2024-12-30T22:18:37.698+0000] {conn.py:362} INFO - <BrokerConnection node_id=bootstrap-0 host=kafka:9092 <connecting> [IPv4 ('172.26.0.8', 9092)]>: connecting to kafka:9092 [('172.26.0.8', 9092) IPv4]
[2024-12-30T22:18:37.699+0000] {conn.py:957} INFO - Probing node bootstrap-0 broker version
[2024-12-30T22:18:37.700+0000] {conn.py:393} INFO - <BrokerConnection node_id=bootstrap-0 host=kafka:9092 <connecting> [IPv4 ('172.26.0.8', 9092)]>: Connection complete.
[2024-12-30T22:18:37.805+0000] {conn.py:1019} INFO - Broker version identified as 2.6.0
[2024-12-30T22:18:37.807+0000] {conn.py:1020} INFO - Set configuration api_version=(2, 6, 0) to skip auto check_version requests on startup
[2024-12-30T22:18:37.923+0000] {logging_mixin.py:190} INFO - Error fetching data from API for city ID 2538474: 400 Client Error: Bad Request for url: http://api.openweathermap.org/data/2.5/forecast??id=2538474&lang=fr&appid=e181f39c92f75588ac5e6cb725896788&units=metric
[2024-12-30T22:18:37.924+0000] {conn.py:673} INFO - <BrokerConnection node_id=bootstrap-0 host=kafka:9092 <connected> [IPv4 ('172.26.0.8', 9092)]>: Closing connection. 
[2024-12-30T22:18:37.925+0000] {python.py:240} INFO - Done. Returned value was: None
[2024-12-30T22:18:37.934+0000] {taskinstance.py:340} INFO - ::group::Post task execution logs
[2024-12-30T22:18:37.935+0000] {taskinstance.py:352} INFO - Marking task as SUCCESS. dag_id=weather_kafka_producer, task_id=fetch_data_and_push_to_kafka, run_id=manual__2024-12-30T22:18:35.911022+00:00, execution_date=20241230T221835, start_date=20241230T221837, end_date=20241230T221837
[2024-12-30T22:18:37.972+0000] {local_task_job_runner.py:266} INFO - Task exited with return code 0
[2024-12-30T22:18:37.995+0000] {taskinstance.py:3895} INFO - 1 downstream tasks scheduled from follow-on schedule check
[2024-12-30T22:18:37.997+0000] {local_task_job_runner.py:245} INFO - ::endgroup::
