[2024-12-30T20:42:01.787+0000] {local_task_job_runner.py:123} INFO - ::group::Pre task execution logs
[2024-12-30T20:42:01.800+0000] {taskinstance.py:2613} INFO - Dependencies all met for dep_context=non-requeueable deps ti=<TaskInstance: weather_kafka.fetch_and_publish_weather scheduled__2024-12-30T20:41:15+00:00 [queued]>
[2024-12-30T20:42:01.807+0000] {taskinstance.py:2613} INFO - Dependencies all met for dep_context=requeueable deps ti=<TaskInstance: weather_kafka.fetch_and_publish_weather scheduled__2024-12-30T20:41:15+00:00 [queued]>
[2024-12-30T20:42:01.807+0000] {taskinstance.py:2866} INFO - Starting attempt 1 of 2
[2024-12-30T20:42:01.817+0000] {taskinstance.py:2889} INFO - Executing <Task(PythonOperator): fetch_and_publish_weather> on 2024-12-30 20:41:15+00:00
[2024-12-30T20:42:01.825+0000] {warnings.py:112} WARNING - /home/***/.local/lib/python3.12/site-packages/***/task/task_runner/standard_task_runner.py:70: DeprecationWarning: This process (pid=3361) is multi-threaded, use of fork() may lead to deadlocks in the child.
  pid = os.fork()

[2024-12-30T20:42:01.826+0000] {standard_task_runner.py:72} INFO - Started process 3363 to run task
[2024-12-30T20:42:01.826+0000] {standard_task_runner.py:104} INFO - Running: ['***', 'tasks', 'run', 'weather_kafka', 'fetch_and_publish_weather', 'scheduled__2024-12-30T20:41:15+00:00', '--job-id', '638', '--raw', '--subdir', 'DAGS_FOLDER/weather_producer.py', '--cfg-path', '/tmp/tmp79dnsa93']
[2024-12-30T20:42:01.828+0000] {standard_task_runner.py:105} INFO - Job 638: Subtask fetch_and_publish_weather
[2024-12-30T20:42:01.868+0000] {task_command.py:467} INFO - Running <TaskInstance: weather_kafka.fetch_and_publish_weather scheduled__2024-12-30T20:41:15+00:00 [running]> on host f4979116b9f3
[2024-12-30T20:42:01.937+0000] {taskinstance.py:3132} INFO - Exporting env vars: AIRFLOW_CTX_DAG_OWNER='***' AIRFLOW_CTX_DAG_ID='weather_kafka' AIRFLOW_CTX_TASK_ID='fetch_and_publish_weather' AIRFLOW_CTX_EXECUTION_DATE='2024-12-30T20:41:15+00:00' AIRFLOW_CTX_TRY_NUMBER='1' AIRFLOW_CTX_DAG_RUN_ID='scheduled__2024-12-30T20:41:15+00:00'
[2024-12-30T20:42:01.938+0000] {taskinstance.py:731} INFO - ::endgroup::
[2024-12-30T20:43:02.117+0000] {logging_mixin.py:190} INFO - Error publishing to Kafka: KafkaTimeoutError: Failed to update metadata after 60.0 secs.
[2024-12-30T20:43:02.118+0000] {python.py:240} INFO - Done. Returned value was: None
[2024-12-30T20:43:02.129+0000] {taskinstance.py:340} INFO - ::group::Post task execution logs
[2024-12-30T20:43:02.130+0000] {taskinstance.py:352} INFO - Marking task as SUCCESS. dag_id=weather_kafka, task_id=fetch_and_publish_weather, run_id=scheduled__2024-12-30T20:41:15+00:00, execution_date=20241230T204115, start_date=20241230T204201, end_date=20241230T204302
[2024-12-30T20:43:02.153+0000] {local_task_job_runner.py:266} INFO - Task exited with return code 0
[2024-12-30T20:43:02.166+0000] {taskinstance.py:3895} INFO - 0 downstream tasks scheduled from follow-on schedule check
[2024-12-30T20:43:02.169+0000] {local_task_job_runner.py:245} INFO - ::endgroup::
