[2024-12-30T20:33:01.154+0000] {local_task_job_runner.py:123} INFO - ::group::Pre task execution logs
[2024-12-30T20:33:01.168+0000] {taskinstance.py:2613} INFO - Dependencies all met for dep_context=non-requeueable deps ti=<TaskInstance: weather_kafka_producer.fetch_and_publish_weather scheduled__2024-12-30T20:32:55+00:00 [queued]>
[2024-12-30T20:33:01.176+0000] {taskinstance.py:2613} INFO - Dependencies all met for dep_context=requeueable deps ti=<TaskInstance: weather_kafka_producer.fetch_and_publish_weather scheduled__2024-12-30T20:32:55+00:00 [queued]>
[2024-12-30T20:33:01.177+0000] {taskinstance.py:2866} INFO - Starting attempt 1 of 2
[2024-12-30T20:33:01.188+0000] {taskinstance.py:2889} INFO - Executing <Task(PythonOperator): fetch_and_publish_weather> on 2024-12-30 20:32:55+00:00
[2024-12-30T20:33:01.195+0000] {warnings.py:112} WARNING - /home/***/.local/lib/python3.12/site-packages/***/task/task_runner/standard_task_runner.py:70: DeprecationWarning: This process (pid=2793) is multi-threaded, use of fork() may lead to deadlocks in the child.
  pid = os.fork()

[2024-12-30T20:33:01.197+0000] {standard_task_runner.py:72} INFO - Started process 2795 to run task
[2024-12-30T20:33:01.197+0000] {standard_task_runner.py:104} INFO - Running: ['***', 'tasks', 'run', 'weather_kafka_producer', 'fetch_and_publish_weather', 'scheduled__2024-12-30T20:32:55+00:00', '--job-id', '534', '--raw', '--subdir', 'DAGS_FOLDER/weather_kafka_producer.py', '--cfg-path', '/tmp/tmpf77t_x00']
[2024-12-30T20:33:01.198+0000] {standard_task_runner.py:105} INFO - Job 534: Subtask fetch_and_publish_weather
[2024-12-30T20:33:01.238+0000] {task_command.py:467} INFO - Running <TaskInstance: weather_kafka_producer.fetch_and_publish_weather scheduled__2024-12-30T20:32:55+00:00 [running]> on host f4979116b9f3
[2024-12-30T20:33:01.308+0000] {taskinstance.py:3132} INFO - Exporting env vars: AIRFLOW_CTX_DAG_OWNER='***' AIRFLOW_CTX_DAG_ID='weather_kafka_producer' AIRFLOW_CTX_TASK_ID='fetch_and_publish_weather' AIRFLOW_CTX_EXECUTION_DATE='2024-12-30T20:32:55+00:00' AIRFLOW_CTX_TRY_NUMBER='1' AIRFLOW_CTX_DAG_RUN_ID='scheduled__2024-12-30T20:32:55+00:00'
[2024-12-30T20:33:01.309+0000] {taskinstance.py:731} INFO - ::endgroup::
[2024-12-30T20:34:01.474+0000] {logging_mixin.py:190} INFO - Error publishing to Kafka: KafkaTimeoutError: Failed to update metadata after 60.0 secs.
[2024-12-30T20:34:01.475+0000] {python.py:240} INFO - Done. Returned value was: None
[2024-12-30T20:34:01.487+0000] {taskinstance.py:340} INFO - ::group::Post task execution logs
[2024-12-30T20:34:01.488+0000] {taskinstance.py:352} INFO - Marking task as SUCCESS. dag_id=weather_kafka_producer, task_id=fetch_and_publish_weather, run_id=scheduled__2024-12-30T20:32:55+00:00, execution_date=20241230T203255, start_date=20241230T203301, end_date=20241230T203401
[2024-12-30T20:34:01.518+0000] {local_task_job_runner.py:266} INFO - Task exited with return code 0
[2024-12-30T20:34:01.532+0000] {taskinstance.py:3895} INFO - 0 downstream tasks scheduled from follow-on schedule check
[2024-12-30T20:34:01.534+0000] {local_task_job_runner.py:245} INFO - ::endgroup::
