[2024-12-31T00:00:17.045+0000] {processor.py:186} INFO - Started process (PID=1232) to work on /opt/airflow/dags/etl_data_pipeline.py
[2024-12-31T00:00:17.046+0000] {processor.py:914} INFO - Processing file /opt/airflow/dags/etl_data_pipeline.py for tasks to queue
[2024-12-31T00:00:17.049+0000] {logging_mixin.py:190} INFO - [2024-12-31T00:00:17.048+0000] {dagbag.py:588} INFO - Filling up the DagBag from /opt/airflow/dags/etl_data_pipeline.py
[2024-12-31T00:00:17.371+0000] {processor.py:925} INFO - DAG(s) 'etl_data_pipeline' retrieved from /opt/airflow/dags/etl_data_pipeline.py
[2024-12-31T00:00:17.393+0000] {logging_mixin.py:190} INFO - [2024-12-31T00:00:17.392+0000] {dag.py:3239} INFO - Sync 1 DAGs
[2024-12-31T00:00:17.411+0000] {logging_mixin.py:190} INFO - [2024-12-31T00:00:17.411+0000] {dag.py:4180} INFO - Setting next_dagrun for etl_data_pipeline to 2024-12-30 00:00:00+00:00, run_after=2024-12-31 00:00:00+00:00
[2024-12-31T00:00:17.425+0000] {processor.py:208} INFO - Processing /opt/airflow/dags/etl_data_pipeline.py took 0.389 seconds
[2024-12-31T00:00:47.565+0000] {processor.py:186} INFO - Started process (PID=1245) to work on /opt/airflow/dags/etl_data_pipeline.py
[2024-12-31T00:00:47.566+0000] {processor.py:914} INFO - Processing file /opt/airflow/dags/etl_data_pipeline.py for tasks to queue
[2024-12-31T00:00:47.567+0000] {logging_mixin.py:190} INFO - [2024-12-31T00:00:47.567+0000] {dagbag.py:588} INFO - Filling up the DagBag from /opt/airflow/dags/etl_data_pipeline.py
[2024-12-31T00:00:47.836+0000] {processor.py:925} INFO - DAG(s) 'etl_data_pipeline' retrieved from /opt/airflow/dags/etl_data_pipeline.py
[2024-12-31T00:00:47.858+0000] {logging_mixin.py:190} INFO - [2024-12-31T00:00:47.858+0000] {dag.py:3239} INFO - Sync 1 DAGs
[2024-12-31T00:00:47.880+0000] {logging_mixin.py:190} INFO - [2024-12-31T00:00:47.880+0000] {dag.py:4180} INFO - Setting next_dagrun for etl_data_pipeline to 2024-12-30 00:00:00+00:00, run_after=2024-12-31 00:00:00+00:00
[2024-12-31T00:00:47.895+0000] {processor.py:208} INFO - Processing /opt/airflow/dags/etl_data_pipeline.py took 0.335 seconds
[2024-12-31T00:01:18.210+0000] {processor.py:186} INFO - Started process (PID=1260) to work on /opt/airflow/dags/etl_data_pipeline.py
[2024-12-31T00:01:18.211+0000] {processor.py:914} INFO - Processing file /opt/airflow/dags/etl_data_pipeline.py for tasks to queue
[2024-12-31T00:01:18.214+0000] {logging_mixin.py:190} INFO - [2024-12-31T00:01:18.214+0000] {dagbag.py:588} INFO - Filling up the DagBag from /opt/airflow/dags/etl_data_pipeline.py
[2024-12-31T00:01:18.656+0000] {processor.py:925} INFO - DAG(s) 'etl_data_pipeline' retrieved from /opt/airflow/dags/etl_data_pipeline.py
[2024-12-31T00:01:18.681+0000] {logging_mixin.py:190} INFO - [2024-12-31T00:01:18.680+0000] {dag.py:3239} INFO - Sync 1 DAGs
[2024-12-31T00:01:18.701+0000] {logging_mixin.py:190} INFO - [2024-12-31T00:01:18.701+0000] {dag.py:4180} INFO - Setting next_dagrun for etl_data_pipeline to 2024-12-30 00:00:00+00:00, run_after=2024-12-31 00:00:00+00:00
[2024-12-31T00:01:18.718+0000] {processor.py:208} INFO - Processing /opt/airflow/dags/etl_data_pipeline.py took 0.525 seconds
[2024-12-31T00:01:49.284+0000] {processor.py:186} INFO - Started process (PID=1273) to work on /opt/airflow/dags/etl_data_pipeline.py
[2024-12-31T00:01:49.285+0000] {processor.py:914} INFO - Processing file /opt/airflow/dags/etl_data_pipeline.py for tasks to queue
[2024-12-31T00:01:49.287+0000] {logging_mixin.py:190} INFO - [2024-12-31T00:01:49.286+0000] {dagbag.py:588} INFO - Filling up the DagBag from /opt/airflow/dags/etl_data_pipeline.py
[2024-12-31T00:01:49.619+0000] {processor.py:925} INFO - DAG(s) 'etl_data_pipeline' retrieved from /opt/airflow/dags/etl_data_pipeline.py
[2024-12-31T00:01:49.642+0000] {logging_mixin.py:190} INFO - [2024-12-31T00:01:49.641+0000] {dag.py:3239} INFO - Sync 1 DAGs
[2024-12-31T00:01:49.659+0000] {logging_mixin.py:190} INFO - [2024-12-31T00:01:49.659+0000] {dag.py:4180} INFO - Setting next_dagrun for etl_data_pipeline to 2024-12-30 00:00:00+00:00, run_after=2024-12-31 00:00:00+00:00
[2024-12-31T00:01:49.674+0000] {processor.py:208} INFO - Processing /opt/airflow/dags/etl_data_pipeline.py took 0.397 seconds
[2024-12-31T00:02:20.555+0000] {processor.py:186} INFO - Started process (PID=1286) to work on /opt/airflow/dags/etl_data_pipeline.py
[2024-12-31T00:02:20.556+0000] {processor.py:914} INFO - Processing file /opt/airflow/dags/etl_data_pipeline.py for tasks to queue
[2024-12-31T00:02:20.558+0000] {logging_mixin.py:190} INFO - [2024-12-31T00:02:20.558+0000] {dagbag.py:588} INFO - Filling up the DagBag from /opt/airflow/dags/etl_data_pipeline.py
[2024-12-31T00:02:20.868+0000] {processor.py:925} INFO - DAG(s) 'etl_data_pipeline' retrieved from /opt/airflow/dags/etl_data_pipeline.py
[2024-12-31T00:02:20.892+0000] {logging_mixin.py:190} INFO - [2024-12-31T00:02:20.892+0000] {dag.py:3239} INFO - Sync 1 DAGs
[2024-12-31T00:02:20.912+0000] {logging_mixin.py:190} INFO - [2024-12-31T00:02:20.912+0000] {dag.py:4180} INFO - Setting next_dagrun for etl_data_pipeline to 2024-12-30 00:00:00+00:00, run_after=2024-12-31 00:00:00+00:00
[2024-12-31T00:02:20.927+0000] {processor.py:208} INFO - Processing /opt/airflow/dags/etl_data_pipeline.py took 0.379 seconds
[2024-12-31T00:02:51.502+0000] {processor.py:186} INFO - Started process (PID=1299) to work on /opt/airflow/dags/etl_data_pipeline.py
[2024-12-31T00:02:51.503+0000] {processor.py:914} INFO - Processing file /opt/airflow/dags/etl_data_pipeline.py for tasks to queue
[2024-12-31T00:02:51.504+0000] {logging_mixin.py:190} INFO - [2024-12-31T00:02:51.504+0000] {dagbag.py:588} INFO - Filling up the DagBag from /opt/airflow/dags/etl_data_pipeline.py
[2024-12-31T00:02:51.781+0000] {processor.py:925} INFO - DAG(s) 'etl_data_pipeline' retrieved from /opt/airflow/dags/etl_data_pipeline.py
[2024-12-31T00:02:51.803+0000] {logging_mixin.py:190} INFO - [2024-12-31T00:02:51.803+0000] {dag.py:3239} INFO - Sync 1 DAGs
[2024-12-31T00:02:51.822+0000] {logging_mixin.py:190} INFO - [2024-12-31T00:02:51.822+0000] {dag.py:4180} INFO - Setting next_dagrun for etl_data_pipeline to 2024-12-30 00:00:00+00:00, run_after=2024-12-31 00:00:00+00:00
[2024-12-31T00:02:51.837+0000] {processor.py:208} INFO - Processing /opt/airflow/dags/etl_data_pipeline.py took 0.341 seconds
[2024-12-31T00:03:22.105+0000] {processor.py:186} INFO - Started process (PID=1316) to work on /opt/airflow/dags/etl_data_pipeline.py
[2024-12-31T00:03:22.106+0000] {processor.py:914} INFO - Processing file /opt/airflow/dags/etl_data_pipeline.py for tasks to queue
[2024-12-31T00:03:22.108+0000] {logging_mixin.py:190} INFO - [2024-12-31T00:03:22.107+0000] {dagbag.py:588} INFO - Filling up the DagBag from /opt/airflow/dags/etl_data_pipeline.py
[2024-12-31T00:03:22.430+0000] {processor.py:925} INFO - DAG(s) 'etl_data_pipeline' retrieved from /opt/airflow/dags/etl_data_pipeline.py
[2024-12-31T00:03:22.474+0000] {logging_mixin.py:190} INFO - [2024-12-31T00:03:22.474+0000] {dag.py:3239} INFO - Sync 1 DAGs
[2024-12-31T00:03:22.528+0000] {logging_mixin.py:190} INFO - [2024-12-31T00:03:22.526+0000] {dag.py:4180} INFO - Setting next_dagrun for etl_data_pipeline to 2024-12-30 00:00:00+00:00, run_after=2024-12-31 00:00:00+00:00
[2024-12-31T00:03:22.569+0000] {processor.py:208} INFO - Processing /opt/airflow/dags/etl_data_pipeline.py took 0.469 seconds
[2024-12-31T00:03:53.312+0000] {processor.py:186} INFO - Started process (PID=1329) to work on /opt/airflow/dags/etl_data_pipeline.py
[2024-12-31T00:03:53.315+0000] {processor.py:914} INFO - Processing file /opt/airflow/dags/etl_data_pipeline.py for tasks to queue
[2024-12-31T00:03:53.321+0000] {logging_mixin.py:190} INFO - [2024-12-31T00:03:53.321+0000] {dagbag.py:588} INFO - Filling up the DagBag from /opt/airflow/dags/etl_data_pipeline.py
[2024-12-31T00:03:53.761+0000] {processor.py:925} INFO - DAG(s) 'etl_data_pipeline' retrieved from /opt/airflow/dags/etl_data_pipeline.py
[2024-12-31T00:03:53.808+0000] {logging_mixin.py:190} INFO - [2024-12-31T00:03:53.807+0000] {dag.py:3239} INFO - Sync 1 DAGs
[2024-12-31T00:03:53.836+0000] {logging_mixin.py:190} INFO - [2024-12-31T00:03:53.835+0000] {dag.py:4180} INFO - Setting next_dagrun for etl_data_pipeline to 2024-12-30 00:00:00+00:00, run_after=2024-12-31 00:00:00+00:00
[2024-12-31T00:03:53.853+0000] {processor.py:208} INFO - Processing /opt/airflow/dags/etl_data_pipeline.py took 0.558 seconds
[2024-12-31T00:04:24.376+0000] {processor.py:186} INFO - Started process (PID=1342) to work on /opt/airflow/dags/etl_data_pipeline.py
[2024-12-31T00:04:24.377+0000] {processor.py:914} INFO - Processing file /opt/airflow/dags/etl_data_pipeline.py for tasks to queue
[2024-12-31T00:04:24.379+0000] {logging_mixin.py:190} INFO - [2024-12-31T00:04:24.378+0000] {dagbag.py:588} INFO - Filling up the DagBag from /opt/airflow/dags/etl_data_pipeline.py
[2024-12-31T00:04:24.757+0000] {processor.py:925} INFO - DAG(s) 'etl_data_pipeline' retrieved from /opt/airflow/dags/etl_data_pipeline.py
[2024-12-31T00:04:24.782+0000] {logging_mixin.py:190} INFO - [2024-12-31T00:04:24.782+0000] {dag.py:3239} INFO - Sync 1 DAGs
[2024-12-31T00:04:24.804+0000] {logging_mixin.py:190} INFO - [2024-12-31T00:04:24.803+0000] {dag.py:4180} INFO - Setting next_dagrun for etl_data_pipeline to 2024-12-30 00:00:00+00:00, run_after=2024-12-31 00:00:00+00:00
[2024-12-31T00:04:24.825+0000] {processor.py:208} INFO - Processing /opt/airflow/dags/etl_data_pipeline.py took 0.454 seconds
[2024-12-31T00:04:55.658+0000] {processor.py:186} INFO - Started process (PID=1359) to work on /opt/airflow/dags/etl_data_pipeline.py
[2024-12-31T00:04:55.659+0000] {processor.py:914} INFO - Processing file /opt/airflow/dags/etl_data_pipeline.py for tasks to queue
[2024-12-31T00:04:55.661+0000] {logging_mixin.py:190} INFO - [2024-12-31T00:04:55.660+0000] {dagbag.py:588} INFO - Filling up the DagBag from /opt/airflow/dags/etl_data_pipeline.py
[2024-12-31T00:04:55.930+0000] {processor.py:925} INFO - DAG(s) 'etl_data_pipeline' retrieved from /opt/airflow/dags/etl_data_pipeline.py
[2024-12-31T00:04:55.953+0000] {logging_mixin.py:190} INFO - [2024-12-31T00:04:55.952+0000] {dag.py:3239} INFO - Sync 1 DAGs
[2024-12-31T00:04:55.973+0000] {logging_mixin.py:190} INFO - [2024-12-31T00:04:55.973+0000] {dag.py:4180} INFO - Setting next_dagrun for etl_data_pipeline to 2024-12-30 00:00:00+00:00, run_after=2024-12-31 00:00:00+00:00
[2024-12-31T00:04:55.989+0000] {processor.py:208} INFO - Processing /opt/airflow/dags/etl_data_pipeline.py took 0.336 seconds
[2024-12-31T00:05:26.643+0000] {processor.py:186} INFO - Started process (PID=1372) to work on /opt/airflow/dags/etl_data_pipeline.py
[2024-12-31T00:05:26.644+0000] {processor.py:914} INFO - Processing file /opt/airflow/dags/etl_data_pipeline.py for tasks to queue
[2024-12-31T00:05:26.645+0000] {logging_mixin.py:190} INFO - [2024-12-31T00:05:26.645+0000] {dagbag.py:588} INFO - Filling up the DagBag from /opt/airflow/dags/etl_data_pipeline.py
[2024-12-31T00:05:26.910+0000] {processor.py:925} INFO - DAG(s) 'etl_data_pipeline' retrieved from /opt/airflow/dags/etl_data_pipeline.py
[2024-12-31T00:05:26.934+0000] {logging_mixin.py:190} INFO - [2024-12-31T00:05:26.934+0000] {dag.py:3239} INFO - Sync 1 DAGs
[2024-12-31T00:05:26.953+0000] {logging_mixin.py:190} INFO - [2024-12-31T00:05:26.953+0000] {dag.py:4180} INFO - Setting next_dagrun for etl_data_pipeline to 2024-12-30 00:00:00+00:00, run_after=2024-12-31 00:00:00+00:00
[2024-12-31T00:05:26.971+0000] {processor.py:208} INFO - Processing /opt/airflow/dags/etl_data_pipeline.py took 0.334 seconds
[2024-12-31T00:05:57.255+0000] {processor.py:186} INFO - Started process (PID=1385) to work on /opt/airflow/dags/etl_data_pipeline.py
[2024-12-31T00:05:57.257+0000] {processor.py:914} INFO - Processing file /opt/airflow/dags/etl_data_pipeline.py for tasks to queue
[2024-12-31T00:05:57.259+0000] {logging_mixin.py:190} INFO - [2024-12-31T00:05:57.259+0000] {dagbag.py:588} INFO - Filling up the DagBag from /opt/airflow/dags/etl_data_pipeline.py
[2024-12-31T00:05:57.526+0000] {processor.py:925} INFO - DAG(s) 'etl_data_pipeline' retrieved from /opt/airflow/dags/etl_data_pipeline.py
[2024-12-31T00:05:57.551+0000] {logging_mixin.py:190} INFO - [2024-12-31T00:05:57.551+0000] {dag.py:3239} INFO - Sync 1 DAGs
[2024-12-31T00:05:57.571+0000] {logging_mixin.py:190} INFO - [2024-12-31T00:05:57.570+0000] {dag.py:4180} INFO - Setting next_dagrun for etl_data_pipeline to 2024-12-30 00:00:00+00:00, run_after=2024-12-31 00:00:00+00:00
[2024-12-31T00:05:57.588+0000] {processor.py:208} INFO - Processing /opt/airflow/dags/etl_data_pipeline.py took 0.339 seconds
[2024-12-31T00:06:27.749+0000] {processor.py:186} INFO - Started process (PID=1398) to work on /opt/airflow/dags/etl_data_pipeline.py
[2024-12-31T00:06:27.750+0000] {processor.py:914} INFO - Processing file /opt/airflow/dags/etl_data_pipeline.py for tasks to queue
[2024-12-31T00:06:27.752+0000] {logging_mixin.py:190} INFO - [2024-12-31T00:06:27.751+0000] {dagbag.py:588} INFO - Filling up the DagBag from /opt/airflow/dags/etl_data_pipeline.py
[2024-12-31T00:06:28.015+0000] {processor.py:925} INFO - DAG(s) 'etl_data_pipeline' retrieved from /opt/airflow/dags/etl_data_pipeline.py
[2024-12-31T00:06:28.037+0000] {logging_mixin.py:190} INFO - [2024-12-31T00:06:28.037+0000] {dag.py:3239} INFO - Sync 1 DAGs
[2024-12-31T00:06:28.054+0000] {logging_mixin.py:190} INFO - [2024-12-31T00:06:28.054+0000] {dag.py:4180} INFO - Setting next_dagrun for etl_data_pipeline to 2024-12-30 00:00:00+00:00, run_after=2024-12-31 00:00:00+00:00
[2024-12-31T00:06:28.069+0000] {processor.py:208} INFO - Processing /opt/airflow/dags/etl_data_pipeline.py took 0.325 seconds
[2024-12-31T00:06:58.612+0000] {processor.py:186} INFO - Started process (PID=1411) to work on /opt/airflow/dags/etl_data_pipeline.py
[2024-12-31T00:06:58.613+0000] {processor.py:914} INFO - Processing file /opt/airflow/dags/etl_data_pipeline.py for tasks to queue
[2024-12-31T00:06:58.616+0000] {logging_mixin.py:190} INFO - [2024-12-31T00:06:58.616+0000] {dagbag.py:588} INFO - Filling up the DagBag from /opt/airflow/dags/etl_data_pipeline.py
[2024-12-31T00:06:58.914+0000] {processor.py:925} INFO - DAG(s) 'etl_data_pipeline' retrieved from /opt/airflow/dags/etl_data_pipeline.py
[2024-12-31T00:06:58.936+0000] {logging_mixin.py:190} INFO - [2024-12-31T00:06:58.935+0000] {dag.py:3239} INFO - Sync 1 DAGs
[2024-12-31T00:06:58.955+0000] {logging_mixin.py:190} INFO - [2024-12-31T00:06:58.955+0000] {dag.py:4180} INFO - Setting next_dagrun for etl_data_pipeline to 2024-12-30 00:00:00+00:00, run_after=2024-12-31 00:00:00+00:00
[2024-12-31T00:06:58.971+0000] {processor.py:208} INFO - Processing /opt/airflow/dags/etl_data_pipeline.py took 0.364 seconds
[2024-12-31T00:07:29.568+0000] {processor.py:186} INFO - Started process (PID=1424) to work on /opt/airflow/dags/etl_data_pipeline.py
[2024-12-31T00:07:29.569+0000] {processor.py:914} INFO - Processing file /opt/airflow/dags/etl_data_pipeline.py for tasks to queue
[2024-12-31T00:07:29.572+0000] {logging_mixin.py:190} INFO - [2024-12-31T00:07:29.572+0000] {dagbag.py:588} INFO - Filling up the DagBag from /opt/airflow/dags/etl_data_pipeline.py
[2024-12-31T00:07:29.876+0000] {processor.py:925} INFO - DAG(s) 'etl_data_pipeline' retrieved from /opt/airflow/dags/etl_data_pipeline.py
[2024-12-31T00:07:29.905+0000] {logging_mixin.py:190} INFO - [2024-12-31T00:07:29.904+0000] {dag.py:3239} INFO - Sync 1 DAGs
[2024-12-31T00:07:29.928+0000] {logging_mixin.py:190} INFO - [2024-12-31T00:07:29.928+0000] {dag.py:4180} INFO - Setting next_dagrun for etl_data_pipeline to 2024-12-30 00:00:00+00:00, run_after=2024-12-31 00:00:00+00:00
[2024-12-31T00:07:29.949+0000] {processor.py:208} INFO - Processing /opt/airflow/dags/etl_data_pipeline.py took 0.388 seconds
[2024-12-31T00:08:00.351+0000] {processor.py:186} INFO - Started process (PID=1439) to work on /opt/airflow/dags/etl_data_pipeline.py
[2024-12-31T00:08:00.352+0000] {processor.py:914} INFO - Processing file /opt/airflow/dags/etl_data_pipeline.py for tasks to queue
[2024-12-31T00:08:00.356+0000] {logging_mixin.py:190} INFO - [2024-12-31T00:08:00.355+0000] {dagbag.py:588} INFO - Filling up the DagBag from /opt/airflow/dags/etl_data_pipeline.py
[2024-12-31T00:08:00.835+0000] {processor.py:925} INFO - DAG(s) 'etl_data_pipeline' retrieved from /opt/airflow/dags/etl_data_pipeline.py
[2024-12-31T00:08:00.864+0000] {logging_mixin.py:190} INFO - [2024-12-31T00:08:00.863+0000] {dag.py:3239} INFO - Sync 1 DAGs
[2024-12-31T00:08:00.888+0000] {logging_mixin.py:190} INFO - [2024-12-31T00:08:00.887+0000] {dag.py:4180} INFO - Setting next_dagrun for etl_data_pipeline to 2024-12-30 00:00:00+00:00, run_after=2024-12-31 00:00:00+00:00
[2024-12-31T00:08:00.906+0000] {processor.py:208} INFO - Processing /opt/airflow/dags/etl_data_pipeline.py took 0.574 seconds
[2024-12-31T00:08:31.627+0000] {processor.py:186} INFO - Started process (PID=1452) to work on /opt/airflow/dags/etl_data_pipeline.py
[2024-12-31T00:08:31.629+0000] {processor.py:914} INFO - Processing file /opt/airflow/dags/etl_data_pipeline.py for tasks to queue
[2024-12-31T00:08:31.632+0000] {logging_mixin.py:190} INFO - [2024-12-31T00:08:31.631+0000] {dagbag.py:588} INFO - Filling up the DagBag from /opt/airflow/dags/etl_data_pipeline.py
[2024-12-31T00:08:32.038+0000] {processor.py:925} INFO - DAG(s) 'etl_data_pipeline' retrieved from /opt/airflow/dags/etl_data_pipeline.py
[2024-12-31T00:08:32.064+0000] {logging_mixin.py:190} INFO - [2024-12-31T00:08:32.064+0000] {dag.py:3239} INFO - Sync 1 DAGs
[2024-12-31T00:08:32.084+0000] {logging_mixin.py:190} INFO - [2024-12-31T00:08:32.084+0000] {dag.py:4180} INFO - Setting next_dagrun for etl_data_pipeline to 2024-12-30 00:00:00+00:00, run_after=2024-12-31 00:00:00+00:00
[2024-12-31T00:08:32.104+0000] {processor.py:208} INFO - Processing /opt/airflow/dags/etl_data_pipeline.py took 0.492 seconds
[2024-12-31T00:09:02.302+0000] {processor.py:186} INFO - Started process (PID=1465) to work on /opt/airflow/dags/etl_data_pipeline.py
[2024-12-31T00:09:02.303+0000] {processor.py:914} INFO - Processing file /opt/airflow/dags/etl_data_pipeline.py for tasks to queue
[2024-12-31T00:09:02.305+0000] {logging_mixin.py:190} INFO - [2024-12-31T00:09:02.304+0000] {dagbag.py:588} INFO - Filling up the DagBag from /opt/airflow/dags/etl_data_pipeline.py
[2024-12-31T00:09:02.562+0000] {processor.py:925} INFO - DAG(s) 'etl_data_pipeline' retrieved from /opt/airflow/dags/etl_data_pipeline.py
[2024-12-31T00:09:02.585+0000] {logging_mixin.py:190} INFO - [2024-12-31T00:09:02.585+0000] {dag.py:3239} INFO - Sync 1 DAGs
[2024-12-31T00:09:02.605+0000] {logging_mixin.py:190} INFO - [2024-12-31T00:09:02.605+0000] {dag.py:4180} INFO - Setting next_dagrun for etl_data_pipeline to 2024-12-30 00:00:00+00:00, run_after=2024-12-31 00:00:00+00:00
[2024-12-31T00:09:02.621+0000] {processor.py:208} INFO - Processing /opt/airflow/dags/etl_data_pipeline.py took 0.324 seconds
[2024-12-31T00:09:32.759+0000] {processor.py:186} INFO - Started process (PID=1479) to work on /opt/airflow/dags/etl_data_pipeline.py
[2024-12-31T00:09:32.760+0000] {processor.py:914} INFO - Processing file /opt/airflow/dags/etl_data_pipeline.py for tasks to queue
[2024-12-31T00:09:32.761+0000] {logging_mixin.py:190} INFO - [2024-12-31T00:09:32.761+0000] {dagbag.py:588} INFO - Filling up the DagBag from /opt/airflow/dags/etl_data_pipeline.py
[2024-12-31T00:09:33.064+0000] {processor.py:925} INFO - DAG(s) 'etl_data_pipeline' retrieved from /opt/airflow/dags/etl_data_pipeline.py
[2024-12-31T00:09:33.091+0000] {logging_mixin.py:190} INFO - [2024-12-31T00:09:33.091+0000] {dag.py:3239} INFO - Sync 1 DAGs
[2024-12-31T00:09:33.112+0000] {logging_mixin.py:190} INFO - [2024-12-31T00:09:33.111+0000] {dag.py:4180} INFO - Setting next_dagrun for etl_data_pipeline to 2024-12-30 00:00:00+00:00, run_after=2024-12-31 00:00:00+00:00
[2024-12-31T00:09:33.128+0000] {processor.py:208} INFO - Processing /opt/airflow/dags/etl_data_pipeline.py took 0.375 seconds
[2024-12-31T00:10:03.541+0000] {processor.py:186} INFO - Started process (PID=1492) to work on /opt/airflow/dags/etl_data_pipeline.py
[2024-12-31T00:10:03.542+0000] {processor.py:914} INFO - Processing file /opt/airflow/dags/etl_data_pipeline.py for tasks to queue
[2024-12-31T00:10:03.543+0000] {logging_mixin.py:190} INFO - [2024-12-31T00:10:03.543+0000] {dagbag.py:588} INFO - Filling up the DagBag from /opt/airflow/dags/etl_data_pipeline.py
[2024-12-31T00:10:03.833+0000] {processor.py:925} INFO - DAG(s) 'etl_data_pipeline' retrieved from /opt/airflow/dags/etl_data_pipeline.py
[2024-12-31T00:10:03.861+0000] {logging_mixin.py:190} INFO - [2024-12-31T00:10:03.860+0000] {dag.py:3239} INFO - Sync 1 DAGs
[2024-12-31T00:10:03.879+0000] {logging_mixin.py:190} INFO - [2024-12-31T00:10:03.879+0000] {dag.py:4180} INFO - Setting next_dagrun for etl_data_pipeline to 2024-12-30 00:00:00+00:00, run_after=2024-12-31 00:00:00+00:00
[2024-12-31T00:10:03.895+0000] {processor.py:208} INFO - Processing /opt/airflow/dags/etl_data_pipeline.py took 0.360 seconds
[2024-12-31T00:10:34.024+0000] {processor.py:186} INFO - Started process (PID=1509) to work on /opt/airflow/dags/etl_data_pipeline.py
[2024-12-31T00:10:34.025+0000] {processor.py:914} INFO - Processing file /opt/airflow/dags/etl_data_pipeline.py for tasks to queue
[2024-12-31T00:10:34.026+0000] {logging_mixin.py:190} INFO - [2024-12-31T00:10:34.026+0000] {dagbag.py:588} INFO - Filling up the DagBag from /opt/airflow/dags/etl_data_pipeline.py
[2024-12-31T00:10:34.294+0000] {processor.py:925} INFO - DAG(s) 'etl_data_pipeline' retrieved from /opt/airflow/dags/etl_data_pipeline.py
[2024-12-31T00:10:34.317+0000] {logging_mixin.py:190} INFO - [2024-12-31T00:10:34.317+0000] {dag.py:3239} INFO - Sync 1 DAGs
[2024-12-31T00:10:34.336+0000] {logging_mixin.py:190} INFO - [2024-12-31T00:10:34.336+0000] {dag.py:4180} INFO - Setting next_dagrun for etl_data_pipeline to 2024-12-30 00:00:00+00:00, run_after=2024-12-31 00:00:00+00:00
[2024-12-31T00:10:34.354+0000] {processor.py:208} INFO - Processing /opt/airflow/dags/etl_data_pipeline.py took 0.336 seconds
[2024-12-31T00:11:04.978+0000] {processor.py:186} INFO - Started process (PID=1522) to work on /opt/airflow/dags/etl_data_pipeline.py
[2024-12-31T00:11:04.979+0000] {processor.py:914} INFO - Processing file /opt/airflow/dags/etl_data_pipeline.py for tasks to queue
[2024-12-31T00:11:04.981+0000] {logging_mixin.py:190} INFO - [2024-12-31T00:11:04.981+0000] {dagbag.py:588} INFO - Filling up the DagBag from /opt/airflow/dags/etl_data_pipeline.py
[2024-12-31T00:11:05.248+0000] {processor.py:925} INFO - DAG(s) 'etl_data_pipeline' retrieved from /opt/airflow/dags/etl_data_pipeline.py
[2024-12-31T00:11:05.270+0000] {logging_mixin.py:190} INFO - [2024-12-31T00:11:05.270+0000] {dag.py:3239} INFO - Sync 1 DAGs
[2024-12-31T00:11:05.290+0000] {logging_mixin.py:190} INFO - [2024-12-31T00:11:05.290+0000] {dag.py:4180} INFO - Setting next_dagrun for etl_data_pipeline to 2024-12-30 00:00:00+00:00, run_after=2024-12-31 00:00:00+00:00
[2024-12-31T00:11:05.307+0000] {processor.py:208} INFO - Processing /opt/airflow/dags/etl_data_pipeline.py took 0.334 seconds
[2024-12-31T00:11:35.484+0000] {processor.py:186} INFO - Started process (PID=1535) to work on /opt/airflow/dags/etl_data_pipeline.py
[2024-12-31T00:11:35.485+0000] {processor.py:914} INFO - Processing file /opt/airflow/dags/etl_data_pipeline.py for tasks to queue
[2024-12-31T00:11:35.487+0000] {logging_mixin.py:190} INFO - [2024-12-31T00:11:35.487+0000] {dagbag.py:588} INFO - Filling up the DagBag from /opt/airflow/dags/etl_data_pipeline.py
[2024-12-31T00:11:35.750+0000] {processor.py:925} INFO - DAG(s) 'etl_data_pipeline' retrieved from /opt/airflow/dags/etl_data_pipeline.py
[2024-12-31T00:11:35.778+0000] {logging_mixin.py:190} INFO - [2024-12-31T00:11:35.778+0000] {dag.py:3239} INFO - Sync 1 DAGs
[2024-12-31T00:11:35.800+0000] {logging_mixin.py:190} INFO - [2024-12-31T00:11:35.799+0000] {dag.py:4180} INFO - Setting next_dagrun for etl_data_pipeline to 2024-12-30 00:00:00+00:00, run_after=2024-12-31 00:00:00+00:00
[2024-12-31T00:11:35.817+0000] {processor.py:208} INFO - Processing /opt/airflow/dags/etl_data_pipeline.py took 0.339 seconds
[2024-12-31T00:12:06.269+0000] {processor.py:186} INFO - Started process (PID=1548) to work on /opt/airflow/dags/etl_data_pipeline.py
[2024-12-31T00:12:06.273+0000] {processor.py:914} INFO - Processing file /opt/airflow/dags/etl_data_pipeline.py for tasks to queue
[2024-12-31T00:12:06.277+0000] {logging_mixin.py:190} INFO - [2024-12-31T00:12:06.276+0000] {dagbag.py:588} INFO - Filling up the DagBag from /opt/airflow/dags/etl_data_pipeline.py
[2024-12-31T00:12:06.932+0000] {processor.py:925} INFO - DAG(s) 'etl_data_pipeline' retrieved from /opt/airflow/dags/etl_data_pipeline.py
[2024-12-31T00:12:06.988+0000] {logging_mixin.py:190} INFO - [2024-12-31T00:12:06.985+0000] {dag.py:3239} INFO - Sync 1 DAGs
[2024-12-31T00:12:07.044+0000] {logging_mixin.py:190} INFO - [2024-12-31T00:12:07.043+0000] {dag.py:4180} INFO - Setting next_dagrun for etl_data_pipeline to 2024-12-30 00:00:00+00:00, run_after=2024-12-31 00:00:00+00:00
[2024-12-31T00:12:07.087+0000] {processor.py:208} INFO - Processing /opt/airflow/dags/etl_data_pipeline.py took 0.836 seconds
[2024-12-31T00:12:37.367+0000] {processor.py:186} INFO - Started process (PID=1561) to work on /opt/airflow/dags/etl_data_pipeline.py
[2024-12-31T00:12:37.372+0000] {processor.py:914} INFO - Processing file /opt/airflow/dags/etl_data_pipeline.py for tasks to queue
[2024-12-31T00:12:37.376+0000] {logging_mixin.py:190} INFO - [2024-12-31T00:12:37.376+0000] {dagbag.py:588} INFO - Filling up the DagBag from /opt/airflow/dags/etl_data_pipeline.py
[2024-12-31T00:12:37.819+0000] {processor.py:925} INFO - DAG(s) 'etl_data_pipeline' retrieved from /opt/airflow/dags/etl_data_pipeline.py
[2024-12-31T00:12:37.875+0000] {logging_mixin.py:190} INFO - [2024-12-31T00:12:37.874+0000] {dag.py:3239} INFO - Sync 1 DAGs
[2024-12-31T00:12:37.917+0000] {logging_mixin.py:190} INFO - [2024-12-31T00:12:37.917+0000] {dag.py:4180} INFO - Setting next_dagrun for etl_data_pipeline to 2024-12-30 00:00:00+00:00, run_after=2024-12-31 00:00:00+00:00
[2024-12-31T00:12:37.974+0000] {processor.py:208} INFO - Processing /opt/airflow/dags/etl_data_pipeline.py took 0.612 seconds
[2024-12-31T00:13:08.771+0000] {processor.py:186} INFO - Started process (PID=1574) to work on /opt/airflow/dags/etl_data_pipeline.py
[2024-12-31T00:13:08.772+0000] {processor.py:914} INFO - Processing file /opt/airflow/dags/etl_data_pipeline.py for tasks to queue
[2024-12-31T00:13:08.774+0000] {logging_mixin.py:190} INFO - [2024-12-31T00:13:08.774+0000] {dagbag.py:588} INFO - Filling up the DagBag from /opt/airflow/dags/etl_data_pipeline.py
[2024-12-31T00:13:09.046+0000] {processor.py:925} INFO - DAG(s) 'etl_data_pipeline' retrieved from /opt/airflow/dags/etl_data_pipeline.py
[2024-12-31T00:13:09.071+0000] {logging_mixin.py:190} INFO - [2024-12-31T00:13:09.070+0000] {dag.py:3239} INFO - Sync 1 DAGs
[2024-12-31T00:13:09.092+0000] {logging_mixin.py:190} INFO - [2024-12-31T00:13:09.092+0000] {dag.py:4180} INFO - Setting next_dagrun for etl_data_pipeline to 2024-12-30 00:00:00+00:00, run_after=2024-12-31 00:00:00+00:00
[2024-12-31T00:13:09.110+0000] {processor.py:208} INFO - Processing /opt/airflow/dags/etl_data_pipeline.py took 0.344 seconds
[2024-12-31T00:13:39.327+0000] {processor.py:186} INFO - Started process (PID=1588) to work on /opt/airflow/dags/etl_data_pipeline.py
[2024-12-31T00:13:39.331+0000] {processor.py:914} INFO - Processing file /opt/airflow/dags/etl_data_pipeline.py for tasks to queue
[2024-12-31T00:13:39.335+0000] {logging_mixin.py:190} INFO - [2024-12-31T00:13:39.335+0000] {dagbag.py:588} INFO - Filling up the DagBag from /opt/airflow/dags/etl_data_pipeline.py
[2024-12-31T00:13:39.813+0000] {processor.py:925} INFO - DAG(s) 'etl_data_pipeline' retrieved from /opt/airflow/dags/etl_data_pipeline.py
[2024-12-31T00:13:39.844+0000] {logging_mixin.py:190} INFO - [2024-12-31T00:13:39.843+0000] {dag.py:3239} INFO - Sync 1 DAGs
[2024-12-31T00:13:39.872+0000] {logging_mixin.py:190} INFO - [2024-12-31T00:13:39.871+0000] {dag.py:4180} INFO - Setting next_dagrun for etl_data_pipeline to 2024-12-30 00:00:00+00:00, run_after=2024-12-31 00:00:00+00:00
[2024-12-31T00:13:39.896+0000] {processor.py:208} INFO - Processing /opt/airflow/dags/etl_data_pipeline.py took 0.581 seconds
[2024-12-31T00:14:10.044+0000] {processor.py:186} INFO - Started process (PID=1600) to work on /opt/airflow/dags/etl_data_pipeline.py
[2024-12-31T00:14:10.047+0000] {processor.py:914} INFO - Processing file /opt/airflow/dags/etl_data_pipeline.py for tasks to queue
[2024-12-31T00:14:10.050+0000] {logging_mixin.py:190} INFO - [2024-12-31T00:14:10.049+0000] {dagbag.py:588} INFO - Filling up the DagBag from /opt/airflow/dags/etl_data_pipeline.py
[2024-12-31T00:14:10.377+0000] {processor.py:925} INFO - DAG(s) 'etl_data_pipeline' retrieved from /opt/airflow/dags/etl_data_pipeline.py
[2024-12-31T00:14:10.413+0000] {logging_mixin.py:190} INFO - [2024-12-31T00:14:10.413+0000] {dag.py:3239} INFO - Sync 1 DAGs
[2024-12-31T00:14:10.443+0000] {logging_mixin.py:190} INFO - [2024-12-31T00:14:10.443+0000] {dag.py:4180} INFO - Setting next_dagrun for etl_data_pipeline to 2024-12-30 00:00:00+00:00, run_after=2024-12-31 00:00:00+00:00
[2024-12-31T00:14:10.464+0000] {processor.py:208} INFO - Processing /opt/airflow/dags/etl_data_pipeline.py took 0.427 seconds
[2024-12-31T00:14:40.880+0000] {processor.py:186} INFO - Started process (PID=1612) to work on /opt/airflow/dags/etl_data_pipeline.py
[2024-12-31T00:14:40.880+0000] {processor.py:914} INFO - Processing file /opt/airflow/dags/etl_data_pipeline.py for tasks to queue
[2024-12-31T00:14:40.882+0000] {logging_mixin.py:190} INFO - [2024-12-31T00:14:40.882+0000] {dagbag.py:588} INFO - Filling up the DagBag from /opt/airflow/dags/etl_data_pipeline.py
[2024-12-31T00:14:41.173+0000] {processor.py:925} INFO - DAG(s) 'etl_data_pipeline' retrieved from /opt/airflow/dags/etl_data_pipeline.py
[2024-12-31T00:14:41.202+0000] {logging_mixin.py:190} INFO - [2024-12-31T00:14:41.201+0000] {dag.py:3239} INFO - Sync 1 DAGs
[2024-12-31T00:14:41.225+0000] {logging_mixin.py:190} INFO - [2024-12-31T00:14:41.225+0000] {dag.py:4180} INFO - Setting next_dagrun for etl_data_pipeline to 2024-12-30 00:00:00+00:00, run_after=2024-12-31 00:00:00+00:00
[2024-12-31T00:14:41.246+0000] {processor.py:208} INFO - Processing /opt/airflow/dags/etl_data_pipeline.py took 0.372 seconds
[2024-12-31T00:15:11.631+0000] {processor.py:186} INFO - Started process (PID=1625) to work on /opt/airflow/dags/etl_data_pipeline.py
[2024-12-31T00:15:11.632+0000] {processor.py:914} INFO - Processing file /opt/airflow/dags/etl_data_pipeline.py for tasks to queue
[2024-12-31T00:15:11.634+0000] {logging_mixin.py:190} INFO - [2024-12-31T00:15:11.633+0000] {dagbag.py:588} INFO - Filling up the DagBag from /opt/airflow/dags/etl_data_pipeline.py
[2024-12-31T00:15:11.901+0000] {processor.py:925} INFO - DAG(s) 'etl_data_pipeline' retrieved from /opt/airflow/dags/etl_data_pipeline.py
[2024-12-31T00:15:11.924+0000] {logging_mixin.py:190} INFO - [2024-12-31T00:15:11.923+0000] {dag.py:3239} INFO - Sync 1 DAGs
[2024-12-31T00:15:11.944+0000] {logging_mixin.py:190} INFO - [2024-12-31T00:15:11.944+0000] {dag.py:4180} INFO - Setting next_dagrun for etl_data_pipeline to 2024-12-30 00:00:00+00:00, run_after=2024-12-31 00:00:00+00:00
[2024-12-31T00:15:11.960+0000] {processor.py:208} INFO - Processing /opt/airflow/dags/etl_data_pipeline.py took 0.335 seconds
[2024-12-31T00:15:42.400+0000] {processor.py:186} INFO - Started process (PID=1637) to work on /opt/airflow/dags/etl_data_pipeline.py
[2024-12-31T00:15:42.401+0000] {processor.py:914} INFO - Processing file /opt/airflow/dags/etl_data_pipeline.py for tasks to queue
[2024-12-31T00:15:42.402+0000] {logging_mixin.py:190} INFO - [2024-12-31T00:15:42.402+0000] {dagbag.py:588} INFO - Filling up the DagBag from /opt/airflow/dags/etl_data_pipeline.py
[2024-12-31T00:15:42.672+0000] {processor.py:925} INFO - DAG(s) 'etl_data_pipeline' retrieved from /opt/airflow/dags/etl_data_pipeline.py
[2024-12-31T00:15:42.695+0000] {logging_mixin.py:190} INFO - [2024-12-31T00:15:42.695+0000] {dag.py:3239} INFO - Sync 1 DAGs
[2024-12-31T00:15:42.713+0000] {logging_mixin.py:190} INFO - [2024-12-31T00:15:42.713+0000] {dag.py:4180} INFO - Setting next_dagrun for etl_data_pipeline to 2024-12-30 00:00:00+00:00, run_after=2024-12-31 00:00:00+00:00
[2024-12-31T00:15:42.729+0000] {processor.py:208} INFO - Processing /opt/airflow/dags/etl_data_pipeline.py took 0.335 seconds
[2024-12-31T00:16:13.183+0000] {processor.py:186} INFO - Started process (PID=1650) to work on /opt/airflow/dags/etl_data_pipeline.py
[2024-12-31T00:16:13.184+0000] {processor.py:914} INFO - Processing file /opt/airflow/dags/etl_data_pipeline.py for tasks to queue
[2024-12-31T00:16:13.185+0000] {logging_mixin.py:190} INFO - [2024-12-31T00:16:13.185+0000] {dagbag.py:588} INFO - Filling up the DagBag from /opt/airflow/dags/etl_data_pipeline.py
[2024-12-31T00:16:13.549+0000] {processor.py:925} INFO - DAG(s) 'etl_data_pipeline' retrieved from /opt/airflow/dags/etl_data_pipeline.py
[2024-12-31T00:16:13.581+0000] {logging_mixin.py:190} INFO - [2024-12-31T00:16:13.581+0000] {dag.py:3239} INFO - Sync 1 DAGs
[2024-12-31T00:16:13.609+0000] {logging_mixin.py:190} INFO - [2024-12-31T00:16:13.609+0000] {dag.py:4180} INFO - Setting next_dagrun for etl_data_pipeline to 2024-12-30 00:00:00+00:00, run_after=2024-12-31 00:00:00+00:00
[2024-12-31T00:16:13.632+0000] {processor.py:208} INFO - Processing /opt/airflow/dags/etl_data_pipeline.py took 0.455 seconds
[2024-12-31T00:16:43.779+0000] {processor.py:186} INFO - Started process (PID=1662) to work on /opt/airflow/dags/etl_data_pipeline.py
[2024-12-31T00:16:43.780+0000] {processor.py:914} INFO - Processing file /opt/airflow/dags/etl_data_pipeline.py for tasks to queue
[2024-12-31T00:16:43.781+0000] {logging_mixin.py:190} INFO - [2024-12-31T00:16:43.781+0000] {dagbag.py:588} INFO - Filling up the DagBag from /opt/airflow/dags/etl_data_pipeline.py
[2024-12-31T00:16:44.064+0000] {processor.py:925} INFO - DAG(s) 'etl_data_pipeline' retrieved from /opt/airflow/dags/etl_data_pipeline.py
[2024-12-31T00:16:44.088+0000] {logging_mixin.py:190} INFO - [2024-12-31T00:16:44.087+0000] {dag.py:3239} INFO - Sync 1 DAGs
[2024-12-31T00:16:44.111+0000] {logging_mixin.py:190} INFO - [2024-12-31T00:16:44.111+0000] {dag.py:4180} INFO - Setting next_dagrun for etl_data_pipeline to 2024-12-30 00:00:00+00:00, run_after=2024-12-31 00:00:00+00:00
[2024-12-31T00:16:44.126+0000] {processor.py:208} INFO - Processing /opt/airflow/dags/etl_data_pipeline.py took 0.353 seconds
[2024-12-31T00:17:14.699+0000] {processor.py:186} INFO - Started process (PID=1674) to work on /opt/airflow/dags/etl_data_pipeline.py
[2024-12-31T00:17:14.700+0000] {processor.py:914} INFO - Processing file /opt/airflow/dags/etl_data_pipeline.py for tasks to queue
[2024-12-31T00:17:14.701+0000] {logging_mixin.py:190} INFO - [2024-12-31T00:17:14.701+0000] {dagbag.py:588} INFO - Filling up the DagBag from /opt/airflow/dags/etl_data_pipeline.py
[2024-12-31T00:17:14.997+0000] {processor.py:925} INFO - DAG(s) 'etl_data_pipeline' retrieved from /opt/airflow/dags/etl_data_pipeline.py
[2024-12-31T00:17:15.045+0000] {logging_mixin.py:190} INFO - [2024-12-31T00:17:15.044+0000] {dag.py:3239} INFO - Sync 1 DAGs
[2024-12-31T00:17:15.074+0000] {logging_mixin.py:190} INFO - [2024-12-31T00:17:15.074+0000] {dag.py:4180} INFO - Setting next_dagrun for etl_data_pipeline to 2024-12-30 00:00:00+00:00, run_after=2024-12-31 00:00:00+00:00
[2024-12-31T00:17:15.092+0000] {processor.py:208} INFO - Processing /opt/airflow/dags/etl_data_pipeline.py took 0.399 seconds
[2024-12-31T00:17:45.239+0000] {processor.py:186} INFO - Started process (PID=1699) to work on /opt/airflow/dags/etl_data_pipeline.py
[2024-12-31T00:17:45.241+0000] {processor.py:914} INFO - Processing file /opt/airflow/dags/etl_data_pipeline.py for tasks to queue
[2024-12-31T00:17:45.244+0000] {logging_mixin.py:190} INFO - [2024-12-31T00:17:45.243+0000] {dagbag.py:588} INFO - Filling up the DagBag from /opt/airflow/dags/etl_data_pipeline.py
[2024-12-31T00:17:45.891+0000] {processor.py:925} INFO - DAG(s) 'etl_data_pipeline' retrieved from /opt/airflow/dags/etl_data_pipeline.py
[2024-12-31T00:17:45.924+0000] {logging_mixin.py:190} INFO - [2024-12-31T00:17:45.923+0000] {dag.py:3239} INFO - Sync 1 DAGs
[2024-12-31T00:17:45.947+0000] {logging_mixin.py:190} INFO - [2024-12-31T00:17:45.947+0000] {dag.py:4180} INFO - Setting next_dagrun for etl_data_pipeline to 2024-12-30 00:00:00+00:00, run_after=2024-12-31 00:00:00+00:00
[2024-12-31T00:17:45.968+0000] {processor.py:208} INFO - Processing /opt/airflow/dags/etl_data_pipeline.py took 0.745 seconds
[2024-12-31T00:18:16.740+0000] {processor.py:186} INFO - Started process (PID=1719) to work on /opt/airflow/dags/etl_data_pipeline.py
[2024-12-31T00:18:16.741+0000] {processor.py:914} INFO - Processing file /opt/airflow/dags/etl_data_pipeline.py for tasks to queue
[2024-12-31T00:18:16.742+0000] {logging_mixin.py:190} INFO - [2024-12-31T00:18:16.742+0000] {dagbag.py:588} INFO - Filling up the DagBag from /opt/airflow/dags/etl_data_pipeline.py
[2024-12-31T00:18:16.993+0000] {processor.py:925} INFO - DAG(s) 'etl_data_pipeline' retrieved from /opt/airflow/dags/etl_data_pipeline.py
[2024-12-31T00:18:17.017+0000] {logging_mixin.py:190} INFO - [2024-12-31T00:18:17.017+0000] {dag.py:3239} INFO - Sync 1 DAGs
[2024-12-31T00:18:17.036+0000] {logging_mixin.py:190} INFO - [2024-12-31T00:18:17.036+0000] {dag.py:4180} INFO - Setting next_dagrun for etl_data_pipeline to 2024-12-30 00:00:00+00:00, run_after=2024-12-31 00:00:00+00:00
[2024-12-31T00:18:17.052+0000] {processor.py:208} INFO - Processing /opt/airflow/dags/etl_data_pipeline.py took 0.318 seconds
[2024-12-31T00:18:47.296+0000] {processor.py:186} INFO - Started process (PID=1732) to work on /opt/airflow/dags/etl_data_pipeline.py
[2024-12-31T00:18:47.297+0000] {processor.py:914} INFO - Processing file /opt/airflow/dags/etl_data_pipeline.py for tasks to queue
[2024-12-31T00:18:47.299+0000] {logging_mixin.py:190} INFO - [2024-12-31T00:18:47.299+0000] {dagbag.py:588} INFO - Filling up the DagBag from /opt/airflow/dags/etl_data_pipeline.py
[2024-12-31T00:18:47.807+0000] {processor.py:925} INFO - DAG(s) 'etl_data_pipeline' retrieved from /opt/airflow/dags/etl_data_pipeline.py
[2024-12-31T00:18:47.871+0000] {logging_mixin.py:190} INFO - [2024-12-31T00:18:47.870+0000] {dag.py:3239} INFO - Sync 1 DAGs
[2024-12-31T00:18:47.923+0000] {logging_mixin.py:190} INFO - [2024-12-31T00:18:47.923+0000] {dag.py:4180} INFO - Setting next_dagrun for etl_data_pipeline to 2024-12-30 00:00:00+00:00, run_after=2024-12-31 00:00:00+00:00
[2024-12-31T00:18:47.973+0000] {processor.py:208} INFO - Processing /opt/airflow/dags/etl_data_pipeline.py took 0.689 seconds
[2024-12-31T00:19:18.278+0000] {processor.py:186} INFO - Started process (PID=1744) to work on /opt/airflow/dags/etl_data_pipeline.py
[2024-12-31T00:19:18.279+0000] {processor.py:914} INFO - Processing file /opt/airflow/dags/etl_data_pipeline.py for tasks to queue
[2024-12-31T00:19:18.280+0000] {logging_mixin.py:190} INFO - [2024-12-31T00:19:18.280+0000] {dagbag.py:588} INFO - Filling up the DagBag from /opt/airflow/dags/etl_data_pipeline.py
[2024-12-31T00:19:18.536+0000] {processor.py:925} INFO - DAG(s) 'etl_data_pipeline' retrieved from /opt/airflow/dags/etl_data_pipeline.py
[2024-12-31T00:19:18.562+0000] {logging_mixin.py:190} INFO - [2024-12-31T00:19:18.562+0000] {dag.py:3239} INFO - Sync 1 DAGs
[2024-12-31T00:19:18.582+0000] {logging_mixin.py:190} INFO - [2024-12-31T00:19:18.582+0000] {dag.py:4180} INFO - Setting next_dagrun for etl_data_pipeline to 2024-12-30 00:00:00+00:00, run_after=2024-12-31 00:00:00+00:00
[2024-12-31T00:19:18.601+0000] {processor.py:208} INFO - Processing /opt/airflow/dags/etl_data_pipeline.py took 0.329 seconds
[2024-12-31T00:19:48.662+0000] {processor.py:186} INFO - Started process (PID=1756) to work on /opt/airflow/dags/etl_data_pipeline.py
[2024-12-31T00:19:48.663+0000] {processor.py:914} INFO - Processing file /opt/airflow/dags/etl_data_pipeline.py for tasks to queue
[2024-12-31T00:19:48.664+0000] {logging_mixin.py:190} INFO - [2024-12-31T00:19:48.664+0000] {dagbag.py:588} INFO - Filling up the DagBag from /opt/airflow/dags/etl_data_pipeline.py
[2024-12-31T00:19:48.954+0000] {processor.py:925} INFO - DAG(s) 'etl_data_pipeline' retrieved from /opt/airflow/dags/etl_data_pipeline.py
[2024-12-31T00:19:48.983+0000] {logging_mixin.py:190} INFO - [2024-12-31T00:19:48.983+0000] {dag.py:3239} INFO - Sync 1 DAGs
[2024-12-31T00:19:49.006+0000] {logging_mixin.py:190} INFO - [2024-12-31T00:19:49.006+0000] {dag.py:4180} INFO - Setting next_dagrun for etl_data_pipeline to 2024-12-30 00:00:00+00:00, run_after=2024-12-31 00:00:00+00:00
[2024-12-31T00:19:49.023+0000] {processor.py:208} INFO - Processing /opt/airflow/dags/etl_data_pipeline.py took 0.367 seconds
[2024-12-31T00:20:19.768+0000] {processor.py:186} INFO - Started process (PID=1771) to work on /opt/airflow/dags/etl_data_pipeline.py
[2024-12-31T00:20:19.769+0000] {processor.py:914} INFO - Processing file /opt/airflow/dags/etl_data_pipeline.py for tasks to queue
[2024-12-31T00:20:19.771+0000] {logging_mixin.py:190} INFO - [2024-12-31T00:20:19.770+0000] {dagbag.py:588} INFO - Filling up the DagBag from /opt/airflow/dags/etl_data_pipeline.py
[2024-12-31T00:20:20.037+0000] {processor.py:925} INFO - DAG(s) 'etl_data_pipeline' retrieved from /opt/airflow/dags/etl_data_pipeline.py
[2024-12-31T00:20:20.061+0000] {logging_mixin.py:190} INFO - [2024-12-31T00:20:20.060+0000] {dag.py:3239} INFO - Sync 1 DAGs
[2024-12-31T00:20:20.083+0000] {logging_mixin.py:190} INFO - [2024-12-31T00:20:20.083+0000] {dag.py:4180} INFO - Setting next_dagrun for etl_data_pipeline to 2024-12-30 00:00:00+00:00, run_after=2024-12-31 00:00:00+00:00
[2024-12-31T00:20:20.098+0000] {processor.py:208} INFO - Processing /opt/airflow/dags/etl_data_pipeline.py took 0.337 seconds
[2024-12-31T00:20:50.320+0000] {processor.py:186} INFO - Started process (PID=1785) to work on /opt/airflow/dags/etl_data_pipeline.py
[2024-12-31T00:20:50.321+0000] {processor.py:914} INFO - Processing file /opt/airflow/dags/etl_data_pipeline.py for tasks to queue
[2024-12-31T00:20:50.323+0000] {logging_mixin.py:190} INFO - [2024-12-31T00:20:50.322+0000] {dagbag.py:588} INFO - Filling up the DagBag from /opt/airflow/dags/etl_data_pipeline.py
[2024-12-31T00:20:50.638+0000] {processor.py:925} INFO - DAG(s) 'etl_data_pipeline' retrieved from /opt/airflow/dags/etl_data_pipeline.py
[2024-12-31T00:20:50.674+0000] {logging_mixin.py:190} INFO - [2024-12-31T00:20:50.673+0000] {dag.py:3239} INFO - Sync 1 DAGs
[2024-12-31T00:20:50.728+0000] {logging_mixin.py:190} INFO - [2024-12-31T00:20:50.727+0000] {dag.py:4180} INFO - Setting next_dagrun for etl_data_pipeline to 2024-12-30 00:00:00+00:00, run_after=2024-12-31 00:00:00+00:00
[2024-12-31T00:20:50.776+0000] {processor.py:208} INFO - Processing /opt/airflow/dags/etl_data_pipeline.py took 0.462 seconds
[2024-12-31T00:21:21.400+0000] {processor.py:186} INFO - Started process (PID=1799) to work on /opt/airflow/dags/etl_data_pipeline.py
[2024-12-31T00:21:21.401+0000] {processor.py:914} INFO - Processing file /opt/airflow/dags/etl_data_pipeline.py for tasks to queue
[2024-12-31T00:21:21.403+0000] {logging_mixin.py:190} INFO - [2024-12-31T00:21:21.402+0000] {dagbag.py:588} INFO - Filling up the DagBag from /opt/airflow/dags/etl_data_pipeline.py
[2024-12-31T00:21:21.671+0000] {processor.py:925} INFO - DAG(s) 'etl_data_pipeline' retrieved from /opt/airflow/dags/etl_data_pipeline.py
[2024-12-31T00:21:21.723+0000] {logging_mixin.py:190} INFO - [2024-12-31T00:21:21.719+0000] {dag.py:3239} INFO - Sync 1 DAGs
[2024-12-31T00:21:21.753+0000] {logging_mixin.py:190} INFO - [2024-12-31T00:21:21.753+0000] {dag.py:4180} INFO - Setting next_dagrun for etl_data_pipeline to 2024-12-30 00:00:00+00:00, run_after=2024-12-31 00:00:00+00:00
[2024-12-31T00:21:21.780+0000] {processor.py:208} INFO - Processing /opt/airflow/dags/etl_data_pipeline.py took 0.386 seconds
[2024-12-31T00:21:52.465+0000] {processor.py:186} INFO - Started process (PID=1811) to work on /opt/airflow/dags/etl_data_pipeline.py
[2024-12-31T00:21:52.465+0000] {processor.py:914} INFO - Processing file /opt/airflow/dags/etl_data_pipeline.py for tasks to queue
[2024-12-31T00:21:52.467+0000] {logging_mixin.py:190} INFO - [2024-12-31T00:21:52.466+0000] {dagbag.py:588} INFO - Filling up the DagBag from /opt/airflow/dags/etl_data_pipeline.py
[2024-12-31T00:21:52.718+0000] {processor.py:925} INFO - DAG(s) 'etl_data_pipeline' retrieved from /opt/airflow/dags/etl_data_pipeline.py
[2024-12-31T00:21:52.741+0000] {logging_mixin.py:190} INFO - [2024-12-31T00:21:52.740+0000] {dag.py:3239} INFO - Sync 1 DAGs
[2024-12-31T00:21:52.763+0000] {logging_mixin.py:190} INFO - [2024-12-31T00:21:52.762+0000] {dag.py:4180} INFO - Setting next_dagrun for etl_data_pipeline to 2024-12-30 00:00:00+00:00, run_after=2024-12-31 00:00:00+00:00
[2024-12-31T00:21:52.778+0000] {processor.py:208} INFO - Processing /opt/airflow/dags/etl_data_pipeline.py took 0.318 seconds
[2024-12-31T00:22:23.346+0000] {processor.py:186} INFO - Started process (PID=1823) to work on /opt/airflow/dags/etl_data_pipeline.py
[2024-12-31T00:22:23.347+0000] {processor.py:914} INFO - Processing file /opt/airflow/dags/etl_data_pipeline.py for tasks to queue
[2024-12-31T00:22:23.348+0000] {logging_mixin.py:190} INFO - [2024-12-31T00:22:23.348+0000] {dagbag.py:588} INFO - Filling up the DagBag from /opt/airflow/dags/etl_data_pipeline.py
[2024-12-31T00:22:23.621+0000] {processor.py:925} INFO - DAG(s) 'etl_data_pipeline' retrieved from /opt/airflow/dags/etl_data_pipeline.py
[2024-12-31T00:22:23.646+0000] {logging_mixin.py:190} INFO - [2024-12-31T00:22:23.645+0000] {dag.py:3239} INFO - Sync 1 DAGs
[2024-12-31T00:22:23.666+0000] {logging_mixin.py:190} INFO - [2024-12-31T00:22:23.666+0000] {dag.py:4180} INFO - Setting next_dagrun for etl_data_pipeline to 2024-12-30 00:00:00+00:00, run_after=2024-12-31 00:00:00+00:00
[2024-12-31T00:22:23.682+0000] {processor.py:208} INFO - Processing /opt/airflow/dags/etl_data_pipeline.py took 0.342 seconds
[2024-12-31T00:22:54.343+0000] {processor.py:186} INFO - Started process (PID=1836) to work on /opt/airflow/dags/etl_data_pipeline.py
[2024-12-31T00:22:54.344+0000] {processor.py:914} INFO - Processing file /opt/airflow/dags/etl_data_pipeline.py for tasks to queue
[2024-12-31T00:22:54.346+0000] {logging_mixin.py:190} INFO - [2024-12-31T00:22:54.345+0000] {dagbag.py:588} INFO - Filling up the DagBag from /opt/airflow/dags/etl_data_pipeline.py
[2024-12-31T00:22:54.615+0000] {processor.py:925} INFO - DAG(s) 'etl_data_pipeline' retrieved from /opt/airflow/dags/etl_data_pipeline.py
[2024-12-31T00:22:54.638+0000] {logging_mixin.py:190} INFO - [2024-12-31T00:22:54.638+0000] {dag.py:3239} INFO - Sync 1 DAGs
[2024-12-31T00:22:54.659+0000] {logging_mixin.py:190} INFO - [2024-12-31T00:22:54.659+0000] {dag.py:4180} INFO - Setting next_dagrun for etl_data_pipeline to 2024-12-30 00:00:00+00:00, run_after=2024-12-31 00:00:00+00:00
[2024-12-31T00:22:54.676+0000] {processor.py:208} INFO - Processing /opt/airflow/dags/etl_data_pipeline.py took 0.339 seconds
[2024-12-31T00:23:25.047+0000] {processor.py:186} INFO - Started process (PID=1848) to work on /opt/airflow/dags/etl_data_pipeline.py
[2024-12-31T00:23:25.048+0000] {processor.py:914} INFO - Processing file /opt/airflow/dags/etl_data_pipeline.py for tasks to queue
[2024-12-31T00:23:25.049+0000] {logging_mixin.py:190} INFO - [2024-12-31T00:23:25.049+0000] {dagbag.py:588} INFO - Filling up the DagBag from /opt/airflow/dags/etl_data_pipeline.py
[2024-12-31T00:23:25.300+0000] {processor.py:925} INFO - DAG(s) 'etl_data_pipeline' retrieved from /opt/airflow/dags/etl_data_pipeline.py
[2024-12-31T00:23:25.321+0000] {logging_mixin.py:190} INFO - [2024-12-31T00:23:25.320+0000] {dag.py:3239} INFO - Sync 1 DAGs
[2024-12-31T00:23:25.340+0000] {logging_mixin.py:190} INFO - [2024-12-31T00:23:25.340+0000] {dag.py:4180} INFO - Setting next_dagrun for etl_data_pipeline to 2024-12-30 00:00:00+00:00, run_after=2024-12-31 00:00:00+00:00
[2024-12-31T00:23:25.356+0000] {processor.py:208} INFO - Processing /opt/airflow/dags/etl_data_pipeline.py took 0.315 seconds
[2024-12-31T00:23:55.470+0000] {processor.py:186} INFO - Started process (PID=1860) to work on /opt/airflow/dags/etl_data_pipeline.py
[2024-12-31T00:23:55.471+0000] {processor.py:914} INFO - Processing file /opt/airflow/dags/etl_data_pipeline.py for tasks to queue
[2024-12-31T00:23:55.473+0000] {logging_mixin.py:190} INFO - [2024-12-31T00:23:55.472+0000] {dagbag.py:588} INFO - Filling up the DagBag from /opt/airflow/dags/etl_data_pipeline.py
[2024-12-31T00:23:55.728+0000] {processor.py:925} INFO - DAG(s) 'etl_data_pipeline' retrieved from /opt/airflow/dags/etl_data_pipeline.py
[2024-12-31T00:23:55.754+0000] {logging_mixin.py:190} INFO - [2024-12-31T00:23:55.754+0000] {dag.py:3239} INFO - Sync 1 DAGs
[2024-12-31T00:23:55.779+0000] {logging_mixin.py:190} INFO - [2024-12-31T00:23:55.779+0000] {dag.py:4180} INFO - Setting next_dagrun for etl_data_pipeline to 2024-12-30 00:00:00+00:00, run_after=2024-12-31 00:00:00+00:00
[2024-12-31T00:23:55.799+0000] {processor.py:208} INFO - Processing /opt/airflow/dags/etl_data_pipeline.py took 0.334 seconds
[2024-12-31T00:24:26.447+0000] {processor.py:186} INFO - Started process (PID=1872) to work on /opt/airflow/dags/etl_data_pipeline.py
[2024-12-31T00:24:26.448+0000] {processor.py:914} INFO - Processing file /opt/airflow/dags/etl_data_pipeline.py for tasks to queue
[2024-12-31T00:24:26.449+0000] {logging_mixin.py:190} INFO - [2024-12-31T00:24:26.449+0000] {dagbag.py:588} INFO - Filling up the DagBag from /opt/airflow/dags/etl_data_pipeline.py
[2024-12-31T00:24:26.692+0000] {processor.py:925} INFO - DAG(s) 'etl_data_pipeline' retrieved from /opt/airflow/dags/etl_data_pipeline.py
[2024-12-31T00:24:26.713+0000] {logging_mixin.py:190} INFO - [2024-12-31T00:24:26.712+0000] {dag.py:3239} INFO - Sync 1 DAGs
[2024-12-31T00:24:26.729+0000] {logging_mixin.py:190} INFO - [2024-12-31T00:24:26.729+0000] {dag.py:4180} INFO - Setting next_dagrun for etl_data_pipeline to 2024-12-30 00:00:00+00:00, run_after=2024-12-31 00:00:00+00:00
[2024-12-31T00:24:26.743+0000] {processor.py:208} INFO - Processing /opt/airflow/dags/etl_data_pipeline.py took 0.302 seconds
[2024-12-31T00:24:57.489+0000] {processor.py:186} INFO - Started process (PID=1885) to work on /opt/airflow/dags/etl_data_pipeline.py
[2024-12-31T00:24:57.491+0000] {processor.py:914} INFO - Processing file /opt/airflow/dags/etl_data_pipeline.py for tasks to queue
[2024-12-31T00:24:57.492+0000] {logging_mixin.py:190} INFO - [2024-12-31T00:24:57.492+0000] {dagbag.py:588} INFO - Filling up the DagBag from /opt/airflow/dags/etl_data_pipeline.py
[2024-12-31T00:24:57.771+0000] {processor.py:925} INFO - DAG(s) 'etl_data_pipeline' retrieved from /opt/airflow/dags/etl_data_pipeline.py
[2024-12-31T00:24:57.797+0000] {logging_mixin.py:190} INFO - [2024-12-31T00:24:57.797+0000] {dag.py:3239} INFO - Sync 1 DAGs
[2024-12-31T00:24:57.821+0000] {logging_mixin.py:190} INFO - [2024-12-31T00:24:57.820+0000] {dag.py:4180} INFO - Setting next_dagrun for etl_data_pipeline to 2024-12-30 00:00:00+00:00, run_after=2024-12-31 00:00:00+00:00
[2024-12-31T00:24:57.843+0000] {processor.py:208} INFO - Processing /opt/airflow/dags/etl_data_pipeline.py took 0.361 seconds
[2024-12-31T00:25:28.005+0000] {processor.py:186} INFO - Started process (PID=1897) to work on /opt/airflow/dags/etl_data_pipeline.py
[2024-12-31T00:25:28.006+0000] {processor.py:914} INFO - Processing file /opt/airflow/dags/etl_data_pipeline.py for tasks to queue
[2024-12-31T00:25:28.007+0000] {logging_mixin.py:190} INFO - [2024-12-31T00:25:28.007+0000] {dagbag.py:588} INFO - Filling up the DagBag from /opt/airflow/dags/etl_data_pipeline.py
[2024-12-31T00:25:28.260+0000] {processor.py:925} INFO - DAG(s) 'etl_data_pipeline' retrieved from /opt/airflow/dags/etl_data_pipeline.py
[2024-12-31T00:25:28.286+0000] {logging_mixin.py:190} INFO - [2024-12-31T00:25:28.285+0000] {dag.py:3239} INFO - Sync 1 DAGs
[2024-12-31T00:25:28.307+0000] {logging_mixin.py:190} INFO - [2024-12-31T00:25:28.307+0000] {dag.py:4180} INFO - Setting next_dagrun for etl_data_pipeline to 2024-12-30 00:00:00+00:00, run_after=2024-12-31 00:00:00+00:00
[2024-12-31T00:25:28.323+0000] {processor.py:208} INFO - Processing /opt/airflow/dags/etl_data_pipeline.py took 0.324 seconds
[2024-12-31T00:25:58.447+0000] {processor.py:186} INFO - Started process (PID=1909) to work on /opt/airflow/dags/etl_data_pipeline.py
[2024-12-31T00:25:58.449+0000] {processor.py:914} INFO - Processing file /opt/airflow/dags/etl_data_pipeline.py for tasks to queue
[2024-12-31T00:25:58.450+0000] {logging_mixin.py:190} INFO - [2024-12-31T00:25:58.450+0000] {dagbag.py:588} INFO - Filling up the DagBag from /opt/airflow/dags/etl_data_pipeline.py
[2024-12-31T00:25:58.757+0000] {processor.py:925} INFO - DAG(s) 'etl_data_pipeline' retrieved from /opt/airflow/dags/etl_data_pipeline.py
[2024-12-31T00:25:58.785+0000] {logging_mixin.py:190} INFO - [2024-12-31T00:25:58.785+0000] {dag.py:3239} INFO - Sync 1 DAGs
[2024-12-31T00:25:58.809+0000] {logging_mixin.py:190} INFO - [2024-12-31T00:25:58.809+0000] {dag.py:4180} INFO - Setting next_dagrun for etl_data_pipeline to 2024-12-30 00:00:00+00:00, run_after=2024-12-31 00:00:00+00:00
[2024-12-31T00:25:58.829+0000] {processor.py:208} INFO - Processing /opt/airflow/dags/etl_data_pipeline.py took 0.388 seconds
