[2024-12-31T00:00:11.681+0000] {processor.py:186} INFO - Started process (PID=1224) to work on /opt/airflow/dags/kafka_to_mongo_pipeline.py
[2024-12-31T00:00:11.683+0000] {processor.py:914} INFO - Processing file /opt/airflow/dags/kafka_to_mongo_pipeline.py for tasks to queue
[2024-12-31T00:00:11.685+0000] {logging_mixin.py:190} INFO - [2024-12-31T00:00:11.684+0000] {dagbag.py:588} INFO - Filling up the DagBag from /opt/airflow/dags/kafka_to_mongo_pipeline.py
[2024-12-31T00:00:11.884+0000] {processor.py:925} INFO - DAG(s) 'kafka_to_mongo_pipeline' retrieved from /opt/airflow/dags/kafka_to_mongo_pipeline.py
[2024-12-31T00:00:12.011+0000] {logging_mixin.py:190} INFO - [2024-12-31T00:00:12.011+0000] {dag.py:3239} INFO - Sync 1 DAGs
[2024-12-31T00:00:12.027+0000] {logging_mixin.py:190} INFO - [2024-12-31T00:00:12.027+0000] {dag.py:4180} INFO - Setting next_dagrun for kafka_to_mongo_pipeline to None, run_after=None
[2024-12-31T00:00:12.054+0000] {processor.py:208} INFO - Processing /opt/airflow/dags/kafka_to_mongo_pipeline.py took 0.383 seconds
[2024-12-31T00:00:42.228+0000] {processor.py:186} INFO - Started process (PID=1237) to work on /opt/airflow/dags/kafka_to_mongo_pipeline.py
[2024-12-31T00:00:42.229+0000] {processor.py:914} INFO - Processing file /opt/airflow/dags/kafka_to_mongo_pipeline.py for tasks to queue
[2024-12-31T00:00:42.230+0000] {logging_mixin.py:190} INFO - [2024-12-31T00:00:42.230+0000] {dagbag.py:588} INFO - Filling up the DagBag from /opt/airflow/dags/kafka_to_mongo_pipeline.py
[2024-12-31T00:00:42.393+0000] {processor.py:925} INFO - DAG(s) 'kafka_to_mongo_pipeline' retrieved from /opt/airflow/dags/kafka_to_mongo_pipeline.py
[2024-12-31T00:00:42.419+0000] {logging_mixin.py:190} INFO - [2024-12-31T00:00:42.419+0000] {dag.py:3239} INFO - Sync 1 DAGs
[2024-12-31T00:00:42.436+0000] {logging_mixin.py:190} INFO - [2024-12-31T00:00:42.436+0000] {dag.py:4180} INFO - Setting next_dagrun for kafka_to_mongo_pipeline to None, run_after=None
[2024-12-31T00:00:42.457+0000] {processor.py:208} INFO - Processing /opt/airflow/dags/kafka_to_mongo_pipeline.py took 0.235 seconds
[2024-12-31T00:01:12.688+0000] {processor.py:186} INFO - Started process (PID=1252) to work on /opt/airflow/dags/kafka_to_mongo_pipeline.py
[2024-12-31T00:01:12.689+0000] {processor.py:914} INFO - Processing file /opt/airflow/dags/kafka_to_mongo_pipeline.py for tasks to queue
[2024-12-31T00:01:12.690+0000] {logging_mixin.py:190} INFO - [2024-12-31T00:01:12.690+0000] {dagbag.py:588} INFO - Filling up the DagBag from /opt/airflow/dags/kafka_to_mongo_pipeline.py
[2024-12-31T00:01:12.920+0000] {processor.py:925} INFO - DAG(s) 'kafka_to_mongo_pipeline' retrieved from /opt/airflow/dags/kafka_to_mongo_pipeline.py
[2024-12-31T00:01:12.974+0000] {logging_mixin.py:190} INFO - [2024-12-31T00:01:12.974+0000] {dag.py:3239} INFO - Sync 1 DAGs
[2024-12-31T00:01:13.004+0000] {logging_mixin.py:190} INFO - [2024-12-31T00:01:13.004+0000] {dag.py:4180} INFO - Setting next_dagrun for kafka_to_mongo_pipeline to None, run_after=None
[2024-12-31T00:01:13.054+0000] {processor.py:208} INFO - Processing /opt/airflow/dags/kafka_to_mongo_pipeline.py took 0.374 seconds
[2024-12-31T00:01:43.224+0000] {processor.py:186} INFO - Started process (PID=1265) to work on /opt/airflow/dags/kafka_to_mongo_pipeline.py
[2024-12-31T00:01:43.225+0000] {processor.py:914} INFO - Processing file /opt/airflow/dags/kafka_to_mongo_pipeline.py for tasks to queue
[2024-12-31T00:01:43.226+0000] {logging_mixin.py:190} INFO - [2024-12-31T00:01:43.226+0000] {dagbag.py:588} INFO - Filling up the DagBag from /opt/airflow/dags/kafka_to_mongo_pipeline.py
[2024-12-31T00:01:43.373+0000] {processor.py:925} INFO - DAG(s) 'kafka_to_mongo_pipeline' retrieved from /opt/airflow/dags/kafka_to_mongo_pipeline.py
[2024-12-31T00:01:43.399+0000] {logging_mixin.py:190} INFO - [2024-12-31T00:01:43.399+0000] {dag.py:3239} INFO - Sync 1 DAGs
[2024-12-31T00:01:43.414+0000] {logging_mixin.py:190} INFO - [2024-12-31T00:01:43.414+0000] {dag.py:4180} INFO - Setting next_dagrun for kafka_to_mongo_pipeline to None, run_after=None
[2024-12-31T00:01:43.436+0000] {processor.py:208} INFO - Processing /opt/airflow/dags/kafka_to_mongo_pipeline.py took 0.220 seconds
[2024-12-31T00:02:14.223+0000] {processor.py:186} INFO - Started process (PID=1278) to work on /opt/airflow/dags/kafka_to_mongo_pipeline.py
[2024-12-31T00:02:14.224+0000] {processor.py:914} INFO - Processing file /opt/airflow/dags/kafka_to_mongo_pipeline.py for tasks to queue
[2024-12-31T00:02:14.225+0000] {logging_mixin.py:190} INFO - [2024-12-31T00:02:14.225+0000] {dagbag.py:588} INFO - Filling up the DagBag from /opt/airflow/dags/kafka_to_mongo_pipeline.py
[2024-12-31T00:02:14.372+0000] {processor.py:925} INFO - DAG(s) 'kafka_to_mongo_pipeline' retrieved from /opt/airflow/dags/kafka_to_mongo_pipeline.py
[2024-12-31T00:02:14.399+0000] {logging_mixin.py:190} INFO - [2024-12-31T00:02:14.399+0000] {dag.py:3239} INFO - Sync 1 DAGs
[2024-12-31T00:02:14.415+0000] {logging_mixin.py:190} INFO - [2024-12-31T00:02:14.415+0000] {dag.py:4180} INFO - Setting next_dagrun for kafka_to_mongo_pipeline to None, run_after=None
[2024-12-31T00:02:14.435+0000] {processor.py:208} INFO - Processing /opt/airflow/dags/kafka_to_mongo_pipeline.py took 0.218 seconds
[2024-12-31T00:02:45.403+0000] {processor.py:186} INFO - Started process (PID=1297) to work on /opt/airflow/dags/kafka_to_mongo_pipeline.py
[2024-12-31T00:02:45.404+0000] {processor.py:914} INFO - Processing file /opt/airflow/dags/kafka_to_mongo_pipeline.py for tasks to queue
[2024-12-31T00:02:45.406+0000] {logging_mixin.py:190} INFO - [2024-12-31T00:02:45.406+0000] {dagbag.py:588} INFO - Filling up the DagBag from /opt/airflow/dags/kafka_to_mongo_pipeline.py
[2024-12-31T00:02:45.574+0000] {processor.py:925} INFO - DAG(s) 'kafka_to_mongo_pipeline' retrieved from /opt/airflow/dags/kafka_to_mongo_pipeline.py
[2024-12-31T00:02:45.602+0000] {logging_mixin.py:190} INFO - [2024-12-31T00:02:45.602+0000] {dag.py:3239} INFO - Sync 1 DAGs
[2024-12-31T00:02:45.620+0000] {logging_mixin.py:190} INFO - [2024-12-31T00:02:45.620+0000] {dag.py:4180} INFO - Setting next_dagrun for kafka_to_mongo_pipeline to None, run_after=None
[2024-12-31T00:02:45.642+0000] {processor.py:208} INFO - Processing /opt/airflow/dags/kafka_to_mongo_pipeline.py took 0.245 seconds
[2024-12-31T00:03:15.865+0000] {processor.py:186} INFO - Started process (PID=1313) to work on /opt/airflow/dags/kafka_to_mongo_pipeline.py
[2024-12-31T00:03:15.866+0000] {processor.py:914} INFO - Processing file /opt/airflow/dags/kafka_to_mongo_pipeline.py for tasks to queue
[2024-12-31T00:03:15.868+0000] {logging_mixin.py:190} INFO - [2024-12-31T00:03:15.867+0000] {dagbag.py:588} INFO - Filling up the DagBag from /opt/airflow/dags/kafka_to_mongo_pipeline.py
[2024-12-31T00:03:16.042+0000] {processor.py:925} INFO - DAG(s) 'kafka_to_mongo_pipeline' retrieved from /opt/airflow/dags/kafka_to_mongo_pipeline.py
[2024-12-31T00:03:16.069+0000] {logging_mixin.py:190} INFO - [2024-12-31T00:03:16.069+0000] {dag.py:3239} INFO - Sync 1 DAGs
[2024-12-31T00:03:16.088+0000] {logging_mixin.py:190} INFO - [2024-12-31T00:03:16.088+0000] {dag.py:4180} INFO - Setting next_dagrun for kafka_to_mongo_pipeline to None, run_after=None
[2024-12-31T00:03:16.110+0000] {processor.py:208} INFO - Processing /opt/airflow/dags/kafka_to_mongo_pipeline.py took 0.251 seconds
[2024-12-31T00:03:46.818+0000] {processor.py:186} INFO - Started process (PID=1326) to work on /opt/airflow/dags/kafka_to_mongo_pipeline.py
[2024-12-31T00:03:46.819+0000] {processor.py:914} INFO - Processing file /opt/airflow/dags/kafka_to_mongo_pipeline.py for tasks to queue
[2024-12-31T00:03:46.820+0000] {logging_mixin.py:190} INFO - [2024-12-31T00:03:46.819+0000] {dagbag.py:588} INFO - Filling up the DagBag from /opt/airflow/dags/kafka_to_mongo_pipeline.py
[2024-12-31T00:03:46.997+0000] {processor.py:925} INFO - DAG(s) 'kafka_to_mongo_pipeline' retrieved from /opt/airflow/dags/kafka_to_mongo_pipeline.py
[2024-12-31T00:03:47.023+0000] {logging_mixin.py:190} INFO - [2024-12-31T00:03:47.023+0000] {dag.py:3239} INFO - Sync 1 DAGs
[2024-12-31T00:03:47.038+0000] {logging_mixin.py:190} INFO - [2024-12-31T00:03:47.038+0000] {dag.py:4180} INFO - Setting next_dagrun for kafka_to_mongo_pipeline to None, run_after=None
[2024-12-31T00:03:47.055+0000] {processor.py:208} INFO - Processing /opt/airflow/dags/kafka_to_mongo_pipeline.py took 0.245 seconds
[2024-12-31T00:04:17.293+0000] {processor.py:186} INFO - Started process (PID=1340) to work on /opt/airflow/dags/kafka_to_mongo_pipeline.py
[2024-12-31T00:04:17.294+0000] {processor.py:914} INFO - Processing file /opt/airflow/dags/kafka_to_mongo_pipeline.py for tasks to queue
[2024-12-31T00:04:17.296+0000] {logging_mixin.py:190} INFO - [2024-12-31T00:04:17.295+0000] {dagbag.py:588} INFO - Filling up the DagBag from /opt/airflow/dags/kafka_to_mongo_pipeline.py
[2024-12-31T00:04:17.460+0000] {processor.py:925} INFO - DAG(s) 'kafka_to_mongo_pipeline' retrieved from /opt/airflow/dags/kafka_to_mongo_pipeline.py
[2024-12-31T00:04:17.485+0000] {logging_mixin.py:190} INFO - [2024-12-31T00:04:17.485+0000] {dag.py:3239} INFO - Sync 1 DAGs
[2024-12-31T00:04:17.500+0000] {logging_mixin.py:190} INFO - [2024-12-31T00:04:17.500+0000] {dag.py:4180} INFO - Setting next_dagrun for kafka_to_mongo_pipeline to None, run_after=None
[2024-12-31T00:04:17.520+0000] {processor.py:208} INFO - Processing /opt/airflow/dags/kafka_to_mongo_pipeline.py took 0.233 seconds
[2024-12-31T00:04:48.100+0000] {processor.py:186} INFO - Started process (PID=1353) to work on /opt/airflow/dags/kafka_to_mongo_pipeline.py
[2024-12-31T00:04:48.101+0000] {processor.py:914} INFO - Processing file /opt/airflow/dags/kafka_to_mongo_pipeline.py for tasks to queue
[2024-12-31T00:04:48.102+0000] {logging_mixin.py:190} INFO - [2024-12-31T00:04:48.102+0000] {dagbag.py:588} INFO - Filling up the DagBag from /opt/airflow/dags/kafka_to_mongo_pipeline.py
[2024-12-31T00:04:48.256+0000] {processor.py:925} INFO - DAG(s) 'kafka_to_mongo_pipeline' retrieved from /opt/airflow/dags/kafka_to_mongo_pipeline.py
[2024-12-31T00:04:48.284+0000] {logging_mixin.py:190} INFO - [2024-12-31T00:04:48.283+0000] {dag.py:3239} INFO - Sync 1 DAGs
[2024-12-31T00:04:48.297+0000] {logging_mixin.py:190} INFO - [2024-12-31T00:04:48.297+0000] {dag.py:4180} INFO - Setting next_dagrun for kafka_to_mongo_pipeline to None, run_after=None
[2024-12-31T00:04:48.315+0000] {processor.py:208} INFO - Processing /opt/airflow/dags/kafka_to_mongo_pipeline.py took 0.221 seconds
[2024-12-31T00:05:19.278+0000] {processor.py:186} INFO - Started process (PID=1368) to work on /opt/airflow/dags/kafka_to_mongo_pipeline.py
[2024-12-31T00:05:19.279+0000] {processor.py:914} INFO - Processing file /opt/airflow/dags/kafka_to_mongo_pipeline.py for tasks to queue
[2024-12-31T00:05:19.280+0000] {logging_mixin.py:190} INFO - [2024-12-31T00:05:19.280+0000] {dagbag.py:588} INFO - Filling up the DagBag from /opt/airflow/dags/kafka_to_mongo_pipeline.py
[2024-12-31T00:05:19.417+0000] {processor.py:925} INFO - DAG(s) 'kafka_to_mongo_pipeline' retrieved from /opt/airflow/dags/kafka_to_mongo_pipeline.py
[2024-12-31T00:05:19.439+0000] {logging_mixin.py:190} INFO - [2024-12-31T00:05:19.439+0000] {dag.py:3239} INFO - Sync 1 DAGs
[2024-12-31T00:05:19.452+0000] {logging_mixin.py:190} INFO - [2024-12-31T00:05:19.451+0000] {dag.py:4180} INFO - Setting next_dagrun for kafka_to_mongo_pipeline to None, run_after=None
[2024-12-31T00:05:19.468+0000] {processor.py:208} INFO - Processing /opt/airflow/dags/kafka_to_mongo_pipeline.py took 0.196 seconds
[2024-12-31T00:05:49.903+0000] {processor.py:186} INFO - Started process (PID=1383) to work on /opt/airflow/dags/kafka_to_mongo_pipeline.py
[2024-12-31T00:05:49.904+0000] {processor.py:914} INFO - Processing file /opt/airflow/dags/kafka_to_mongo_pipeline.py for tasks to queue
[2024-12-31T00:05:49.906+0000] {logging_mixin.py:190} INFO - [2024-12-31T00:05:49.905+0000] {dagbag.py:588} INFO - Filling up the DagBag from /opt/airflow/dags/kafka_to_mongo_pipeline.py
[2024-12-31T00:05:50.120+0000] {processor.py:925} INFO - DAG(s) 'kafka_to_mongo_pipeline' retrieved from /opt/airflow/dags/kafka_to_mongo_pipeline.py
[2024-12-31T00:05:50.157+0000] {logging_mixin.py:190} INFO - [2024-12-31T00:05:50.156+0000] {dag.py:3239} INFO - Sync 1 DAGs
[2024-12-31T00:05:50.173+0000] {logging_mixin.py:190} INFO - [2024-12-31T00:05:50.173+0000] {dag.py:4180} INFO - Setting next_dagrun for kafka_to_mongo_pipeline to None, run_after=None
[2024-12-31T00:05:50.194+0000] {processor.py:208} INFO - Processing /opt/airflow/dags/kafka_to_mongo_pipeline.py took 0.298 seconds
[2024-12-31T00:06:20.486+0000] {processor.py:186} INFO - Started process (PID=1396) to work on /opt/airflow/dags/kafka_to_mongo_pipeline.py
[2024-12-31T00:06:20.487+0000] {processor.py:914} INFO - Processing file /opt/airflow/dags/kafka_to_mongo_pipeline.py for tasks to queue
[2024-12-31T00:06:20.489+0000] {logging_mixin.py:190} INFO - [2024-12-31T00:06:20.488+0000] {dagbag.py:588} INFO - Filling up the DagBag from /opt/airflow/dags/kafka_to_mongo_pipeline.py
[2024-12-31T00:06:20.639+0000] {processor.py:925} INFO - DAG(s) 'kafka_to_mongo_pipeline' retrieved from /opt/airflow/dags/kafka_to_mongo_pipeline.py
[2024-12-31T00:06:20.662+0000] {logging_mixin.py:190} INFO - [2024-12-31T00:06:20.662+0000] {dag.py:3239} INFO - Sync 1 DAGs
[2024-12-31T00:06:20.676+0000] {logging_mixin.py:190} INFO - [2024-12-31T00:06:20.675+0000] {dag.py:4180} INFO - Setting next_dagrun for kafka_to_mongo_pipeline to None, run_after=None
[2024-12-31T00:06:20.692+0000] {processor.py:208} INFO - Processing /opt/airflow/dags/kafka_to_mongo_pipeline.py took 0.212 seconds
[2024-12-31T00:06:51.507+0000] {processor.py:186} INFO - Started process (PID=1409) to work on /opt/airflow/dags/kafka_to_mongo_pipeline.py
[2024-12-31T00:06:51.508+0000] {processor.py:914} INFO - Processing file /opt/airflow/dags/kafka_to_mongo_pipeline.py for tasks to queue
[2024-12-31T00:06:51.509+0000] {logging_mixin.py:190} INFO - [2024-12-31T00:06:51.509+0000] {dagbag.py:588} INFO - Filling up the DagBag from /opt/airflow/dags/kafka_to_mongo_pipeline.py
[2024-12-31T00:06:51.643+0000] {processor.py:925} INFO - DAG(s) 'kafka_to_mongo_pipeline' retrieved from /opt/airflow/dags/kafka_to_mongo_pipeline.py
[2024-12-31T00:06:51.665+0000] {logging_mixin.py:190} INFO - [2024-12-31T00:06:51.665+0000] {dag.py:3239} INFO - Sync 1 DAGs
[2024-12-31T00:06:51.677+0000] {logging_mixin.py:190} INFO - [2024-12-31T00:06:51.677+0000] {dag.py:4180} INFO - Setting next_dagrun for kafka_to_mongo_pipeline to None, run_after=None
[2024-12-31T00:06:51.694+0000] {processor.py:208} INFO - Processing /opt/airflow/dags/kafka_to_mongo_pipeline.py took 0.192 seconds
[2024-12-31T00:07:22.463+0000] {processor.py:186} INFO - Started process (PID=1422) to work on /opt/airflow/dags/kafka_to_mongo_pipeline.py
[2024-12-31T00:07:22.464+0000] {processor.py:914} INFO - Processing file /opt/airflow/dags/kafka_to_mongo_pipeline.py for tasks to queue
[2024-12-31T00:07:22.465+0000] {logging_mixin.py:190} INFO - [2024-12-31T00:07:22.465+0000] {dagbag.py:588} INFO - Filling up the DagBag from /opt/airflow/dags/kafka_to_mongo_pipeline.py
[2024-12-31T00:07:22.601+0000] {processor.py:925} INFO - DAG(s) 'kafka_to_mongo_pipeline' retrieved from /opt/airflow/dags/kafka_to_mongo_pipeline.py
[2024-12-31T00:07:22.622+0000] {logging_mixin.py:190} INFO - [2024-12-31T00:07:22.621+0000] {dag.py:3239} INFO - Sync 1 DAGs
[2024-12-31T00:07:22.634+0000] {logging_mixin.py:190} INFO - [2024-12-31T00:07:22.634+0000] {dag.py:4180} INFO - Setting next_dagrun for kafka_to_mongo_pipeline to None, run_after=None
[2024-12-31T00:07:22.649+0000] {processor.py:208} INFO - Processing /opt/airflow/dags/kafka_to_mongo_pipeline.py took 0.192 seconds
[2024-12-31T00:07:53.356+0000] {processor.py:186} INFO - Started process (PID=1435) to work on /opt/airflow/dags/kafka_to_mongo_pipeline.py
[2024-12-31T00:07:53.357+0000] {processor.py:914} INFO - Processing file /opt/airflow/dags/kafka_to_mongo_pipeline.py for tasks to queue
[2024-12-31T00:07:53.358+0000] {logging_mixin.py:190} INFO - [2024-12-31T00:07:53.358+0000] {dagbag.py:588} INFO - Filling up the DagBag from /opt/airflow/dags/kafka_to_mongo_pipeline.py
[2024-12-31T00:07:53.573+0000] {processor.py:925} INFO - DAG(s) 'kafka_to_mongo_pipeline' retrieved from /opt/airflow/dags/kafka_to_mongo_pipeline.py
[2024-12-31T00:07:53.600+0000] {logging_mixin.py:190} INFO - [2024-12-31T00:07:53.599+0000] {dag.py:3239} INFO - Sync 1 DAGs
[2024-12-31T00:07:53.623+0000] {logging_mixin.py:190} INFO - [2024-12-31T00:07:53.623+0000] {dag.py:4180} INFO - Setting next_dagrun for kafka_to_mongo_pipeline to None, run_after=None
[2024-12-31T00:07:53.654+0000] {processor.py:208} INFO - Processing /opt/airflow/dags/kafka_to_mongo_pipeline.py took 0.304 seconds
[2024-12-31T00:08:24.145+0000] {processor.py:186} INFO - Started process (PID=1448) to work on /opt/airflow/dags/kafka_to_mongo_pipeline.py
[2024-12-31T00:08:24.146+0000] {processor.py:914} INFO - Processing file /opt/airflow/dags/kafka_to_mongo_pipeline.py for tasks to queue
[2024-12-31T00:08:24.148+0000] {logging_mixin.py:190} INFO - [2024-12-31T00:08:24.147+0000] {dagbag.py:588} INFO - Filling up the DagBag from /opt/airflow/dags/kafka_to_mongo_pipeline.py
[2024-12-31T00:08:24.355+0000] {processor.py:925} INFO - DAG(s) 'kafka_to_mongo_pipeline' retrieved from /opt/airflow/dags/kafka_to_mongo_pipeline.py
[2024-12-31T00:08:24.384+0000] {logging_mixin.py:190} INFO - [2024-12-31T00:08:24.384+0000] {dag.py:3239} INFO - Sync 1 DAGs
[2024-12-31T00:08:24.402+0000] {logging_mixin.py:190} INFO - [2024-12-31T00:08:24.401+0000] {dag.py:4180} INFO - Setting next_dagrun for kafka_to_mongo_pipeline to None, run_after=None
[2024-12-31T00:08:24.427+0000] {processor.py:208} INFO - Processing /opt/airflow/dags/kafka_to_mongo_pipeline.py took 0.290 seconds
[2024-12-31T00:08:54.682+0000] {processor.py:186} INFO - Started process (PID=1462) to work on /opt/airflow/dags/kafka_to_mongo_pipeline.py
[2024-12-31T00:08:54.683+0000] {processor.py:914} INFO - Processing file /opt/airflow/dags/kafka_to_mongo_pipeline.py for tasks to queue
[2024-12-31T00:08:54.684+0000] {logging_mixin.py:190} INFO - [2024-12-31T00:08:54.683+0000] {dagbag.py:588} INFO - Filling up the DagBag from /opt/airflow/dags/kafka_to_mongo_pipeline.py
[2024-12-31T00:08:54.833+0000] {processor.py:925} INFO - DAG(s) 'kafka_to_mongo_pipeline' retrieved from /opt/airflow/dags/kafka_to_mongo_pipeline.py
[2024-12-31T00:08:54.859+0000] {logging_mixin.py:190} INFO - [2024-12-31T00:08:54.859+0000] {dag.py:3239} INFO - Sync 1 DAGs
[2024-12-31T00:08:54.874+0000] {logging_mixin.py:190} INFO - [2024-12-31T00:08:54.874+0000] {dag.py:4180} INFO - Setting next_dagrun for kafka_to_mongo_pipeline to None, run_after=None
[2024-12-31T00:08:54.893+0000] {processor.py:208} INFO - Processing /opt/airflow/dags/kafka_to_mongo_pipeline.py took 0.217 seconds
[2024-12-31T00:09:25.092+0000] {processor.py:186} INFO - Started process (PID=1475) to work on /opt/airflow/dags/kafka_to_mongo_pipeline.py
[2024-12-31T00:09:25.093+0000] {processor.py:914} INFO - Processing file /opt/airflow/dags/kafka_to_mongo_pipeline.py for tasks to queue
[2024-12-31T00:09:25.094+0000] {logging_mixin.py:190} INFO - [2024-12-31T00:09:25.094+0000] {dagbag.py:588} INFO - Filling up the DagBag from /opt/airflow/dags/kafka_to_mongo_pipeline.py
[2024-12-31T00:09:25.244+0000] {processor.py:925} INFO - DAG(s) 'kafka_to_mongo_pipeline' retrieved from /opt/airflow/dags/kafka_to_mongo_pipeline.py
[2024-12-31T00:09:25.270+0000] {logging_mixin.py:190} INFO - [2024-12-31T00:09:25.270+0000] {dag.py:3239} INFO - Sync 1 DAGs
[2024-12-31T00:09:25.284+0000] {logging_mixin.py:190} INFO - [2024-12-31T00:09:25.284+0000] {dag.py:4180} INFO - Setting next_dagrun for kafka_to_mongo_pipeline to None, run_after=None
[2024-12-31T00:09:25.302+0000] {processor.py:208} INFO - Processing /opt/airflow/dags/kafka_to_mongo_pipeline.py took 0.217 seconds
[2024-12-31T00:09:55.435+0000] {processor.py:186} INFO - Started process (PID=1490) to work on /opt/airflow/dags/kafka_to_mongo_pipeline.py
[2024-12-31T00:09:55.436+0000] {processor.py:914} INFO - Processing file /opt/airflow/dags/kafka_to_mongo_pipeline.py for tasks to queue
[2024-12-31T00:09:55.438+0000] {logging_mixin.py:190} INFO - [2024-12-31T00:09:55.438+0000] {dagbag.py:588} INFO - Filling up the DagBag from /opt/airflow/dags/kafka_to_mongo_pipeline.py
[2024-12-31T00:09:55.587+0000] {processor.py:925} INFO - DAG(s) 'kafka_to_mongo_pipeline' retrieved from /opt/airflow/dags/kafka_to_mongo_pipeline.py
[2024-12-31T00:09:55.610+0000] {logging_mixin.py:190} INFO - [2024-12-31T00:09:55.609+0000] {dag.py:3239} INFO - Sync 1 DAGs
[2024-12-31T00:09:55.625+0000] {logging_mixin.py:190} INFO - [2024-12-31T00:09:55.625+0000] {dag.py:4180} INFO - Setting next_dagrun for kafka_to_mongo_pipeline to None, run_after=None
[2024-12-31T00:09:55.644+0000] {processor.py:208} INFO - Processing /opt/airflow/dags/kafka_to_mongo_pipeline.py took 0.215 seconds
[2024-12-31T00:10:25.697+0000] {processor.py:186} INFO - Started process (PID=1507) to work on /opt/airflow/dags/kafka_to_mongo_pipeline.py
[2024-12-31T00:10:25.698+0000] {processor.py:914} INFO - Processing file /opt/airflow/dags/kafka_to_mongo_pipeline.py for tasks to queue
[2024-12-31T00:10:25.699+0000] {logging_mixin.py:190} INFO - [2024-12-31T00:10:25.699+0000] {dagbag.py:588} INFO - Filling up the DagBag from /opt/airflow/dags/kafka_to_mongo_pipeline.py
[2024-12-31T00:10:25.873+0000] {processor.py:925} INFO - DAG(s) 'kafka_to_mongo_pipeline' retrieved from /opt/airflow/dags/kafka_to_mongo_pipeline.py
[2024-12-31T00:10:25.895+0000] {logging_mixin.py:190} INFO - [2024-12-31T00:10:25.895+0000] {dag.py:3239} INFO - Sync 1 DAGs
[2024-12-31T00:10:25.910+0000] {logging_mixin.py:190} INFO - [2024-12-31T00:10:25.910+0000] {dag.py:4180} INFO - Setting next_dagrun for kafka_to_mongo_pipeline to None, run_after=None
[2024-12-31T00:10:25.927+0000] {processor.py:208} INFO - Processing /opt/airflow/dags/kafka_to_mongo_pipeline.py took 0.239 seconds
[2024-12-31T00:10:56.676+0000] {processor.py:186} INFO - Started process (PID=1520) to work on /opt/airflow/dags/kafka_to_mongo_pipeline.py
[2024-12-31T00:10:56.677+0000] {processor.py:914} INFO - Processing file /opt/airflow/dags/kafka_to_mongo_pipeline.py for tasks to queue
[2024-12-31T00:10:56.679+0000] {logging_mixin.py:190} INFO - [2024-12-31T00:10:56.679+0000] {dagbag.py:588} INFO - Filling up the DagBag from /opt/airflow/dags/kafka_to_mongo_pipeline.py
[2024-12-31T00:10:56.826+0000] {processor.py:925} INFO - DAG(s) 'kafka_to_mongo_pipeline' retrieved from /opt/airflow/dags/kafka_to_mongo_pipeline.py
[2024-12-31T00:10:56.852+0000] {logging_mixin.py:190} INFO - [2024-12-31T00:10:56.852+0000] {dag.py:3239} INFO - Sync 1 DAGs
[2024-12-31T00:10:56.867+0000] {logging_mixin.py:190} INFO - [2024-12-31T00:10:56.867+0000] {dag.py:4180} INFO - Setting next_dagrun for kafka_to_mongo_pipeline to None, run_after=None
[2024-12-31T00:10:56.883+0000] {processor.py:208} INFO - Processing /opt/airflow/dags/kafka_to_mongo_pipeline.py took 0.213 seconds
[2024-12-31T00:11:27.620+0000] {processor.py:186} INFO - Started process (PID=1533) to work on /opt/airflow/dags/kafka_to_mongo_pipeline.py
[2024-12-31T00:11:27.622+0000] {processor.py:914} INFO - Processing file /opt/airflow/dags/kafka_to_mongo_pipeline.py for tasks to queue
[2024-12-31T00:11:27.623+0000] {logging_mixin.py:190} INFO - [2024-12-31T00:11:27.623+0000] {dagbag.py:588} INFO - Filling up the DagBag from /opt/airflow/dags/kafka_to_mongo_pipeline.py
[2024-12-31T00:11:27.812+0000] {processor.py:925} INFO - DAG(s) 'kafka_to_mongo_pipeline' retrieved from /opt/airflow/dags/kafka_to_mongo_pipeline.py
[2024-12-31T00:11:27.839+0000] {logging_mixin.py:190} INFO - [2024-12-31T00:11:27.838+0000] {dag.py:3239} INFO - Sync 1 DAGs
[2024-12-31T00:11:27.854+0000] {logging_mixin.py:190} INFO - [2024-12-31T00:11:27.854+0000] {dag.py:4180} INFO - Setting next_dagrun for kafka_to_mongo_pipeline to None, run_after=None
[2024-12-31T00:11:27.872+0000] {processor.py:208} INFO - Processing /opt/airflow/dags/kafka_to_mongo_pipeline.py took 0.258 seconds
[2024-12-31T00:11:58.223+0000] {processor.py:186} INFO - Started process (PID=1546) to work on /opt/airflow/dags/kafka_to_mongo_pipeline.py
[2024-12-31T00:11:58.227+0000] {processor.py:914} INFO - Processing file /opt/airflow/dags/kafka_to_mongo_pipeline.py for tasks to queue
[2024-12-31T00:11:58.231+0000] {logging_mixin.py:190} INFO - [2024-12-31T00:11:58.230+0000] {dagbag.py:588} INFO - Filling up the DagBag from /opt/airflow/dags/kafka_to_mongo_pipeline.py
[2024-12-31T00:11:58.822+0000] {processor.py:925} INFO - DAG(s) 'kafka_to_mongo_pipeline' retrieved from /opt/airflow/dags/kafka_to_mongo_pipeline.py
[2024-12-31T00:11:58.929+0000] {logging_mixin.py:190} INFO - [2024-12-31T00:11:58.927+0000] {dag.py:3239} INFO - Sync 1 DAGs
[2024-12-31T00:11:58.984+0000] {logging_mixin.py:190} INFO - [2024-12-31T00:11:58.983+0000] {dag.py:4180} INFO - Setting next_dagrun for kafka_to_mongo_pipeline to None, run_after=None
[2024-12-31T00:11:59.154+0000] {processor.py:208} INFO - Processing /opt/airflow/dags/kafka_to_mongo_pipeline.py took 0.965 seconds
[2024-12-31T00:12:29.521+0000] {processor.py:186} INFO - Started process (PID=1559) to work on /opt/airflow/dags/kafka_to_mongo_pipeline.py
[2024-12-31T00:12:29.522+0000] {processor.py:914} INFO - Processing file /opt/airflow/dags/kafka_to_mongo_pipeline.py for tasks to queue
[2024-12-31T00:12:29.525+0000] {logging_mixin.py:190} INFO - [2024-12-31T00:12:29.524+0000] {dagbag.py:588} INFO - Filling up the DagBag from /opt/airflow/dags/kafka_to_mongo_pipeline.py
[2024-12-31T00:12:29.802+0000] {processor.py:925} INFO - DAG(s) 'kafka_to_mongo_pipeline' retrieved from /opt/airflow/dags/kafka_to_mongo_pipeline.py
[2024-12-31T00:12:29.851+0000] {logging_mixin.py:190} INFO - [2024-12-31T00:12:29.850+0000] {dag.py:3239} INFO - Sync 1 DAGs
[2024-12-31T00:12:29.881+0000] {logging_mixin.py:190} INFO - [2024-12-31T00:12:29.880+0000] {dag.py:4180} INFO - Setting next_dagrun for kafka_to_mongo_pipeline to None, run_after=None
[2024-12-31T00:12:29.911+0000] {processor.py:208} INFO - Processing /opt/airflow/dags/kafka_to_mongo_pipeline.py took 0.402 seconds
[2024-12-31T00:13:00.376+0000] {processor.py:186} INFO - Started process (PID=1572) to work on /opt/airflow/dags/kafka_to_mongo_pipeline.py
[2024-12-31T00:13:00.377+0000] {processor.py:914} INFO - Processing file /opt/airflow/dags/kafka_to_mongo_pipeline.py for tasks to queue
[2024-12-31T00:13:00.380+0000] {logging_mixin.py:190} INFO - [2024-12-31T00:13:00.379+0000] {dagbag.py:588} INFO - Filling up the DagBag from /opt/airflow/dags/kafka_to_mongo_pipeline.py
[2024-12-31T00:13:00.618+0000] {processor.py:925} INFO - DAG(s) 'kafka_to_mongo_pipeline' retrieved from /opt/airflow/dags/kafka_to_mongo_pipeline.py
[2024-12-31T00:13:00.643+0000] {logging_mixin.py:190} INFO - [2024-12-31T00:13:00.643+0000] {dag.py:3239} INFO - Sync 1 DAGs
[2024-12-31T00:13:00.656+0000] {logging_mixin.py:190} INFO - [2024-12-31T00:13:00.656+0000] {dag.py:4180} INFO - Setting next_dagrun for kafka_to_mongo_pipeline to None, run_after=None
[2024-12-31T00:13:00.673+0000] {processor.py:208} INFO - Processing /opt/airflow/dags/kafka_to_mongo_pipeline.py took 0.308 seconds
[2024-12-31T00:13:30.924+0000] {processor.py:186} INFO - Started process (PID=1586) to work on /opt/airflow/dags/kafka_to_mongo_pipeline.py
[2024-12-31T00:13:30.925+0000] {processor.py:914} INFO - Processing file /opt/airflow/dags/kafka_to_mongo_pipeline.py for tasks to queue
[2024-12-31T00:13:30.927+0000] {logging_mixin.py:190} INFO - [2024-12-31T00:13:30.926+0000] {dagbag.py:588} INFO - Filling up the DagBag from /opt/airflow/dags/kafka_to_mongo_pipeline.py
[2024-12-31T00:13:31.135+0000] {processor.py:925} INFO - DAG(s) 'kafka_to_mongo_pipeline' retrieved from /opt/airflow/dags/kafka_to_mongo_pipeline.py
[2024-12-31T00:13:31.161+0000] {logging_mixin.py:190} INFO - [2024-12-31T00:13:31.160+0000] {dag.py:3239} INFO - Sync 1 DAGs
[2024-12-31T00:13:31.174+0000] {logging_mixin.py:190} INFO - [2024-12-31T00:13:31.174+0000] {dag.py:4180} INFO - Setting next_dagrun for kafka_to_mongo_pipeline to None, run_after=None
[2024-12-31T00:13:31.190+0000] {processor.py:208} INFO - Processing /opt/airflow/dags/kafka_to_mongo_pipeline.py took 0.273 seconds
[2024-12-31T00:14:01.380+0000] {processor.py:186} INFO - Started process (PID=1598) to work on /opt/airflow/dags/kafka_to_mongo_pipeline.py
[2024-12-31T00:14:01.381+0000] {processor.py:914} INFO - Processing file /opt/airflow/dags/kafka_to_mongo_pipeline.py for tasks to queue
[2024-12-31T00:14:01.382+0000] {logging_mixin.py:190} INFO - [2024-12-31T00:14:01.382+0000] {dagbag.py:588} INFO - Filling up the DagBag from /opt/airflow/dags/kafka_to_mongo_pipeline.py
[2024-12-31T00:14:01.632+0000] {processor.py:925} INFO - DAG(s) 'kafka_to_mongo_pipeline' retrieved from /opt/airflow/dags/kafka_to_mongo_pipeline.py
[2024-12-31T00:14:01.661+0000] {logging_mixin.py:190} INFO - [2024-12-31T00:14:01.661+0000] {dag.py:3239} INFO - Sync 1 DAGs
[2024-12-31T00:14:01.677+0000] {logging_mixin.py:190} INFO - [2024-12-31T00:14:01.676+0000] {dag.py:4180} INFO - Setting next_dagrun for kafka_to_mongo_pipeline to None, run_after=None
[2024-12-31T00:14:01.696+0000] {processor.py:208} INFO - Processing /opt/airflow/dags/kafka_to_mongo_pipeline.py took 0.324 seconds
[2024-12-31T00:14:31.930+0000] {processor.py:186} INFO - Started process (PID=1610) to work on /opt/airflow/dags/kafka_to_mongo_pipeline.py
[2024-12-31T00:14:31.931+0000] {processor.py:914} INFO - Processing file /opt/airflow/dags/kafka_to_mongo_pipeline.py for tasks to queue
[2024-12-31T00:14:31.932+0000] {logging_mixin.py:190} INFO - [2024-12-31T00:14:31.932+0000] {dagbag.py:588} INFO - Filling up the DagBag from /opt/airflow/dags/kafka_to_mongo_pipeline.py
[2024-12-31T00:14:32.101+0000] {processor.py:925} INFO - DAG(s) 'kafka_to_mongo_pipeline' retrieved from /opt/airflow/dags/kafka_to_mongo_pipeline.py
[2024-12-31T00:14:32.127+0000] {logging_mixin.py:190} INFO - [2024-12-31T00:14:32.127+0000] {dag.py:3239} INFO - Sync 1 DAGs
[2024-12-31T00:14:32.142+0000] {logging_mixin.py:190} INFO - [2024-12-31T00:14:32.142+0000] {dag.py:4180} INFO - Setting next_dagrun for kafka_to_mongo_pipeline to None, run_after=None
[2024-12-31T00:14:32.161+0000] {processor.py:208} INFO - Processing /opt/airflow/dags/kafka_to_mongo_pipeline.py took 0.237 seconds
[2024-12-31T00:15:02.308+0000] {processor.py:186} INFO - Started process (PID=1623) to work on /opt/airflow/dags/kafka_to_mongo_pipeline.py
[2024-12-31T00:15:02.308+0000] {processor.py:914} INFO - Processing file /opt/airflow/dags/kafka_to_mongo_pipeline.py for tasks to queue
[2024-12-31T00:15:02.310+0000] {logging_mixin.py:190} INFO - [2024-12-31T00:15:02.310+0000] {dagbag.py:588} INFO - Filling up the DagBag from /opt/airflow/dags/kafka_to_mongo_pipeline.py
[2024-12-31T00:15:02.463+0000] {processor.py:925} INFO - DAG(s) 'kafka_to_mongo_pipeline' retrieved from /opt/airflow/dags/kafka_to_mongo_pipeline.py
[2024-12-31T00:15:02.486+0000] {logging_mixin.py:190} INFO - [2024-12-31T00:15:02.485+0000] {dag.py:3239} INFO - Sync 1 DAGs
[2024-12-31T00:15:02.500+0000] {logging_mixin.py:190} INFO - [2024-12-31T00:15:02.499+0000] {dag.py:4180} INFO - Setting next_dagrun for kafka_to_mongo_pipeline to None, run_after=None
[2024-12-31T00:15:02.517+0000] {processor.py:208} INFO - Processing /opt/airflow/dags/kafka_to_mongo_pipeline.py took 0.215 seconds
[2024-12-31T00:15:32.991+0000] {processor.py:186} INFO - Started process (PID=1635) to work on /opt/airflow/dags/kafka_to_mongo_pipeline.py
[2024-12-31T00:15:32.992+0000] {processor.py:914} INFO - Processing file /opt/airflow/dags/kafka_to_mongo_pipeline.py for tasks to queue
[2024-12-31T00:15:32.993+0000] {logging_mixin.py:190} INFO - [2024-12-31T00:15:32.993+0000] {dagbag.py:588} INFO - Filling up the DagBag from /opt/airflow/dags/kafka_to_mongo_pipeline.py
[2024-12-31T00:15:33.137+0000] {processor.py:925} INFO - DAG(s) 'kafka_to_mongo_pipeline' retrieved from /opt/airflow/dags/kafka_to_mongo_pipeline.py
[2024-12-31T00:15:33.160+0000] {logging_mixin.py:190} INFO - [2024-12-31T00:15:33.159+0000] {dag.py:3239} INFO - Sync 1 DAGs
[2024-12-31T00:15:33.173+0000] {logging_mixin.py:190} INFO - [2024-12-31T00:15:33.172+0000] {dag.py:4180} INFO - Setting next_dagrun for kafka_to_mongo_pipeline to None, run_after=None
[2024-12-31T00:15:33.189+0000] {processor.py:208} INFO - Processing /opt/airflow/dags/kafka_to_mongo_pipeline.py took 0.203 seconds
[2024-12-31T00:16:03.848+0000] {processor.py:186} INFO - Started process (PID=1648) to work on /opt/airflow/dags/kafka_to_mongo_pipeline.py
[2024-12-31T00:16:03.849+0000] {processor.py:914} INFO - Processing file /opt/airflow/dags/kafka_to_mongo_pipeline.py for tasks to queue
[2024-12-31T00:16:03.850+0000] {logging_mixin.py:190} INFO - [2024-12-31T00:16:03.850+0000] {dagbag.py:588} INFO - Filling up the DagBag from /opt/airflow/dags/kafka_to_mongo_pipeline.py
[2024-12-31T00:16:04.007+0000] {processor.py:925} INFO - DAG(s) 'kafka_to_mongo_pipeline' retrieved from /opt/airflow/dags/kafka_to_mongo_pipeline.py
[2024-12-31T00:16:04.029+0000] {logging_mixin.py:190} INFO - [2024-12-31T00:16:04.029+0000] {dag.py:3239} INFO - Sync 1 DAGs
[2024-12-31T00:16:04.042+0000] {logging_mixin.py:190} INFO - [2024-12-31T00:16:04.042+0000] {dag.py:4180} INFO - Setting next_dagrun for kafka_to_mongo_pipeline to None, run_after=None
[2024-12-31T00:16:04.060+0000] {processor.py:208} INFO - Processing /opt/airflow/dags/kafka_to_mongo_pipeline.py took 0.217 seconds
[2024-12-31T00:16:34.271+0000] {processor.py:186} INFO - Started process (PID=1660) to work on /opt/airflow/dags/kafka_to_mongo_pipeline.py
[2024-12-31T00:16:34.271+0000] {processor.py:914} INFO - Processing file /opt/airflow/dags/kafka_to_mongo_pipeline.py for tasks to queue
[2024-12-31T00:16:34.273+0000] {logging_mixin.py:190} INFO - [2024-12-31T00:16:34.272+0000] {dagbag.py:588} INFO - Filling up the DagBag from /opt/airflow/dags/kafka_to_mongo_pipeline.py
[2024-12-31T00:16:34.498+0000] {processor.py:925} INFO - DAG(s) 'kafka_to_mongo_pipeline' retrieved from /opt/airflow/dags/kafka_to_mongo_pipeline.py
[2024-12-31T00:16:34.557+0000] {logging_mixin.py:190} INFO - [2024-12-31T00:16:34.555+0000] {dag.py:3239} INFO - Sync 1 DAGs
[2024-12-31T00:16:34.585+0000] {logging_mixin.py:190} INFO - [2024-12-31T00:16:34.583+0000] {dag.py:4180} INFO - Setting next_dagrun for kafka_to_mongo_pipeline to None, run_after=None
[2024-12-31T00:16:34.635+0000] {processor.py:208} INFO - Processing /opt/airflow/dags/kafka_to_mongo_pipeline.py took 0.370 seconds
[2024-12-31T00:17:05.361+0000] {processor.py:186} INFO - Started process (PID=1672) to work on /opt/airflow/dags/kafka_to_mongo_pipeline.py
[2024-12-31T00:17:05.362+0000] {processor.py:914} INFO - Processing file /opt/airflow/dags/kafka_to_mongo_pipeline.py for tasks to queue
[2024-12-31T00:17:05.363+0000] {logging_mixin.py:190} INFO - [2024-12-31T00:17:05.363+0000] {dagbag.py:588} INFO - Filling up the DagBag from /opt/airflow/dags/kafka_to_mongo_pipeline.py
[2024-12-31T00:17:05.528+0000] {processor.py:925} INFO - DAG(s) 'kafka_to_mongo_pipeline' retrieved from /opt/airflow/dags/kafka_to_mongo_pipeline.py
[2024-12-31T00:17:05.560+0000] {logging_mixin.py:190} INFO - [2024-12-31T00:17:05.560+0000] {dag.py:3239} INFO - Sync 1 DAGs
[2024-12-31T00:17:05.579+0000] {logging_mixin.py:190} INFO - [2024-12-31T00:17:05.579+0000] {dag.py:4180} INFO - Setting next_dagrun for kafka_to_mongo_pipeline to None, run_after=None
[2024-12-31T00:17:05.595+0000] {processor.py:208} INFO - Processing /opt/airflow/dags/kafka_to_mongo_pipeline.py took 0.239 seconds
[2024-12-31T00:17:35.835+0000] {processor.py:186} INFO - Started process (PID=1697) to work on /opt/airflow/dags/kafka_to_mongo_pipeline.py
[2024-12-31T00:17:35.836+0000] {processor.py:914} INFO - Processing file /opt/airflow/dags/kafka_to_mongo_pipeline.py for tasks to queue
[2024-12-31T00:17:35.838+0000] {logging_mixin.py:190} INFO - [2024-12-31T00:17:35.837+0000] {dagbag.py:588} INFO - Filling up the DagBag from /opt/airflow/dags/kafka_to_mongo_pipeline.py
[2024-12-31T00:17:36.008+0000] {processor.py:925} INFO - DAG(s) 'kafka_to_mongo_pipeline' retrieved from /opt/airflow/dags/kafka_to_mongo_pipeline.py
[2024-12-31T00:17:36.029+0000] {logging_mixin.py:190} INFO - [2024-12-31T00:17:36.028+0000] {dag.py:3239} INFO - Sync 1 DAGs
[2024-12-31T00:17:36.041+0000] {logging_mixin.py:190} INFO - [2024-12-31T00:17:36.041+0000] {dag.py:4180} INFO - Setting next_dagrun for kafka_to_mongo_pipeline to None, run_after=None
[2024-12-31T00:17:36.058+0000] {processor.py:208} INFO - Processing /opt/airflow/dags/kafka_to_mongo_pipeline.py took 0.229 seconds
[2024-12-31T00:18:06.441+0000] {processor.py:186} INFO - Started process (PID=1710) to work on /opt/airflow/dags/kafka_to_mongo_pipeline.py
[2024-12-31T00:18:06.442+0000] {processor.py:914} INFO - Processing file /opt/airflow/dags/kafka_to_mongo_pipeline.py for tasks to queue
[2024-12-31T00:18:06.443+0000] {logging_mixin.py:190} INFO - [2024-12-31T00:18:06.443+0000] {dagbag.py:588} INFO - Filling up the DagBag from /opt/airflow/dags/kafka_to_mongo_pipeline.py
[2024-12-31T00:18:06.582+0000] {processor.py:925} INFO - DAG(s) 'kafka_to_mongo_pipeline' retrieved from /opt/airflow/dags/kafka_to_mongo_pipeline.py
[2024-12-31T00:18:06.605+0000] {logging_mixin.py:190} INFO - [2024-12-31T00:18:06.605+0000] {dag.py:3239} INFO - Sync 1 DAGs
[2024-12-31T00:18:06.621+0000] {logging_mixin.py:190} INFO - [2024-12-31T00:18:06.620+0000] {dag.py:4180} INFO - Setting next_dagrun for kafka_to_mongo_pipeline to None, run_after=None
[2024-12-31T00:18:06.638+0000] {processor.py:208} INFO - Processing /opt/airflow/dags/kafka_to_mongo_pipeline.py took 0.202 seconds
[2024-12-31T00:18:36.717+0000] {processor.py:186} INFO - Started process (PID=1724) to work on /opt/airflow/dags/kafka_to_mongo_pipeline.py
[2024-12-31T00:18:36.718+0000] {processor.py:914} INFO - Processing file /opt/airflow/dags/kafka_to_mongo_pipeline.py for tasks to queue
[2024-12-31T00:18:36.722+0000] {logging_mixin.py:190} INFO - [2024-12-31T00:18:36.721+0000] {dagbag.py:588} INFO - Filling up the DagBag from /opt/airflow/dags/kafka_to_mongo_pipeline.py
[2024-12-31T00:18:36.988+0000] {processor.py:925} INFO - DAG(s) 'kafka_to_mongo_pipeline' retrieved from /opt/airflow/dags/kafka_to_mongo_pipeline.py
[2024-12-31T00:18:37.032+0000] {logging_mixin.py:190} INFO - [2024-12-31T00:18:37.032+0000] {dag.py:3239} INFO - Sync 1 DAGs
[2024-12-31T00:18:37.055+0000] {logging_mixin.py:190} INFO - [2024-12-31T00:18:37.055+0000] {dag.py:4180} INFO - Setting next_dagrun for kafka_to_mongo_pipeline to None, run_after=None
[2024-12-31T00:18:37.092+0000] {processor.py:208} INFO - Processing /opt/airflow/dags/kafka_to_mongo_pipeline.py took 0.385 seconds
[2024-12-31T00:19:07.239+0000] {processor.py:186} INFO - Started process (PID=1736) to work on /opt/airflow/dags/kafka_to_mongo_pipeline.py
[2024-12-31T00:19:07.242+0000] {processor.py:914} INFO - Processing file /opt/airflow/dags/kafka_to_mongo_pipeline.py for tasks to queue
[2024-12-31T00:19:07.243+0000] {logging_mixin.py:190} INFO - [2024-12-31T00:19:07.243+0000] {dagbag.py:588} INFO - Filling up the DagBag from /opt/airflow/dags/kafka_to_mongo_pipeline.py
[2024-12-31T00:19:07.532+0000] {processor.py:925} INFO - DAG(s) 'kafka_to_mongo_pipeline' retrieved from /opt/airflow/dags/kafka_to_mongo_pipeline.py
[2024-12-31T00:19:07.563+0000] {logging_mixin.py:190} INFO - [2024-12-31T00:19:07.562+0000] {dag.py:3239} INFO - Sync 1 DAGs
[2024-12-31T00:19:07.586+0000] {logging_mixin.py:190} INFO - [2024-12-31T00:19:07.585+0000] {dag.py:4180} INFO - Setting next_dagrun for kafka_to_mongo_pipeline to None, run_after=None
[2024-12-31T00:19:07.624+0000] {processor.py:208} INFO - Processing /opt/airflow/dags/kafka_to_mongo_pipeline.py took 0.399 seconds
[2024-12-31T00:19:37.885+0000] {processor.py:186} INFO - Started process (PID=1748) to work on /opt/airflow/dags/kafka_to_mongo_pipeline.py
[2024-12-31T00:19:37.888+0000] {processor.py:914} INFO - Processing file /opt/airflow/dags/kafka_to_mongo_pipeline.py for tasks to queue
[2024-12-31T00:19:37.891+0000] {logging_mixin.py:190} INFO - [2024-12-31T00:19:37.890+0000] {dagbag.py:588} INFO - Filling up the DagBag from /opt/airflow/dags/kafka_to_mongo_pipeline.py
[2024-12-31T00:19:38.178+0000] {processor.py:925} INFO - DAG(s) 'kafka_to_mongo_pipeline' retrieved from /opt/airflow/dags/kafka_to_mongo_pipeline.py
[2024-12-31T00:19:38.219+0000] {logging_mixin.py:190} INFO - [2024-12-31T00:19:38.218+0000] {dag.py:3239} INFO - Sync 1 DAGs
[2024-12-31T00:19:38.238+0000] {logging_mixin.py:190} INFO - [2024-12-31T00:19:38.238+0000] {dag.py:4180} INFO - Setting next_dagrun for kafka_to_mongo_pipeline to None, run_after=None
[2024-12-31T00:19:38.267+0000] {processor.py:208} INFO - Processing /opt/airflow/dags/kafka_to_mongo_pipeline.py took 0.397 seconds
[2024-12-31T00:20:09.171+0000] {processor.py:186} INFO - Started process (PID=1761) to work on /opt/airflow/dags/kafka_to_mongo_pipeline.py
[2024-12-31T00:20:09.172+0000] {processor.py:914} INFO - Processing file /opt/airflow/dags/kafka_to_mongo_pipeline.py for tasks to queue
[2024-12-31T00:20:09.174+0000] {logging_mixin.py:190} INFO - [2024-12-31T00:20:09.174+0000] {dagbag.py:588} INFO - Filling up the DagBag from /opt/airflow/dags/kafka_to_mongo_pipeline.py
[2024-12-31T00:20:09.334+0000] {processor.py:925} INFO - DAG(s) 'kafka_to_mongo_pipeline' retrieved from /opt/airflow/dags/kafka_to_mongo_pipeline.py
[2024-12-31T00:20:09.359+0000] {logging_mixin.py:190} INFO - [2024-12-31T00:20:09.359+0000] {dag.py:3239} INFO - Sync 1 DAGs
[2024-12-31T00:20:09.377+0000] {logging_mixin.py:190} INFO - [2024-12-31T00:20:09.377+0000] {dag.py:4180} INFO - Setting next_dagrun for kafka_to_mongo_pipeline to None, run_after=None
[2024-12-31T00:20:09.397+0000] {processor.py:208} INFO - Processing /opt/airflow/dags/kafka_to_mongo_pipeline.py took 0.231 seconds
[2024-12-31T00:20:39.873+0000] {processor.py:186} INFO - Started process (PID=1777) to work on /opt/airflow/dags/kafka_to_mongo_pipeline.py
[2024-12-31T00:20:39.874+0000] {processor.py:914} INFO - Processing file /opt/airflow/dags/kafka_to_mongo_pipeline.py for tasks to queue
[2024-12-31T00:20:39.882+0000] {logging_mixin.py:190} INFO - [2024-12-31T00:20:39.880+0000] {dagbag.py:588} INFO - Filling up the DagBag from /opt/airflow/dags/kafka_to_mongo_pipeline.py
[2024-12-31T00:20:40.200+0000] {processor.py:925} INFO - DAG(s) 'kafka_to_mongo_pipeline' retrieved from /opt/airflow/dags/kafka_to_mongo_pipeline.py
[2024-12-31T00:20:40.242+0000] {logging_mixin.py:190} INFO - [2024-12-31T00:20:40.242+0000] {dag.py:3239} INFO - Sync 1 DAGs
[2024-12-31T00:20:40.267+0000] {logging_mixin.py:190} INFO - [2024-12-31T00:20:40.267+0000] {dag.py:4180} INFO - Setting next_dagrun for kafka_to_mongo_pipeline to None, run_after=None
[2024-12-31T00:20:40.304+0000] {processor.py:208} INFO - Processing /opt/airflow/dags/kafka_to_mongo_pipeline.py took 0.455 seconds
[2024-12-31T00:21:11.048+0000] {processor.py:186} INFO - Started process (PID=1791) to work on /opt/airflow/dags/kafka_to_mongo_pipeline.py
[2024-12-31T00:21:11.049+0000] {processor.py:914} INFO - Processing file /opt/airflow/dags/kafka_to_mongo_pipeline.py for tasks to queue
[2024-12-31T00:21:11.051+0000] {logging_mixin.py:190} INFO - [2024-12-31T00:21:11.050+0000] {dagbag.py:588} INFO - Filling up the DagBag from /opt/airflow/dags/kafka_to_mongo_pipeline.py
[2024-12-31T00:21:11.199+0000] {processor.py:925} INFO - DAG(s) 'kafka_to_mongo_pipeline' retrieved from /opt/airflow/dags/kafka_to_mongo_pipeline.py
[2024-12-31T00:21:11.224+0000] {logging_mixin.py:190} INFO - [2024-12-31T00:21:11.224+0000] {dag.py:3239} INFO - Sync 1 DAGs
[2024-12-31T00:21:11.238+0000] {logging_mixin.py:190} INFO - [2024-12-31T00:21:11.237+0000] {dag.py:4180} INFO - Setting next_dagrun for kafka_to_mongo_pipeline to None, run_after=None
[2024-12-31T00:21:11.256+0000] {processor.py:208} INFO - Processing /opt/airflow/dags/kafka_to_mongo_pipeline.py took 0.214 seconds
[2024-12-31T00:21:42.112+0000] {processor.py:186} INFO - Started process (PID=1803) to work on /opt/airflow/dags/kafka_to_mongo_pipeline.py
[2024-12-31T00:21:42.113+0000] {processor.py:914} INFO - Processing file /opt/airflow/dags/kafka_to_mongo_pipeline.py for tasks to queue
[2024-12-31T00:21:42.114+0000] {logging_mixin.py:190} INFO - [2024-12-31T00:21:42.114+0000] {dagbag.py:588} INFO - Filling up the DagBag from /opt/airflow/dags/kafka_to_mongo_pipeline.py
[2024-12-31T00:21:42.272+0000] {processor.py:925} INFO - DAG(s) 'kafka_to_mongo_pipeline' retrieved from /opt/airflow/dags/kafka_to_mongo_pipeline.py
[2024-12-31T00:21:42.298+0000] {logging_mixin.py:190} INFO - [2024-12-31T00:21:42.298+0000] {dag.py:3239} INFO - Sync 1 DAGs
[2024-12-31T00:21:42.313+0000] {logging_mixin.py:190} INFO - [2024-12-31T00:21:42.313+0000] {dag.py:4180} INFO - Setting next_dagrun for kafka_to_mongo_pipeline to None, run_after=None
[2024-12-31T00:21:42.333+0000] {processor.py:208} INFO - Processing /opt/airflow/dags/kafka_to_mongo_pipeline.py took 0.228 seconds
[2024-12-31T00:22:12.964+0000] {processor.py:186} INFO - Started process (PID=1815) to work on /opt/airflow/dags/kafka_to_mongo_pipeline.py
[2024-12-31T00:22:12.965+0000] {processor.py:914} INFO - Processing file /opt/airflow/dags/kafka_to_mongo_pipeline.py for tasks to queue
[2024-12-31T00:22:12.966+0000] {logging_mixin.py:190} INFO - [2024-12-31T00:22:12.966+0000] {dagbag.py:588} INFO - Filling up the DagBag from /opt/airflow/dags/kafka_to_mongo_pipeline.py
[2024-12-31T00:22:13.157+0000] {processor.py:925} INFO - DAG(s) 'kafka_to_mongo_pipeline' retrieved from /opt/airflow/dags/kafka_to_mongo_pipeline.py
[2024-12-31T00:22:13.185+0000] {logging_mixin.py:190} INFO - [2024-12-31T00:22:13.185+0000] {dag.py:3239} INFO - Sync 1 DAGs
[2024-12-31T00:22:13.200+0000] {logging_mixin.py:190} INFO - [2024-12-31T00:22:13.200+0000] {dag.py:4180} INFO - Setting next_dagrun for kafka_to_mongo_pipeline to None, run_after=None
[2024-12-31T00:22:13.219+0000] {processor.py:208} INFO - Processing /opt/airflow/dags/kafka_to_mongo_pipeline.py took 0.262 seconds
[2024-12-31T00:22:43.993+0000] {processor.py:186} INFO - Started process (PID=1828) to work on /opt/airflow/dags/kafka_to_mongo_pipeline.py
[2024-12-31T00:22:43.994+0000] {processor.py:914} INFO - Processing file /opt/airflow/dags/kafka_to_mongo_pipeline.py for tasks to queue
[2024-12-31T00:22:43.995+0000] {logging_mixin.py:190} INFO - [2024-12-31T00:22:43.995+0000] {dagbag.py:588} INFO - Filling up the DagBag from /opt/airflow/dags/kafka_to_mongo_pipeline.py
[2024-12-31T00:22:44.142+0000] {processor.py:925} INFO - DAG(s) 'kafka_to_mongo_pipeline' retrieved from /opt/airflow/dags/kafka_to_mongo_pipeline.py
[2024-12-31T00:22:44.170+0000] {logging_mixin.py:190} INFO - [2024-12-31T00:22:44.169+0000] {dag.py:3239} INFO - Sync 1 DAGs
[2024-12-31T00:22:44.185+0000] {logging_mixin.py:190} INFO - [2024-12-31T00:22:44.184+0000] {dag.py:4180} INFO - Setting next_dagrun for kafka_to_mongo_pipeline to None, run_after=None
[2024-12-31T00:22:44.204+0000] {processor.py:208} INFO - Processing /opt/airflow/dags/kafka_to_mongo_pipeline.py took 0.216 seconds
[2024-12-31T00:23:14.677+0000] {processor.py:186} INFO - Started process (PID=1840) to work on /opt/airflow/dags/kafka_to_mongo_pipeline.py
[2024-12-31T00:23:14.678+0000] {processor.py:914} INFO - Processing file /opt/airflow/dags/kafka_to_mongo_pipeline.py for tasks to queue
[2024-12-31T00:23:14.680+0000] {logging_mixin.py:190} INFO - [2024-12-31T00:23:14.679+0000] {dagbag.py:588} INFO - Filling up the DagBag from /opt/airflow/dags/kafka_to_mongo_pipeline.py
[2024-12-31T00:23:14.841+0000] {processor.py:925} INFO - DAG(s) 'kafka_to_mongo_pipeline' retrieved from /opt/airflow/dags/kafka_to_mongo_pipeline.py
[2024-12-31T00:23:14.863+0000] {logging_mixin.py:190} INFO - [2024-12-31T00:23:14.863+0000] {dag.py:3239} INFO - Sync 1 DAGs
[2024-12-31T00:23:14.876+0000] {logging_mixin.py:190} INFO - [2024-12-31T00:23:14.876+0000] {dag.py:4180} INFO - Setting next_dagrun for kafka_to_mongo_pipeline to None, run_after=None
[2024-12-31T00:23:14.893+0000] {processor.py:208} INFO - Processing /opt/airflow/dags/kafka_to_mongo_pipeline.py took 0.222 seconds
[2024-12-31T00:23:45.025+0000] {processor.py:186} INFO - Started process (PID=1852) to work on /opt/airflow/dags/kafka_to_mongo_pipeline.py
[2024-12-31T00:23:45.030+0000] {processor.py:914} INFO - Processing file /opt/airflow/dags/kafka_to_mongo_pipeline.py for tasks to queue
[2024-12-31T00:23:45.032+0000] {logging_mixin.py:190} INFO - [2024-12-31T00:23:45.031+0000] {dagbag.py:588} INFO - Filling up the DagBag from /opt/airflow/dags/kafka_to_mongo_pipeline.py
[2024-12-31T00:23:45.282+0000] {processor.py:925} INFO - DAG(s) 'kafka_to_mongo_pipeline' retrieved from /opt/airflow/dags/kafka_to_mongo_pipeline.py
[2024-12-31T00:23:45.306+0000] {logging_mixin.py:190} INFO - [2024-12-31T00:23:45.306+0000] {dag.py:3239} INFO - Sync 1 DAGs
[2024-12-31T00:23:45.319+0000] {logging_mixin.py:190} INFO - [2024-12-31T00:23:45.318+0000] {dag.py:4180} INFO - Setting next_dagrun for kafka_to_mongo_pipeline to None, run_after=None
[2024-12-31T00:23:45.333+0000] {processor.py:208} INFO - Processing /opt/airflow/dags/kafka_to_mongo_pipeline.py took 0.315 seconds
[2024-12-31T00:24:16.134+0000] {processor.py:186} INFO - Started process (PID=1864) to work on /opt/airflow/dags/kafka_to_mongo_pipeline.py
[2024-12-31T00:24:16.135+0000] {processor.py:914} INFO - Processing file /opt/airflow/dags/kafka_to_mongo_pipeline.py for tasks to queue
[2024-12-31T00:24:16.136+0000] {logging_mixin.py:190} INFO - [2024-12-31T00:24:16.136+0000] {dagbag.py:588} INFO - Filling up the DagBag from /opt/airflow/dags/kafka_to_mongo_pipeline.py
[2024-12-31T00:24:16.283+0000] {processor.py:925} INFO - DAG(s) 'kafka_to_mongo_pipeline' retrieved from /opt/airflow/dags/kafka_to_mongo_pipeline.py
[2024-12-31T00:24:16.306+0000] {logging_mixin.py:190} INFO - [2024-12-31T00:24:16.306+0000] {dag.py:3239} INFO - Sync 1 DAGs
[2024-12-31T00:24:16.320+0000] {logging_mixin.py:190} INFO - [2024-12-31T00:24:16.320+0000] {dag.py:4180} INFO - Setting next_dagrun for kafka_to_mongo_pipeline to None, run_after=None
[2024-12-31T00:24:16.337+0000] {processor.py:208} INFO - Processing /opt/airflow/dags/kafka_to_mongo_pipeline.py took 0.209 seconds
[2024-12-31T00:24:47.176+0000] {processor.py:186} INFO - Started process (PID=1883) to work on /opt/airflow/dags/kafka_to_mongo_pipeline.py
[2024-12-31T00:24:47.177+0000] {processor.py:914} INFO - Processing file /opt/airflow/dags/kafka_to_mongo_pipeline.py for tasks to queue
[2024-12-31T00:24:47.178+0000] {logging_mixin.py:190} INFO - [2024-12-31T00:24:47.178+0000] {dagbag.py:588} INFO - Filling up the DagBag from /opt/airflow/dags/kafka_to_mongo_pipeline.py
[2024-12-31T00:24:47.316+0000] {processor.py:925} INFO - DAG(s) 'kafka_to_mongo_pipeline' retrieved from /opt/airflow/dags/kafka_to_mongo_pipeline.py
[2024-12-31T00:24:47.339+0000] {logging_mixin.py:190} INFO - [2024-12-31T00:24:47.339+0000] {dag.py:3239} INFO - Sync 1 DAGs
[2024-12-31T00:24:47.352+0000] {logging_mixin.py:190} INFO - [2024-12-31T00:24:47.351+0000] {dag.py:4180} INFO - Setting next_dagrun for kafka_to_mongo_pipeline to None, run_after=None
[2024-12-31T00:24:47.371+0000] {processor.py:208} INFO - Processing /opt/airflow/dags/kafka_to_mongo_pipeline.py took 0.201 seconds
[2024-12-31T00:25:17.469+0000] {processor.py:186} INFO - Started process (PID=1895) to work on /opt/airflow/dags/kafka_to_mongo_pipeline.py
[2024-12-31T00:25:17.470+0000] {processor.py:914} INFO - Processing file /opt/airflow/dags/kafka_to_mongo_pipeline.py for tasks to queue
[2024-12-31T00:25:17.472+0000] {logging_mixin.py:190} INFO - [2024-12-31T00:25:17.471+0000] {dagbag.py:588} INFO - Filling up the DagBag from /opt/airflow/dags/kafka_to_mongo_pipeline.py
[2024-12-31T00:25:17.609+0000] {processor.py:925} INFO - DAG(s) 'kafka_to_mongo_pipeline' retrieved from /opt/airflow/dags/kafka_to_mongo_pipeline.py
[2024-12-31T00:25:17.630+0000] {logging_mixin.py:190} INFO - [2024-12-31T00:25:17.630+0000] {dag.py:3239} INFO - Sync 1 DAGs
[2024-12-31T00:25:17.645+0000] {logging_mixin.py:190} INFO - [2024-12-31T00:25:17.645+0000] {dag.py:4180} INFO - Setting next_dagrun for kafka_to_mongo_pipeline to None, run_after=None
[2024-12-31T00:25:17.662+0000] {processor.py:208} INFO - Processing /opt/airflow/dags/kafka_to_mongo_pipeline.py took 0.199 seconds
[2024-12-31T00:25:47.741+0000] {processor.py:186} INFO - Started process (PID=1907) to work on /opt/airflow/dags/kafka_to_mongo_pipeline.py
[2024-12-31T00:25:47.742+0000] {processor.py:914} INFO - Processing file /opt/airflow/dags/kafka_to_mongo_pipeline.py for tasks to queue
[2024-12-31T00:25:47.744+0000] {logging_mixin.py:190} INFO - [2024-12-31T00:25:47.743+0000] {dagbag.py:588} INFO - Filling up the DagBag from /opt/airflow/dags/kafka_to_mongo_pipeline.py
[2024-12-31T00:25:47.905+0000] {processor.py:925} INFO - DAG(s) 'kafka_to_mongo_pipeline' retrieved from /opt/airflow/dags/kafka_to_mongo_pipeline.py
[2024-12-31T00:25:47.933+0000] {logging_mixin.py:190} INFO - [2024-12-31T00:25:47.933+0000] {dag.py:3239} INFO - Sync 1 DAGs
[2024-12-31T00:25:47.947+0000] {logging_mixin.py:190} INFO - [2024-12-31T00:25:47.947+0000] {dag.py:4180} INFO - Setting next_dagrun for kafka_to_mongo_pipeline to None, run_after=None
[2024-12-31T00:25:47.964+0000] {processor.py:208} INFO - Processing /opt/airflow/dags/kafka_to_mongo_pipeline.py took 0.230 seconds
