[2024-12-31T00:00:17.032+0000] {processor.py:186} INFO - Started process (PID=1231) to work on /opt/airflow/dags/kafka_to_mongo.py
[2024-12-31T00:00:17.034+0000] {processor.py:914} INFO - Processing file /opt/airflow/dags/kafka_to_mongo.py for tasks to queue
[2024-12-31T00:00:17.035+0000] {logging_mixin.py:190} INFO - [2024-12-31T00:00:17.035+0000] {dagbag.py:588} INFO - Filling up the DagBag from /opt/airflow/dags/kafka_to_mongo.py
[2024-12-31T00:00:17.223+0000] {processor.py:925} INFO - DAG(s) 'kafka_to_mongo' retrieved from /opt/airflow/dags/kafka_to_mongo.py
[2024-12-31T00:00:17.254+0000] {logging_mixin.py:190} INFO - [2024-12-31T00:00:17.253+0000] {dag.py:3239} INFO - Sync 1 DAGs
[2024-12-31T00:00:17.270+0000] {logging_mixin.py:190} INFO - [2024-12-31T00:00:17.270+0000] {dag.py:4180} INFO - Setting next_dagrun for kafka_to_mongo to None, run_after=None
[2024-12-31T00:00:17.291+0000] {processor.py:208} INFO - Processing /opt/airflow/dags/kafka_to_mongo.py took 0.268 seconds
[2024-12-31T00:00:47.558+0000] {processor.py:186} INFO - Started process (PID=1244) to work on /opt/airflow/dags/kafka_to_mongo.py
[2024-12-31T00:00:47.559+0000] {processor.py:914} INFO - Processing file /opt/airflow/dags/kafka_to_mongo.py for tasks to queue
[2024-12-31T00:00:47.560+0000] {logging_mixin.py:190} INFO - [2024-12-31T00:00:47.560+0000] {dagbag.py:588} INFO - Filling up the DagBag from /opt/airflow/dags/kafka_to_mongo.py
[2024-12-31T00:00:47.715+0000] {processor.py:925} INFO - DAG(s) 'kafka_to_mongo' retrieved from /opt/airflow/dags/kafka_to_mongo.py
[2024-12-31T00:00:47.739+0000] {logging_mixin.py:190} INFO - [2024-12-31T00:00:47.739+0000] {dag.py:3239} INFO - Sync 1 DAGs
[2024-12-31T00:00:47.754+0000] {logging_mixin.py:190} INFO - [2024-12-31T00:00:47.754+0000] {dag.py:4180} INFO - Setting next_dagrun for kafka_to_mongo to None, run_after=None
[2024-12-31T00:00:47.773+0000] {processor.py:208} INFO - Processing /opt/airflow/dags/kafka_to_mongo.py took 0.220 seconds
[2024-12-31T00:01:18.187+0000] {processor.py:186} INFO - Started process (PID=1259) to work on /opt/airflow/dags/kafka_to_mongo.py
[2024-12-31T00:01:18.190+0000] {processor.py:914} INFO - Processing file /opt/airflow/dags/kafka_to_mongo.py for tasks to queue
[2024-12-31T00:01:18.192+0000] {logging_mixin.py:190} INFO - [2024-12-31T00:01:18.192+0000] {dagbag.py:588} INFO - Filling up the DagBag from /opt/airflow/dags/kafka_to_mongo.py
[2024-12-31T00:01:18.476+0000] {processor.py:925} INFO - DAG(s) 'kafka_to_mongo' retrieved from /opt/airflow/dags/kafka_to_mongo.py
[2024-12-31T00:01:18.522+0000] {logging_mixin.py:190} INFO - [2024-12-31T00:01:18.522+0000] {dag.py:3239} INFO - Sync 1 DAGs
[2024-12-31T00:01:18.542+0000] {logging_mixin.py:190} INFO - [2024-12-31T00:01:18.542+0000] {dag.py:4180} INFO - Setting next_dagrun for kafka_to_mongo to None, run_after=None
[2024-12-31T00:01:18.569+0000] {processor.py:208} INFO - Processing /opt/airflow/dags/kafka_to_mongo.py took 0.389 seconds
[2024-12-31T00:01:49.275+0000] {processor.py:186} INFO - Started process (PID=1272) to work on /opt/airflow/dags/kafka_to_mongo.py
[2024-12-31T00:01:49.276+0000] {processor.py:914} INFO - Processing file /opt/airflow/dags/kafka_to_mongo.py for tasks to queue
[2024-12-31T00:01:49.277+0000] {logging_mixin.py:190} INFO - [2024-12-31T00:01:49.277+0000] {dagbag.py:588} INFO - Filling up the DagBag from /opt/airflow/dags/kafka_to_mongo.py
[2024-12-31T00:01:49.487+0000] {processor.py:925} INFO - DAG(s) 'kafka_to_mongo' retrieved from /opt/airflow/dags/kafka_to_mongo.py
[2024-12-31T00:01:49.516+0000] {logging_mixin.py:190} INFO - [2024-12-31T00:01:49.516+0000] {dag.py:3239} INFO - Sync 1 DAGs
[2024-12-31T00:01:49.535+0000] {logging_mixin.py:190} INFO - [2024-12-31T00:01:49.534+0000] {dag.py:4180} INFO - Setting next_dagrun for kafka_to_mongo to None, run_after=None
[2024-12-31T00:01:49.555+0000] {processor.py:208} INFO - Processing /opt/airflow/dags/kafka_to_mongo.py took 0.285 seconds
[2024-12-31T00:02:20.545+0000] {processor.py:186} INFO - Started process (PID=1285) to work on /opt/airflow/dags/kafka_to_mongo.py
[2024-12-31T00:02:20.546+0000] {processor.py:914} INFO - Processing file /opt/airflow/dags/kafka_to_mongo.py for tasks to queue
[2024-12-31T00:02:20.548+0000] {logging_mixin.py:190} INFO - [2024-12-31T00:02:20.548+0000] {dagbag.py:588} INFO - Filling up the DagBag from /opt/airflow/dags/kafka_to_mongo.py
[2024-12-31T00:02:20.734+0000] {processor.py:925} INFO - DAG(s) 'kafka_to_mongo' retrieved from /opt/airflow/dags/kafka_to_mongo.py
[2024-12-31T00:02:20.760+0000] {logging_mixin.py:190} INFO - [2024-12-31T00:02:20.760+0000] {dag.py:3239} INFO - Sync 1 DAGs
[2024-12-31T00:02:20.778+0000] {logging_mixin.py:190} INFO - [2024-12-31T00:02:20.778+0000] {dag.py:4180} INFO - Setting next_dagrun for kafka_to_mongo to None, run_after=None
[2024-12-31T00:02:20.802+0000] {processor.py:208} INFO - Processing /opt/airflow/dags/kafka_to_mongo.py took 0.266 seconds
[2024-12-31T00:02:51.494+0000] {processor.py:186} INFO - Started process (PID=1298) to work on /opt/airflow/dags/kafka_to_mongo.py
[2024-12-31T00:02:51.495+0000] {processor.py:914} INFO - Processing file /opt/airflow/dags/kafka_to_mongo.py for tasks to queue
[2024-12-31T00:02:51.497+0000] {logging_mixin.py:190} INFO - [2024-12-31T00:02:51.496+0000] {dagbag.py:588} INFO - Filling up the DagBag from /opt/airflow/dags/kafka_to_mongo.py
[2024-12-31T00:02:51.653+0000] {processor.py:925} INFO - DAG(s) 'kafka_to_mongo' retrieved from /opt/airflow/dags/kafka_to_mongo.py
[2024-12-31T00:02:51.680+0000] {logging_mixin.py:190} INFO - [2024-12-31T00:02:51.680+0000] {dag.py:3239} INFO - Sync 1 DAGs
[2024-12-31T00:02:51.695+0000] {logging_mixin.py:190} INFO - [2024-12-31T00:02:51.695+0000] {dag.py:4180} INFO - Setting next_dagrun for kafka_to_mongo to None, run_after=None
[2024-12-31T00:02:51.714+0000] {processor.py:208} INFO - Processing /opt/airflow/dags/kafka_to_mongo.py took 0.226 seconds
[2024-12-31T00:03:22.098+0000] {processor.py:186} INFO - Started process (PID=1315) to work on /opt/airflow/dags/kafka_to_mongo.py
[2024-12-31T00:03:22.099+0000] {processor.py:914} INFO - Processing file /opt/airflow/dags/kafka_to_mongo.py for tasks to queue
[2024-12-31T00:03:22.100+0000] {logging_mixin.py:190} INFO - [2024-12-31T00:03:22.100+0000] {dagbag.py:588} INFO - Filling up the DagBag from /opt/airflow/dags/kafka_to_mongo.py
[2024-12-31T00:03:22.268+0000] {processor.py:925} INFO - DAG(s) 'kafka_to_mongo' retrieved from /opt/airflow/dags/kafka_to_mongo.py
[2024-12-31T00:03:22.298+0000] {logging_mixin.py:190} INFO - [2024-12-31T00:03:22.297+0000] {dag.py:3239} INFO - Sync 1 DAGs
[2024-12-31T00:03:22.315+0000] {logging_mixin.py:190} INFO - [2024-12-31T00:03:22.315+0000] {dag.py:4180} INFO - Setting next_dagrun for kafka_to_mongo to None, run_after=None
[2024-12-31T00:03:22.336+0000] {processor.py:208} INFO - Processing /opt/airflow/dags/kafka_to_mongo.py took 0.245 seconds
[2024-12-31T00:03:53.281+0000] {processor.py:186} INFO - Started process (PID=1328) to work on /opt/airflow/dags/kafka_to_mongo.py
[2024-12-31T00:03:53.289+0000] {processor.py:914} INFO - Processing file /opt/airflow/dags/kafka_to_mongo.py for tasks to queue
[2024-12-31T00:03:53.305+0000] {logging_mixin.py:190} INFO - [2024-12-31T00:03:53.294+0000] {dagbag.py:588} INFO - Filling up the DagBag from /opt/airflow/dags/kafka_to_mongo.py
[2024-12-31T00:03:53.516+0000] {processor.py:925} INFO - DAG(s) 'kafka_to_mongo' retrieved from /opt/airflow/dags/kafka_to_mongo.py
[2024-12-31T00:03:53.555+0000] {logging_mixin.py:190} INFO - [2024-12-31T00:03:53.555+0000] {dag.py:3239} INFO - Sync 1 DAGs
[2024-12-31T00:03:53.586+0000] {logging_mixin.py:190} INFO - [2024-12-31T00:03:53.582+0000] {dag.py:4180} INFO - Setting next_dagrun for kafka_to_mongo to None, run_after=None
[2024-12-31T00:03:53.668+0000] {processor.py:208} INFO - Processing /opt/airflow/dags/kafka_to_mongo.py took 0.411 seconds
[2024-12-31T00:04:24.369+0000] {processor.py:186} INFO - Started process (PID=1341) to work on /opt/airflow/dags/kafka_to_mongo.py
[2024-12-31T00:04:24.370+0000] {processor.py:914} INFO - Processing file /opt/airflow/dags/kafka_to_mongo.py for tasks to queue
[2024-12-31T00:04:24.371+0000] {logging_mixin.py:190} INFO - [2024-12-31T00:04:24.371+0000] {dagbag.py:588} INFO - Filling up the DagBag from /opt/airflow/dags/kafka_to_mongo.py
[2024-12-31T00:04:24.542+0000] {processor.py:925} INFO - DAG(s) 'kafka_to_mongo' retrieved from /opt/airflow/dags/kafka_to_mongo.py
[2024-12-31T00:04:24.590+0000] {logging_mixin.py:190} INFO - [2024-12-31T00:04:24.589+0000] {dag.py:3239} INFO - Sync 1 DAGs
[2024-12-31T00:04:24.623+0000] {logging_mixin.py:190} INFO - [2024-12-31T00:04:24.623+0000] {dag.py:4180} INFO - Setting next_dagrun for kafka_to_mongo to None, run_after=None
[2024-12-31T00:04:24.649+0000] {processor.py:208} INFO - Processing /opt/airflow/dags/kafka_to_mongo.py took 0.286 seconds
[2024-12-31T00:04:55.421+0000] {processor.py:186} INFO - Started process (PID=1357) to work on /opt/airflow/dags/kafka_to_mongo.py
[2024-12-31T00:04:55.422+0000] {processor.py:914} INFO - Processing file /opt/airflow/dags/kafka_to_mongo.py for tasks to queue
[2024-12-31T00:04:55.423+0000] {logging_mixin.py:190} INFO - [2024-12-31T00:04:55.423+0000] {dagbag.py:588} INFO - Filling up the DagBag from /opt/airflow/dags/kafka_to_mongo.py
[2024-12-31T00:04:55.565+0000] {processor.py:925} INFO - DAG(s) 'kafka_to_mongo' retrieved from /opt/airflow/dags/kafka_to_mongo.py
[2024-12-31T00:04:55.590+0000] {logging_mixin.py:190} INFO - [2024-12-31T00:04:55.590+0000] {dag.py:3239} INFO - Sync 1 DAGs
[2024-12-31T00:04:55.608+0000] {logging_mixin.py:190} INFO - [2024-12-31T00:04:55.608+0000] {dag.py:4180} INFO - Setting next_dagrun for kafka_to_mongo to None, run_after=None
[2024-12-31T00:04:55.625+0000] {processor.py:208} INFO - Processing /opt/airflow/dags/kafka_to_mongo.py took 0.209 seconds
[2024-12-31T00:05:26.414+0000] {processor.py:186} INFO - Started process (PID=1370) to work on /opt/airflow/dags/kafka_to_mongo.py
[2024-12-31T00:05:26.415+0000] {processor.py:914} INFO - Processing file /opt/airflow/dags/kafka_to_mongo.py for tasks to queue
[2024-12-31T00:05:26.416+0000] {logging_mixin.py:190} INFO - [2024-12-31T00:05:26.416+0000] {dagbag.py:588} INFO - Filling up the DagBag from /opt/airflow/dags/kafka_to_mongo.py
[2024-12-31T00:05:26.557+0000] {processor.py:925} INFO - DAG(s) 'kafka_to_mongo' retrieved from /opt/airflow/dags/kafka_to_mongo.py
[2024-12-31T00:05:26.579+0000] {logging_mixin.py:190} INFO - [2024-12-31T00:05:26.579+0000] {dag.py:3239} INFO - Sync 1 DAGs
[2024-12-31T00:05:26.591+0000] {logging_mixin.py:190} INFO - [2024-12-31T00:05:26.591+0000] {dag.py:4180} INFO - Setting next_dagrun for kafka_to_mongo to None, run_after=None
[2024-12-31T00:05:26.608+0000] {processor.py:208} INFO - Processing /opt/airflow/dags/kafka_to_mongo.py took 0.200 seconds
[2024-12-31T00:05:56.998+0000] {processor.py:186} INFO - Started process (PID=1384) to work on /opt/airflow/dags/kafka_to_mongo.py
[2024-12-31T00:05:56.999+0000] {processor.py:914} INFO - Processing file /opt/airflow/dags/kafka_to_mongo.py for tasks to queue
[2024-12-31T00:05:57.001+0000] {logging_mixin.py:190} INFO - [2024-12-31T00:05:57.000+0000] {dagbag.py:588} INFO - Filling up the DagBag from /opt/airflow/dags/kafka_to_mongo.py
[2024-12-31T00:05:57.158+0000] {processor.py:925} INFO - DAG(s) 'kafka_to_mongo' retrieved from /opt/airflow/dags/kafka_to_mongo.py
[2024-12-31T00:05:57.185+0000] {logging_mixin.py:190} INFO - [2024-12-31T00:05:57.185+0000] {dag.py:3239} INFO - Sync 1 DAGs
[2024-12-31T00:05:57.198+0000] {logging_mixin.py:190} INFO - [2024-12-31T00:05:57.198+0000] {dag.py:4180} INFO - Setting next_dagrun for kafka_to_mongo to None, run_after=None
[2024-12-31T00:05:57.216+0000] {processor.py:208} INFO - Processing /opt/airflow/dags/kafka_to_mongo.py took 0.224 seconds
[2024-12-31T00:06:27.742+0000] {processor.py:186} INFO - Started process (PID=1397) to work on /opt/airflow/dags/kafka_to_mongo.py
[2024-12-31T00:06:27.743+0000] {processor.py:914} INFO - Processing file /opt/airflow/dags/kafka_to_mongo.py for tasks to queue
[2024-12-31T00:06:27.745+0000] {logging_mixin.py:190} INFO - [2024-12-31T00:06:27.744+0000] {dagbag.py:588} INFO - Filling up the DagBag from /opt/airflow/dags/kafka_to_mongo.py
[2024-12-31T00:06:27.889+0000] {processor.py:925} INFO - DAG(s) 'kafka_to_mongo' retrieved from /opt/airflow/dags/kafka_to_mongo.py
[2024-12-31T00:06:27.913+0000] {logging_mixin.py:190} INFO - [2024-12-31T00:06:27.913+0000] {dag.py:3239} INFO - Sync 1 DAGs
[2024-12-31T00:06:27.926+0000] {logging_mixin.py:190} INFO - [2024-12-31T00:06:27.926+0000] {dag.py:4180} INFO - Setting next_dagrun for kafka_to_mongo to None, run_after=None
[2024-12-31T00:06:27.946+0000] {processor.py:208} INFO - Processing /opt/airflow/dags/kafka_to_mongo.py took 0.209 seconds
[2024-12-31T00:06:58.604+0000] {processor.py:186} INFO - Started process (PID=1410) to work on /opt/airflow/dags/kafka_to_mongo.py
[2024-12-31T00:06:58.605+0000] {processor.py:914} INFO - Processing file /opt/airflow/dags/kafka_to_mongo.py for tasks to queue
[2024-12-31T00:06:58.606+0000] {logging_mixin.py:190} INFO - [2024-12-31T00:06:58.606+0000] {dagbag.py:588} INFO - Filling up the DagBag from /opt/airflow/dags/kafka_to_mongo.py
[2024-12-31T00:06:58.773+0000] {processor.py:925} INFO - DAG(s) 'kafka_to_mongo' retrieved from /opt/airflow/dags/kafka_to_mongo.py
[2024-12-31T00:06:58.799+0000] {logging_mixin.py:190} INFO - [2024-12-31T00:06:58.799+0000] {dag.py:3239} INFO - Sync 1 DAGs
[2024-12-31T00:06:58.814+0000] {logging_mixin.py:190} INFO - [2024-12-31T00:06:58.814+0000] {dag.py:4180} INFO - Setting next_dagrun for kafka_to_mongo to None, run_after=None
[2024-12-31T00:06:58.834+0000] {processor.py:208} INFO - Processing /opt/airflow/dags/kafka_to_mongo.py took 0.239 seconds
[2024-12-31T00:07:29.559+0000] {processor.py:186} INFO - Started process (PID=1423) to work on /opt/airflow/dags/kafka_to_mongo.py
[2024-12-31T00:07:29.560+0000] {processor.py:914} INFO - Processing file /opt/airflow/dags/kafka_to_mongo.py for tasks to queue
[2024-12-31T00:07:29.562+0000] {logging_mixin.py:190} INFO - [2024-12-31T00:07:29.562+0000] {dagbag.py:588} INFO - Filling up the DagBag from /opt/airflow/dags/kafka_to_mongo.py
[2024-12-31T00:07:29.726+0000] {processor.py:925} INFO - DAG(s) 'kafka_to_mongo' retrieved from /opt/airflow/dags/kafka_to_mongo.py
[2024-12-31T00:07:29.757+0000] {logging_mixin.py:190} INFO - [2024-12-31T00:07:29.757+0000] {dag.py:3239} INFO - Sync 1 DAGs
[2024-12-31T00:07:29.774+0000] {logging_mixin.py:190} INFO - [2024-12-31T00:07:29.774+0000] {dag.py:4180} INFO - Setting next_dagrun for kafka_to_mongo to None, run_after=None
[2024-12-31T00:07:29.798+0000] {processor.py:208} INFO - Processing /opt/airflow/dags/kafka_to_mongo.py took 0.246 seconds
[2024-12-31T00:08:00.323+0000] {processor.py:186} INFO - Started process (PID=1438) to work on /opt/airflow/dags/kafka_to_mongo.py
[2024-12-31T00:08:00.325+0000] {processor.py:914} INFO - Processing file /opt/airflow/dags/kafka_to_mongo.py for tasks to queue
[2024-12-31T00:08:00.332+0000] {logging_mixin.py:190} INFO - [2024-12-31T00:08:00.329+0000] {dagbag.py:588} INFO - Filling up the DagBag from /opt/airflow/dags/kafka_to_mongo.py
[2024-12-31T00:08:00.590+0000] {processor.py:925} INFO - DAG(s) 'kafka_to_mongo' retrieved from /opt/airflow/dags/kafka_to_mongo.py
[2024-12-31T00:08:00.673+0000] {logging_mixin.py:190} INFO - [2024-12-31T00:08:00.672+0000] {dag.py:3239} INFO - Sync 1 DAGs
[2024-12-31T00:08:00.697+0000] {logging_mixin.py:190} INFO - [2024-12-31T00:08:00.696+0000] {dag.py:4180} INFO - Setting next_dagrun for kafka_to_mongo to None, run_after=None
[2024-12-31T00:08:00.732+0000] {processor.py:208} INFO - Processing /opt/airflow/dags/kafka_to_mongo.py took 0.423 seconds
[2024-12-31T00:08:31.600+0000] {processor.py:186} INFO - Started process (PID=1451) to work on /opt/airflow/dags/kafka_to_mongo.py
[2024-12-31T00:08:31.606+0000] {processor.py:914} INFO - Processing file /opt/airflow/dags/kafka_to_mongo.py for tasks to queue
[2024-12-31T00:08:31.611+0000] {logging_mixin.py:190} INFO - [2024-12-31T00:08:31.611+0000] {dagbag.py:588} INFO - Filling up the DagBag from /opt/airflow/dags/kafka_to_mongo.py
[2024-12-31T00:08:31.893+0000] {processor.py:925} INFO - DAG(s) 'kafka_to_mongo' retrieved from /opt/airflow/dags/kafka_to_mongo.py
[2024-12-31T00:08:31.920+0000] {logging_mixin.py:190} INFO - [2024-12-31T00:08:31.920+0000] {dag.py:3239} INFO - Sync 1 DAGs
[2024-12-31T00:08:31.939+0000] {logging_mixin.py:190} INFO - [2024-12-31T00:08:31.939+0000] {dag.py:4180} INFO - Setting next_dagrun for kafka_to_mongo to None, run_after=None
[2024-12-31T00:08:31.965+0000] {processor.py:208} INFO - Processing /opt/airflow/dags/kafka_to_mongo.py took 0.384 seconds
[2024-12-31T00:09:02.071+0000] {processor.py:186} INFO - Started process (PID=1464) to work on /opt/airflow/dags/kafka_to_mongo.py
[2024-12-31T00:09:02.072+0000] {processor.py:914} INFO - Processing file /opt/airflow/dags/kafka_to_mongo.py for tasks to queue
[2024-12-31T00:09:02.074+0000] {logging_mixin.py:190} INFO - [2024-12-31T00:09:02.074+0000] {dagbag.py:588} INFO - Filling up the DagBag from /opt/airflow/dags/kafka_to_mongo.py
[2024-12-31T00:09:02.212+0000] {processor.py:925} INFO - DAG(s) 'kafka_to_mongo' retrieved from /opt/airflow/dags/kafka_to_mongo.py
[2024-12-31T00:09:02.234+0000] {logging_mixin.py:190} INFO - [2024-12-31T00:09:02.234+0000] {dag.py:3239} INFO - Sync 1 DAGs
[2024-12-31T00:09:02.249+0000] {logging_mixin.py:190} INFO - [2024-12-31T00:09:02.249+0000] {dag.py:4180} INFO - Setting next_dagrun for kafka_to_mongo to None, run_after=None
[2024-12-31T00:09:02.266+0000] {processor.py:208} INFO - Processing /opt/airflow/dags/kafka_to_mongo.py took 0.202 seconds
[2024-12-31T00:09:32.509+0000] {processor.py:186} INFO - Started process (PID=1478) to work on /opt/airflow/dags/kafka_to_mongo.py
[2024-12-31T00:09:32.510+0000] {processor.py:914} INFO - Processing file /opt/airflow/dags/kafka_to_mongo.py for tasks to queue
[2024-12-31T00:09:32.512+0000] {logging_mixin.py:190} INFO - [2024-12-31T00:09:32.512+0000] {dagbag.py:588} INFO - Filling up the DagBag from /opt/airflow/dags/kafka_to_mongo.py
[2024-12-31T00:09:32.666+0000] {processor.py:925} INFO - DAG(s) 'kafka_to_mongo' retrieved from /opt/airflow/dags/kafka_to_mongo.py
[2024-12-31T00:09:32.690+0000] {logging_mixin.py:190} INFO - [2024-12-31T00:09:32.690+0000] {dag.py:3239} INFO - Sync 1 DAGs
[2024-12-31T00:09:32.703+0000] {logging_mixin.py:190} INFO - [2024-12-31T00:09:32.702+0000] {dag.py:4180} INFO - Setting next_dagrun for kafka_to_mongo to None, run_after=None
[2024-12-31T00:09:32.721+0000] {processor.py:208} INFO - Processing /opt/airflow/dags/kafka_to_mongo.py took 0.219 seconds
[2024-12-31T00:10:03.533+0000] {processor.py:186} INFO - Started process (PID=1491) to work on /opt/airflow/dags/kafka_to_mongo.py
[2024-12-31T00:10:03.534+0000] {processor.py:914} INFO - Processing file /opt/airflow/dags/kafka_to_mongo.py for tasks to queue
[2024-12-31T00:10:03.535+0000] {logging_mixin.py:190} INFO - [2024-12-31T00:10:03.535+0000] {dagbag.py:588} INFO - Filling up the DagBag from /opt/airflow/dags/kafka_to_mongo.py
[2024-12-31T00:10:03.684+0000] {processor.py:925} INFO - DAG(s) 'kafka_to_mongo' retrieved from /opt/airflow/dags/kafka_to_mongo.py
[2024-12-31T00:10:03.714+0000] {logging_mixin.py:190} INFO - [2024-12-31T00:10:03.713+0000] {dag.py:3239} INFO - Sync 1 DAGs
[2024-12-31T00:10:03.737+0000] {logging_mixin.py:190} INFO - [2024-12-31T00:10:03.736+0000] {dag.py:4180} INFO - Setting next_dagrun for kafka_to_mongo to None, run_after=None
[2024-12-31T00:10:03.762+0000] {processor.py:208} INFO - Processing /opt/airflow/dags/kafka_to_mongo.py took 0.235 seconds
[2024-12-31T00:10:33.827+0000] {processor.py:186} INFO - Started process (PID=1508) to work on /opt/airflow/dags/kafka_to_mongo.py
[2024-12-31T00:10:33.828+0000] {processor.py:914} INFO - Processing file /opt/airflow/dags/kafka_to_mongo.py for tasks to queue
[2024-12-31T00:10:33.830+0000] {logging_mixin.py:190} INFO - [2024-12-31T00:10:33.830+0000] {dagbag.py:588} INFO - Filling up the DagBag from /opt/airflow/dags/kafka_to_mongo.py
[2024-12-31T00:10:33.975+0000] {processor.py:925} INFO - DAG(s) 'kafka_to_mongo' retrieved from /opt/airflow/dags/kafka_to_mongo.py
[2024-12-31T00:10:33.995+0000] {logging_mixin.py:190} INFO - [2024-12-31T00:10:33.995+0000] {dag.py:3239} INFO - Sync 1 DAGs
[2024-12-31T00:10:34.008+0000] {logging_mixin.py:190} INFO - [2024-12-31T00:10:34.008+0000] {dag.py:4180} INFO - Setting next_dagrun for kafka_to_mongo to None, run_after=None
[2024-12-31T00:10:34.025+0000] {processor.py:208} INFO - Processing /opt/airflow/dags/kafka_to_mongo.py took 0.204 seconds
[2024-12-31T00:11:04.970+0000] {processor.py:186} INFO - Started process (PID=1521) to work on /opt/airflow/dags/kafka_to_mongo.py
[2024-12-31T00:11:04.971+0000] {processor.py:914} INFO - Processing file /opt/airflow/dags/kafka_to_mongo.py for tasks to queue
[2024-12-31T00:11:04.973+0000] {logging_mixin.py:190} INFO - [2024-12-31T00:11:04.973+0000] {dagbag.py:588} INFO - Filling up the DagBag from /opt/airflow/dags/kafka_to_mongo.py
[2024-12-31T00:11:05.128+0000] {processor.py:925} INFO - DAG(s) 'kafka_to_mongo' retrieved from /opt/airflow/dags/kafka_to_mongo.py
[2024-12-31T00:11:05.153+0000] {logging_mixin.py:190} INFO - [2024-12-31T00:11:05.153+0000] {dag.py:3239} INFO - Sync 1 DAGs
[2024-12-31T00:11:05.170+0000] {logging_mixin.py:190} INFO - [2024-12-31T00:11:05.169+0000] {dag.py:4180} INFO - Setting next_dagrun for kafka_to_mongo to None, run_after=None
[2024-12-31T00:11:05.187+0000] {processor.py:208} INFO - Processing /opt/airflow/dags/kafka_to_mongo.py took 0.222 seconds
[2024-12-31T00:11:35.227+0000] {processor.py:186} INFO - Started process (PID=1534) to work on /opt/airflow/dags/kafka_to_mongo.py
[2024-12-31T00:11:35.228+0000] {processor.py:914} INFO - Processing file /opt/airflow/dags/kafka_to_mongo.py for tasks to queue
[2024-12-31T00:11:35.229+0000] {logging_mixin.py:190} INFO - [2024-12-31T00:11:35.229+0000] {dagbag.py:588} INFO - Filling up the DagBag from /opt/airflow/dags/kafka_to_mongo.py
[2024-12-31T00:11:35.389+0000] {processor.py:925} INFO - DAG(s) 'kafka_to_mongo' retrieved from /opt/airflow/dags/kafka_to_mongo.py
[2024-12-31T00:11:35.412+0000] {logging_mixin.py:190} INFO - [2024-12-31T00:11:35.411+0000] {dag.py:3239} INFO - Sync 1 DAGs
[2024-12-31T00:11:35.427+0000] {logging_mixin.py:190} INFO - [2024-12-31T00:11:35.426+0000] {dag.py:4180} INFO - Setting next_dagrun for kafka_to_mongo to None, run_after=None
[2024-12-31T00:11:35.445+0000] {processor.py:208} INFO - Processing /opt/airflow/dags/kafka_to_mongo.py took 0.224 seconds
[2024-12-31T00:12:05.573+0000] {processor.py:186} INFO - Started process (PID=1547) to work on /opt/airflow/dags/kafka_to_mongo.py
[2024-12-31T00:12:05.580+0000] {processor.py:914} INFO - Processing file /opt/airflow/dags/kafka_to_mongo.py for tasks to queue
[2024-12-31T00:12:05.585+0000] {logging_mixin.py:190} INFO - [2024-12-31T00:12:05.585+0000] {dagbag.py:588} INFO - Filling up the DagBag from /opt/airflow/dags/kafka_to_mongo.py
[2024-12-31T00:12:05.953+0000] {processor.py:925} INFO - DAG(s) 'kafka_to_mongo' retrieved from /opt/airflow/dags/kafka_to_mongo.py
[2024-12-31T00:12:06.039+0000] {logging_mixin.py:190} INFO - [2024-12-31T00:12:06.036+0000] {dag.py:3239} INFO - Sync 1 DAGs
[2024-12-31T00:12:06.075+0000] {logging_mixin.py:190} INFO - [2024-12-31T00:12:06.074+0000] {dag.py:4180} INFO - Setting next_dagrun for kafka_to_mongo to None, run_after=None
[2024-12-31T00:12:06.137+0000] {processor.py:208} INFO - Processing /opt/airflow/dags/kafka_to_mongo.py took 0.582 seconds
[2024-12-31T00:12:37.015+0000] {processor.py:186} INFO - Started process (PID=1560) to work on /opt/airflow/dags/kafka_to_mongo.py
[2024-12-31T00:12:37.016+0000] {processor.py:914} INFO - Processing file /opt/airflow/dags/kafka_to_mongo.py for tasks to queue
[2024-12-31T00:12:37.018+0000] {logging_mixin.py:190} INFO - [2024-12-31T00:12:37.017+0000] {dagbag.py:588} INFO - Filling up the DagBag from /opt/airflow/dags/kafka_to_mongo.py
[2024-12-31T00:12:37.238+0000] {processor.py:925} INFO - DAG(s) 'kafka_to_mongo' retrieved from /opt/airflow/dags/kafka_to_mongo.py
[2024-12-31T00:12:37.272+0000] {logging_mixin.py:190} INFO - [2024-12-31T00:12:37.271+0000] {dag.py:3239} INFO - Sync 1 DAGs
[2024-12-31T00:12:37.294+0000] {logging_mixin.py:190} INFO - [2024-12-31T00:12:37.294+0000] {dag.py:4180} INFO - Setting next_dagrun for kafka_to_mongo to None, run_after=None
[2024-12-31T00:12:37.320+0000] {processor.py:208} INFO - Processing /opt/airflow/dags/kafka_to_mongo.py took 0.314 seconds
[2024-12-31T00:13:07.730+0000] {processor.py:186} INFO - Started process (PID=1573) to work on /opt/airflow/dags/kafka_to_mongo.py
[2024-12-31T00:13:07.731+0000] {processor.py:914} INFO - Processing file /opt/airflow/dags/kafka_to_mongo.py for tasks to queue
[2024-12-31T00:13:07.732+0000] {logging_mixin.py:190} INFO - [2024-12-31T00:13:07.732+0000] {dagbag.py:588} INFO - Filling up the DagBag from /opt/airflow/dags/kafka_to_mongo.py
[2024-12-31T00:13:07.868+0000] {processor.py:925} INFO - DAG(s) 'kafka_to_mongo' retrieved from /opt/airflow/dags/kafka_to_mongo.py
[2024-12-31T00:13:07.888+0000] {logging_mixin.py:190} INFO - [2024-12-31T00:13:07.888+0000] {dag.py:3239} INFO - Sync 1 DAGs
[2024-12-31T00:13:07.901+0000] {logging_mixin.py:190} INFO - [2024-12-31T00:13:07.901+0000] {dag.py:4180} INFO - Setting next_dagrun for kafka_to_mongo to None, run_after=None
[2024-12-31T00:13:07.919+0000] {processor.py:208} INFO - Processing /opt/airflow/dags/kafka_to_mongo.py took 0.195 seconds
[2024-12-31T00:13:38.256+0000] {processor.py:186} INFO - Started process (PID=1587) to work on /opt/airflow/dags/kafka_to_mongo.py
[2024-12-31T00:13:38.257+0000] {processor.py:914} INFO - Processing file /opt/airflow/dags/kafka_to_mongo.py for tasks to queue
[2024-12-31T00:13:38.258+0000] {logging_mixin.py:190} INFO - [2024-12-31T00:13:38.258+0000] {dagbag.py:588} INFO - Filling up the DagBag from /opt/airflow/dags/kafka_to_mongo.py
[2024-12-31T00:13:38.487+0000] {processor.py:925} INFO - DAG(s) 'kafka_to_mongo' retrieved from /opt/airflow/dags/kafka_to_mongo.py
[2024-12-31T00:13:38.536+0000] {logging_mixin.py:190} INFO - [2024-12-31T00:13:38.535+0000] {dag.py:3239} INFO - Sync 1 DAGs
[2024-12-31T00:13:38.565+0000] {logging_mixin.py:190} INFO - [2024-12-31T00:13:38.564+0000] {dag.py:4180} INFO - Setting next_dagrun for kafka_to_mongo to None, run_after=None
[2024-12-31T00:13:38.600+0000] {processor.py:208} INFO - Processing /opt/airflow/dags/kafka_to_mongo.py took 0.350 seconds
[2024-12-31T00:14:08.759+0000] {processor.py:186} INFO - Started process (PID=1599) to work on /opt/airflow/dags/kafka_to_mongo.py
[2024-12-31T00:14:08.761+0000] {processor.py:914} INFO - Processing file /opt/airflow/dags/kafka_to_mongo.py for tasks to queue
[2024-12-31T00:14:08.763+0000] {logging_mixin.py:190} INFO - [2024-12-31T00:14:08.762+0000] {dagbag.py:588} INFO - Filling up the DagBag from /opt/airflow/dags/kafka_to_mongo.py
[2024-12-31T00:14:08.923+0000] {processor.py:925} INFO - DAG(s) 'kafka_to_mongo' retrieved from /opt/airflow/dags/kafka_to_mongo.py
[2024-12-31T00:14:08.945+0000] {logging_mixin.py:190} INFO - [2024-12-31T00:14:08.945+0000] {dag.py:3239} INFO - Sync 1 DAGs
[2024-12-31T00:14:08.961+0000] {logging_mixin.py:190} INFO - [2024-12-31T00:14:08.960+0000] {dag.py:4180} INFO - Setting next_dagrun for kafka_to_mongo to None, run_after=None
[2024-12-31T00:14:08.981+0000] {processor.py:208} INFO - Processing /opt/airflow/dags/kafka_to_mongo.py took 0.229 seconds
[2024-12-31T00:14:39.317+0000] {processor.py:186} INFO - Started process (PID=1611) to work on /opt/airflow/dags/kafka_to_mongo.py
[2024-12-31T00:14:39.326+0000] {processor.py:914} INFO - Processing file /opt/airflow/dags/kafka_to_mongo.py for tasks to queue
[2024-12-31T00:14:39.336+0000] {logging_mixin.py:190} INFO - [2024-12-31T00:14:39.333+0000] {dagbag.py:588} INFO - Filling up the DagBag from /opt/airflow/dags/kafka_to_mongo.py
[2024-12-31T00:14:39.742+0000] {processor.py:925} INFO - DAG(s) 'kafka_to_mongo' retrieved from /opt/airflow/dags/kafka_to_mongo.py
[2024-12-31T00:14:39.785+0000] {logging_mixin.py:190} INFO - [2024-12-31T00:14:39.785+0000] {dag.py:3239} INFO - Sync 1 DAGs
[2024-12-31T00:14:39.801+0000] {logging_mixin.py:190} INFO - [2024-12-31T00:14:39.801+0000] {dag.py:4180} INFO - Setting next_dagrun for kafka_to_mongo to None, run_after=None
[2024-12-31T00:14:39.824+0000] {processor.py:208} INFO - Processing /opt/airflow/dags/kafka_to_mongo.py took 0.524 seconds
[2024-12-31T00:15:10.413+0000] {processor.py:186} INFO - Started process (PID=1624) to work on /opt/airflow/dags/kafka_to_mongo.py
[2024-12-31T00:15:10.418+0000] {processor.py:914} INFO - Processing file /opt/airflow/dags/kafka_to_mongo.py for tasks to queue
[2024-12-31T00:15:10.423+0000] {logging_mixin.py:190} INFO - [2024-12-31T00:15:10.421+0000] {dagbag.py:588} INFO - Filling up the DagBag from /opt/airflow/dags/kafka_to_mongo.py
[2024-12-31T00:15:10.606+0000] {processor.py:925} INFO - DAG(s) 'kafka_to_mongo' retrieved from /opt/airflow/dags/kafka_to_mongo.py
[2024-12-31T00:15:10.629+0000] {logging_mixin.py:190} INFO - [2024-12-31T00:15:10.629+0000] {dag.py:3239} INFO - Sync 1 DAGs
[2024-12-31T00:15:10.647+0000] {logging_mixin.py:190} INFO - [2024-12-31T00:15:10.646+0000] {dag.py:4180} INFO - Setting next_dagrun for kafka_to_mongo to None, run_after=None
[2024-12-31T00:15:10.663+0000] {processor.py:208} INFO - Processing /opt/airflow/dags/kafka_to_mongo.py took 0.257 seconds
[2024-12-31T00:15:41.385+0000] {processor.py:186} INFO - Started process (PID=1636) to work on /opt/airflow/dags/kafka_to_mongo.py
[2024-12-31T00:15:41.387+0000] {processor.py:914} INFO - Processing file /opt/airflow/dags/kafka_to_mongo.py for tasks to queue
[2024-12-31T00:15:41.392+0000] {logging_mixin.py:190} INFO - [2024-12-31T00:15:41.391+0000] {dagbag.py:588} INFO - Filling up the DagBag from /opt/airflow/dags/kafka_to_mongo.py
[2024-12-31T00:15:41.686+0000] {processor.py:925} INFO - DAG(s) 'kafka_to_mongo' retrieved from /opt/airflow/dags/kafka_to_mongo.py
[2024-12-31T00:15:41.714+0000] {logging_mixin.py:190} INFO - [2024-12-31T00:15:41.714+0000] {dag.py:3239} INFO - Sync 1 DAGs
[2024-12-31T00:15:41.734+0000] {logging_mixin.py:190} INFO - [2024-12-31T00:15:41.733+0000] {dag.py:4180} INFO - Setting next_dagrun for kafka_to_mongo to None, run_after=None
[2024-12-31T00:15:41.756+0000] {processor.py:208} INFO - Processing /opt/airflow/dags/kafka_to_mongo.py took 0.397 seconds
[2024-12-31T00:16:11.945+0000] {processor.py:186} INFO - Started process (PID=1649) to work on /opt/airflow/dags/kafka_to_mongo.py
[2024-12-31T00:16:11.946+0000] {processor.py:914} INFO - Processing file /opt/airflow/dags/kafka_to_mongo.py for tasks to queue
[2024-12-31T00:16:11.949+0000] {logging_mixin.py:190} INFO - [2024-12-31T00:16:11.949+0000] {dagbag.py:588} INFO - Filling up the DagBag from /opt/airflow/dags/kafka_to_mongo.py
[2024-12-31T00:16:12.098+0000] {processor.py:925} INFO - DAG(s) 'kafka_to_mongo' retrieved from /opt/airflow/dags/kafka_to_mongo.py
[2024-12-31T00:16:12.120+0000] {logging_mixin.py:190} INFO - [2024-12-31T00:16:12.119+0000] {dag.py:3239} INFO - Sync 1 DAGs
[2024-12-31T00:16:12.135+0000] {logging_mixin.py:190} INFO - [2024-12-31T00:16:12.135+0000] {dag.py:4180} INFO - Setting next_dagrun for kafka_to_mongo to None, run_after=None
[2024-12-31T00:16:12.153+0000] {processor.py:208} INFO - Processing /opt/airflow/dags/kafka_to_mongo.py took 0.216 seconds
[2024-12-31T00:16:42.747+0000] {processor.py:186} INFO - Started process (PID=1661) to work on /opt/airflow/dags/kafka_to_mongo.py
[2024-12-31T00:16:42.748+0000] {processor.py:914} INFO - Processing file /opt/airflow/dags/kafka_to_mongo.py for tasks to queue
[2024-12-31T00:16:42.750+0000] {logging_mixin.py:190} INFO - [2024-12-31T00:16:42.750+0000] {dagbag.py:588} INFO - Filling up the DagBag from /opt/airflow/dags/kafka_to_mongo.py
[2024-12-31T00:16:42.952+0000] {processor.py:925} INFO - DAG(s) 'kafka_to_mongo' retrieved from /opt/airflow/dags/kafka_to_mongo.py
[2024-12-31T00:16:42.973+0000] {logging_mixin.py:190} INFO - [2024-12-31T00:16:42.973+0000] {dag.py:3239} INFO - Sync 1 DAGs
[2024-12-31T00:16:42.988+0000] {logging_mixin.py:190} INFO - [2024-12-31T00:16:42.987+0000] {dag.py:4180} INFO - Setting next_dagrun for kafka_to_mongo to None, run_after=None
[2024-12-31T00:16:43.009+0000] {processor.py:208} INFO - Processing /opt/airflow/dags/kafka_to_mongo.py took 0.279 seconds
[2024-12-31T00:17:13.663+0000] {processor.py:186} INFO - Started process (PID=1673) to work on /opt/airflow/dags/kafka_to_mongo.py
[2024-12-31T00:17:13.664+0000] {processor.py:914} INFO - Processing file /opt/airflow/dags/kafka_to_mongo.py for tasks to queue
[2024-12-31T00:17:13.666+0000] {logging_mixin.py:190} INFO - [2024-12-31T00:17:13.665+0000] {dagbag.py:588} INFO - Filling up the DagBag from /opt/airflow/dags/kafka_to_mongo.py
[2024-12-31T00:17:13.812+0000] {processor.py:925} INFO - DAG(s) 'kafka_to_mongo' retrieved from /opt/airflow/dags/kafka_to_mongo.py
[2024-12-31T00:17:13.839+0000] {logging_mixin.py:190} INFO - [2024-12-31T00:17:13.839+0000] {dag.py:3239} INFO - Sync 1 DAGs
[2024-12-31T00:17:13.857+0000] {logging_mixin.py:190} INFO - [2024-12-31T00:17:13.856+0000] {dag.py:4180} INFO - Setting next_dagrun for kafka_to_mongo to None, run_after=None
[2024-12-31T00:17:13.877+0000] {processor.py:208} INFO - Processing /opt/airflow/dags/kafka_to_mongo.py took 0.221 seconds
[2024-12-31T00:17:43.935+0000] {processor.py:186} INFO - Started process (PID=1698) to work on /opt/airflow/dags/kafka_to_mongo.py
[2024-12-31T00:17:43.936+0000] {processor.py:914} INFO - Processing file /opt/airflow/dags/kafka_to_mongo.py for tasks to queue
[2024-12-31T00:17:43.939+0000] {logging_mixin.py:190} INFO - [2024-12-31T00:17:43.939+0000] {dagbag.py:588} INFO - Filling up the DagBag from /opt/airflow/dags/kafka_to_mongo.py
[2024-12-31T00:17:44.388+0000] {processor.py:925} INFO - DAG(s) 'kafka_to_mongo' retrieved from /opt/airflow/dags/kafka_to_mongo.py
[2024-12-31T00:17:44.508+0000] {logging_mixin.py:190} INFO - [2024-12-31T00:17:44.507+0000] {dag.py:3239} INFO - Sync 1 DAGs
[2024-12-31T00:17:44.633+0000] {logging_mixin.py:190} INFO - [2024-12-31T00:17:44.631+0000] {dag.py:4180} INFO - Setting next_dagrun for kafka_to_mongo to None, run_after=None
[2024-12-31T00:17:44.762+0000] {processor.py:208} INFO - Processing /opt/airflow/dags/kafka_to_mongo.py took 0.837 seconds
[2024-12-31T00:18:15.708+0000] {processor.py:186} INFO - Started process (PID=1711) to work on /opt/airflow/dags/kafka_to_mongo.py
[2024-12-31T00:18:15.708+0000] {processor.py:914} INFO - Processing file /opt/airflow/dags/kafka_to_mongo.py for tasks to queue
[2024-12-31T00:18:15.710+0000] {logging_mixin.py:190} INFO - [2024-12-31T00:18:15.709+0000] {dagbag.py:588} INFO - Filling up the DagBag from /opt/airflow/dags/kafka_to_mongo.py
[2024-12-31T00:18:15.841+0000] {processor.py:925} INFO - DAG(s) 'kafka_to_mongo' retrieved from /opt/airflow/dags/kafka_to_mongo.py
[2024-12-31T00:18:15.865+0000] {logging_mixin.py:190} INFO - [2024-12-31T00:18:15.865+0000] {dag.py:3239} INFO - Sync 1 DAGs
[2024-12-31T00:18:15.879+0000] {logging_mixin.py:190} INFO - [2024-12-31T00:18:15.878+0000] {dag.py:4180} INFO - Setting next_dagrun for kafka_to_mongo to None, run_after=None
[2024-12-31T00:18:15.898+0000] {processor.py:208} INFO - Processing /opt/airflow/dags/kafka_to_mongo.py took 0.196 seconds
[2024-12-31T00:18:46.238+0000] {processor.py:186} INFO - Started process (PID=1725) to work on /opt/airflow/dags/kafka_to_mongo.py
[2024-12-31T00:18:46.239+0000] {processor.py:914} INFO - Processing file /opt/airflow/dags/kafka_to_mongo.py for tasks to queue
[2024-12-31T00:18:46.241+0000] {logging_mixin.py:190} INFO - [2024-12-31T00:18:46.240+0000] {dagbag.py:588} INFO - Filling up the DagBag from /opt/airflow/dags/kafka_to_mongo.py
[2024-12-31T00:18:46.395+0000] {processor.py:925} INFO - DAG(s) 'kafka_to_mongo' retrieved from /opt/airflow/dags/kafka_to_mongo.py
[2024-12-31T00:18:46.431+0000] {logging_mixin.py:190} INFO - [2024-12-31T00:18:46.431+0000] {dag.py:3239} INFO - Sync 1 DAGs
[2024-12-31T00:18:46.455+0000] {logging_mixin.py:190} INFO - [2024-12-31T00:18:46.455+0000] {dag.py:4180} INFO - Setting next_dagrun for kafka_to_mongo to None, run_after=None
[2024-12-31T00:18:46.484+0000] {processor.py:208} INFO - Processing /opt/airflow/dags/kafka_to_mongo.py took 0.252 seconds
[2024-12-31T00:19:16.806+0000] {processor.py:186} INFO - Started process (PID=1743) to work on /opt/airflow/dags/kafka_to_mongo.py
[2024-12-31T00:19:16.808+0000] {processor.py:914} INFO - Processing file /opt/airflow/dags/kafka_to_mongo.py for tasks to queue
[2024-12-31T00:19:16.810+0000] {logging_mixin.py:190} INFO - [2024-12-31T00:19:16.810+0000] {dagbag.py:588} INFO - Filling up the DagBag from /opt/airflow/dags/kafka_to_mongo.py
[2024-12-31T00:19:17.099+0000] {processor.py:925} INFO - DAG(s) 'kafka_to_mongo' retrieved from /opt/airflow/dags/kafka_to_mongo.py
[2024-12-31T00:19:17.146+0000] {logging_mixin.py:190} INFO - [2024-12-31T00:19:17.145+0000] {dag.py:3239} INFO - Sync 1 DAGs
[2024-12-31T00:19:17.170+0000] {logging_mixin.py:190} INFO - [2024-12-31T00:19:17.170+0000] {dag.py:4180} INFO - Setting next_dagrun for kafka_to_mongo to None, run_after=None
[2024-12-31T00:19:17.210+0000] {processor.py:208} INFO - Processing /opt/airflow/dags/kafka_to_mongo.py took 0.414 seconds
[2024-12-31T00:19:47.413+0000] {processor.py:186} INFO - Started process (PID=1755) to work on /opt/airflow/dags/kafka_to_mongo.py
[2024-12-31T00:19:47.415+0000] {processor.py:914} INFO - Processing file /opt/airflow/dags/kafka_to_mongo.py for tasks to queue
[2024-12-31T00:19:47.416+0000] {logging_mixin.py:190} INFO - [2024-12-31T00:19:47.416+0000] {dagbag.py:588} INFO - Filling up the DagBag from /opt/airflow/dags/kafka_to_mongo.py
[2024-12-31T00:19:47.563+0000] {processor.py:925} INFO - DAG(s) 'kafka_to_mongo' retrieved from /opt/airflow/dags/kafka_to_mongo.py
[2024-12-31T00:19:47.585+0000] {logging_mixin.py:190} INFO - [2024-12-31T00:19:47.585+0000] {dag.py:3239} INFO - Sync 1 DAGs
[2024-12-31T00:19:47.598+0000] {logging_mixin.py:190} INFO - [2024-12-31T00:19:47.597+0000] {dag.py:4180} INFO - Setting next_dagrun for kafka_to_mongo to None, run_after=None
[2024-12-31T00:19:47.614+0000] {processor.py:208} INFO - Processing /opt/airflow/dags/kafka_to_mongo.py took 0.208 seconds
[2024-12-31T00:20:17.731+0000] {processor.py:186} INFO - Started process (PID=1770) to work on /opt/airflow/dags/kafka_to_mongo.py
[2024-12-31T00:20:17.732+0000] {processor.py:914} INFO - Processing file /opt/airflow/dags/kafka_to_mongo.py for tasks to queue
[2024-12-31T00:20:17.733+0000] {logging_mixin.py:190} INFO - [2024-12-31T00:20:17.733+0000] {dagbag.py:588} INFO - Filling up the DagBag from /opt/airflow/dags/kafka_to_mongo.py
[2024-12-31T00:20:17.903+0000] {processor.py:925} INFO - DAG(s) 'kafka_to_mongo' retrieved from /opt/airflow/dags/kafka_to_mongo.py
[2024-12-31T00:20:17.927+0000] {logging_mixin.py:190} INFO - [2024-12-31T00:20:17.927+0000] {dag.py:3239} INFO - Sync 1 DAGs
[2024-12-31T00:20:17.944+0000] {logging_mixin.py:190} INFO - [2024-12-31T00:20:17.944+0000] {dag.py:4180} INFO - Setting next_dagrun for kafka_to_mongo to None, run_after=None
[2024-12-31T00:20:17.963+0000] {processor.py:208} INFO - Processing /opt/airflow/dags/kafka_to_mongo.py took 0.239 seconds
[2024-12-31T00:20:48.061+0000] {processor.py:186} INFO - Started process (PID=1784) to work on /opt/airflow/dags/kafka_to_mongo.py
[2024-12-31T00:20:48.062+0000] {processor.py:914} INFO - Processing file /opt/airflow/dags/kafka_to_mongo.py for tasks to queue
[2024-12-31T00:20:48.065+0000] {logging_mixin.py:190} INFO - [2024-12-31T00:20:48.064+0000] {dagbag.py:588} INFO - Filling up the DagBag from /opt/airflow/dags/kafka_to_mongo.py
[2024-12-31T00:20:48.208+0000] {processor.py:925} INFO - DAG(s) 'kafka_to_mongo' retrieved from /opt/airflow/dags/kafka_to_mongo.py
[2024-12-31T00:20:48.232+0000] {logging_mixin.py:190} INFO - [2024-12-31T00:20:48.231+0000] {dag.py:3239} INFO - Sync 1 DAGs
[2024-12-31T00:20:48.245+0000] {logging_mixin.py:190} INFO - [2024-12-31T00:20:48.245+0000] {dag.py:4180} INFO - Setting next_dagrun for kafka_to_mongo to None, run_after=None
[2024-12-31T00:20:48.264+0000] {processor.py:208} INFO - Processing /opt/airflow/dags/kafka_to_mongo.py took 0.209 seconds
[2024-12-31T00:21:18.371+0000] {processor.py:186} INFO - Started process (PID=1798) to work on /opt/airflow/dags/kafka_to_mongo.py
[2024-12-31T00:21:18.373+0000] {processor.py:914} INFO - Processing file /opt/airflow/dags/kafka_to_mongo.py for tasks to queue
[2024-12-31T00:21:18.378+0000] {logging_mixin.py:190} INFO - [2024-12-31T00:21:18.376+0000] {dagbag.py:588} INFO - Filling up the DagBag from /opt/airflow/dags/kafka_to_mongo.py
[2024-12-31T00:21:18.585+0000] {processor.py:925} INFO - DAG(s) 'kafka_to_mongo' retrieved from /opt/airflow/dags/kafka_to_mongo.py
[2024-12-31T00:21:18.620+0000] {logging_mixin.py:190} INFO - [2024-12-31T00:21:18.619+0000] {dag.py:3239} INFO - Sync 1 DAGs
[2024-12-31T00:21:18.638+0000] {logging_mixin.py:190} INFO - [2024-12-31T00:21:18.638+0000] {dag.py:4180} INFO - Setting next_dagrun for kafka_to_mongo to None, run_after=None
[2024-12-31T00:21:18.662+0000] {processor.py:208} INFO - Processing /opt/airflow/dags/kafka_to_mongo.py took 0.302 seconds
[2024-12-31T00:21:49.314+0000] {processor.py:186} INFO - Started process (PID=1810) to work on /opt/airflow/dags/kafka_to_mongo.py
[2024-12-31T00:21:49.316+0000] {processor.py:914} INFO - Processing file /opt/airflow/dags/kafka_to_mongo.py for tasks to queue
[2024-12-31T00:21:49.318+0000] {logging_mixin.py:190} INFO - [2024-12-31T00:21:49.317+0000] {dagbag.py:588} INFO - Filling up the DagBag from /opt/airflow/dags/kafka_to_mongo.py
[2024-12-31T00:21:49.471+0000] {processor.py:925} INFO - DAG(s) 'kafka_to_mongo' retrieved from /opt/airflow/dags/kafka_to_mongo.py
[2024-12-31T00:21:49.493+0000] {logging_mixin.py:190} INFO - [2024-12-31T00:21:49.493+0000] {dag.py:3239} INFO - Sync 1 DAGs
[2024-12-31T00:21:49.507+0000] {logging_mixin.py:190} INFO - [2024-12-31T00:21:49.507+0000] {dag.py:4180} INFO - Setting next_dagrun for kafka_to_mongo to None, run_after=None
[2024-12-31T00:21:49.526+0000] {processor.py:208} INFO - Processing /opt/airflow/dags/kafka_to_mongo.py took 0.219 seconds
[2024-12-31T00:22:20.213+0000] {processor.py:186} INFO - Started process (PID=1822) to work on /opt/airflow/dags/kafka_to_mongo.py
[2024-12-31T00:22:20.214+0000] {processor.py:914} INFO - Processing file /opt/airflow/dags/kafka_to_mongo.py for tasks to queue
[2024-12-31T00:22:20.216+0000] {logging_mixin.py:190} INFO - [2024-12-31T00:22:20.215+0000] {dagbag.py:588} INFO - Filling up the DagBag from /opt/airflow/dags/kafka_to_mongo.py
[2024-12-31T00:22:20.366+0000] {processor.py:925} INFO - DAG(s) 'kafka_to_mongo' retrieved from /opt/airflow/dags/kafka_to_mongo.py
[2024-12-31T00:22:20.389+0000] {logging_mixin.py:190} INFO - [2024-12-31T00:22:20.389+0000] {dag.py:3239} INFO - Sync 1 DAGs
[2024-12-31T00:22:20.403+0000] {logging_mixin.py:190} INFO - [2024-12-31T00:22:20.403+0000] {dag.py:4180} INFO - Setting next_dagrun for kafka_to_mongo to None, run_after=None
[2024-12-31T00:22:20.421+0000] {processor.py:208} INFO - Processing /opt/airflow/dags/kafka_to_mongo.py took 0.214 seconds
[2024-12-31T00:22:51.177+0000] {processor.py:186} INFO - Started process (PID=1835) to work on /opt/airflow/dags/kafka_to_mongo.py
[2024-12-31T00:22:51.180+0000] {processor.py:914} INFO - Processing file /opt/airflow/dags/kafka_to_mongo.py for tasks to queue
[2024-12-31T00:22:51.181+0000] {logging_mixin.py:190} INFO - [2024-12-31T00:22:51.181+0000] {dagbag.py:588} INFO - Filling up the DagBag from /opt/airflow/dags/kafka_to_mongo.py
[2024-12-31T00:22:51.349+0000] {processor.py:925} INFO - DAG(s) 'kafka_to_mongo' retrieved from /opt/airflow/dags/kafka_to_mongo.py
[2024-12-31T00:22:51.377+0000] {logging_mixin.py:190} INFO - [2024-12-31T00:22:51.377+0000] {dag.py:3239} INFO - Sync 1 DAGs
[2024-12-31T00:22:51.392+0000] {logging_mixin.py:190} INFO - [2024-12-31T00:22:51.392+0000] {dag.py:4180} INFO - Setting next_dagrun for kafka_to_mongo to None, run_after=None
[2024-12-31T00:22:51.413+0000] {processor.py:208} INFO - Processing /opt/airflow/dags/kafka_to_mongo.py took 0.242 seconds
[2024-12-31T00:23:22.007+0000] {processor.py:186} INFO - Started process (PID=1847) to work on /opt/airflow/dags/kafka_to_mongo.py
[2024-12-31T00:23:22.009+0000] {processor.py:914} INFO - Processing file /opt/airflow/dags/kafka_to_mongo.py for tasks to queue
[2024-12-31T00:23:22.014+0000] {logging_mixin.py:190} INFO - [2024-12-31T00:23:22.011+0000] {dagbag.py:588} INFO - Filling up the DagBag from /opt/airflow/dags/kafka_to_mongo.py
[2024-12-31T00:23:22.201+0000] {processor.py:925} INFO - DAG(s) 'kafka_to_mongo' retrieved from /opt/airflow/dags/kafka_to_mongo.py
[2024-12-31T00:23:22.234+0000] {logging_mixin.py:190} INFO - [2024-12-31T00:23:22.233+0000] {dag.py:3239} INFO - Sync 1 DAGs
[2024-12-31T00:23:22.259+0000] {logging_mixin.py:190} INFO - [2024-12-31T00:23:22.259+0000] {dag.py:4180} INFO - Setting next_dagrun for kafka_to_mongo to None, run_after=None
[2024-12-31T00:23:22.282+0000] {processor.py:208} INFO - Processing /opt/airflow/dags/kafka_to_mongo.py took 0.285 seconds
[2024-12-31T00:23:52.436+0000] {processor.py:186} INFO - Started process (PID=1859) to work on /opt/airflow/dags/kafka_to_mongo.py
[2024-12-31T00:23:52.437+0000] {processor.py:914} INFO - Processing file /opt/airflow/dags/kafka_to_mongo.py for tasks to queue
[2024-12-31T00:23:52.439+0000] {logging_mixin.py:190} INFO - [2024-12-31T00:23:52.439+0000] {dagbag.py:588} INFO - Filling up the DagBag from /opt/airflow/dags/kafka_to_mongo.py
[2024-12-31T00:23:52.592+0000] {processor.py:925} INFO - DAG(s) 'kafka_to_mongo' retrieved from /opt/airflow/dags/kafka_to_mongo.py
[2024-12-31T00:23:52.618+0000] {logging_mixin.py:190} INFO - [2024-12-31T00:23:52.617+0000] {dag.py:3239} INFO - Sync 1 DAGs
[2024-12-31T00:23:52.634+0000] {logging_mixin.py:190} INFO - [2024-12-31T00:23:52.634+0000] {dag.py:4180} INFO - Setting next_dagrun for kafka_to_mongo to None, run_after=None
[2024-12-31T00:23:52.653+0000] {processor.py:208} INFO - Processing /opt/airflow/dags/kafka_to_mongo.py took 0.223 seconds
[2024-12-31T00:24:23.396+0000] {processor.py:186} INFO - Started process (PID=1871) to work on /opt/airflow/dags/kafka_to_mongo.py
[2024-12-31T00:24:23.397+0000] {processor.py:914} INFO - Processing file /opt/airflow/dags/kafka_to_mongo.py for tasks to queue
[2024-12-31T00:24:23.399+0000] {logging_mixin.py:190} INFO - [2024-12-31T00:24:23.398+0000] {dagbag.py:588} INFO - Filling up the DagBag from /opt/airflow/dags/kafka_to_mongo.py
[2024-12-31T00:24:23.536+0000] {processor.py:925} INFO - DAG(s) 'kafka_to_mongo' retrieved from /opt/airflow/dags/kafka_to_mongo.py
[2024-12-31T00:24:23.559+0000] {logging_mixin.py:190} INFO - [2024-12-31T00:24:23.558+0000] {dag.py:3239} INFO - Sync 1 DAGs
[2024-12-31T00:24:23.572+0000] {logging_mixin.py:190} INFO - [2024-12-31T00:24:23.572+0000] {dag.py:4180} INFO - Setting next_dagrun for kafka_to_mongo to None, run_after=None
[2024-12-31T00:24:23.590+0000] {processor.py:208} INFO - Processing /opt/airflow/dags/kafka_to_mongo.py took 0.199 seconds
[2024-12-31T00:24:54.409+0000] {processor.py:186} INFO - Started process (PID=1884) to work on /opt/airflow/dags/kafka_to_mongo.py
[2024-12-31T00:24:54.410+0000] {processor.py:914} INFO - Processing file /opt/airflow/dags/kafka_to_mongo.py for tasks to queue
[2024-12-31T00:24:54.411+0000] {logging_mixin.py:190} INFO - [2024-12-31T00:24:54.411+0000] {dagbag.py:588} INFO - Filling up the DagBag from /opt/airflow/dags/kafka_to_mongo.py
[2024-12-31T00:24:54.558+0000] {processor.py:925} INFO - DAG(s) 'kafka_to_mongo' retrieved from /opt/airflow/dags/kafka_to_mongo.py
[2024-12-31T00:24:54.579+0000] {logging_mixin.py:190} INFO - [2024-12-31T00:24:54.578+0000] {dag.py:3239} INFO - Sync 1 DAGs
[2024-12-31T00:24:54.592+0000] {logging_mixin.py:190} INFO - [2024-12-31T00:24:54.591+0000] {dag.py:4180} INFO - Setting next_dagrun for kafka_to_mongo to None, run_after=None
[2024-12-31T00:24:54.608+0000] {processor.py:208} INFO - Processing /opt/airflow/dags/kafka_to_mongo.py took 0.205 seconds
[2024-12-31T00:25:24.760+0000] {processor.py:186} INFO - Started process (PID=1896) to work on /opt/airflow/dags/kafka_to_mongo.py
[2024-12-31T00:25:24.761+0000] {processor.py:914} INFO - Processing file /opt/airflow/dags/kafka_to_mongo.py for tasks to queue
[2024-12-31T00:25:24.762+0000] {logging_mixin.py:190} INFO - [2024-12-31T00:25:24.762+0000] {dagbag.py:588} INFO - Filling up the DagBag from /opt/airflow/dags/kafka_to_mongo.py
[2024-12-31T00:25:24.896+0000] {processor.py:925} INFO - DAG(s) 'kafka_to_mongo' retrieved from /opt/airflow/dags/kafka_to_mongo.py
[2024-12-31T00:25:24.915+0000] {logging_mixin.py:190} INFO - [2024-12-31T00:25:24.915+0000] {dag.py:3239} INFO - Sync 1 DAGs
[2024-12-31T00:25:24.928+0000] {logging_mixin.py:190} INFO - [2024-12-31T00:25:24.927+0000] {dag.py:4180} INFO - Setting next_dagrun for kafka_to_mongo to None, run_after=None
[2024-12-31T00:25:24.943+0000] {processor.py:208} INFO - Processing /opt/airflow/dags/kafka_to_mongo.py took 0.189 seconds
[2024-12-31T00:25:55.064+0000] {processor.py:186} INFO - Started process (PID=1908) to work on /opt/airflow/dags/kafka_to_mongo.py
[2024-12-31T00:25:55.066+0000] {processor.py:914} INFO - Processing file /opt/airflow/dags/kafka_to_mongo.py for tasks to queue
[2024-12-31T00:25:55.069+0000] {logging_mixin.py:190} INFO - [2024-12-31T00:25:55.068+0000] {dagbag.py:588} INFO - Filling up the DagBag from /opt/airflow/dags/kafka_to_mongo.py
[2024-12-31T00:25:55.307+0000] {processor.py:925} INFO - DAG(s) 'kafka_to_mongo' retrieved from /opt/airflow/dags/kafka_to_mongo.py
[2024-12-31T00:25:55.340+0000] {logging_mixin.py:190} INFO - [2024-12-31T00:25:55.340+0000] {dag.py:3239} INFO - Sync 1 DAGs
[2024-12-31T00:25:55.357+0000] {logging_mixin.py:190} INFO - [2024-12-31T00:25:55.356+0000] {dag.py:4180} INFO - Setting next_dagrun for kafka_to_mongo to None, run_after=None
[2024-12-31T00:25:55.378+0000] {processor.py:208} INFO - Processing /opt/airflow/dags/kafka_to_mongo.py took 0.320 seconds
