[2024-12-31T00:00:11.667+0000] {processor.py:186} INFO - Started process (PID=1223) to work on /opt/airflow/dags/weather_kafka_producer.py
[2024-12-31T00:00:11.669+0000] {processor.py:914} INFO - Processing file /opt/airflow/dags/weather_kafka_producer.py for tasks to queue
[2024-12-31T00:00:11.671+0000] {logging_mixin.py:190} INFO - [2024-12-31T00:00:11.670+0000] {dagbag.py:588} INFO - Filling up the DagBag from /opt/airflow/dags/weather_kafka_producer.py
[2024-12-31T00:00:11.829+0000] {processor.py:925} INFO - DAG(s) 'weather_kafka_producer' retrieved from /opt/airflow/dags/weather_kafka_producer.py
[2024-12-31T00:00:11.862+0000] {logging_mixin.py:190} INFO - [2024-12-31T00:00:11.861+0000] {dag.py:3239} INFO - Sync 1 DAGs
[2024-12-31T00:00:11.894+0000] {logging_mixin.py:190} INFO - [2024-12-31T00:00:11.893+0000] {dag.py:4180} INFO - Setting next_dagrun for weather_kafka_producer to 2024-12-31 00:00:05+00:00, run_after=2024-12-31 00:00:10+00:00
[2024-12-31T00:00:11.917+0000] {processor.py:208} INFO - Processing /opt/airflow/dags/weather_kafka_producer.py took 0.258 seconds
[2024-12-31T00:00:42.026+0000] {processor.py:186} INFO - Started process (PID=1236) to work on /opt/airflow/dags/weather_kafka_producer.py
[2024-12-31T00:00:42.027+0000] {processor.py:914} INFO - Processing file /opt/airflow/dags/weather_kafka_producer.py for tasks to queue
[2024-12-31T00:00:42.028+0000] {logging_mixin.py:190} INFO - [2024-12-31T00:00:42.028+0000] {dagbag.py:588} INFO - Filling up the DagBag from /opt/airflow/dags/weather_kafka_producer.py
[2024-12-31T00:00:42.129+0000] {processor.py:925} INFO - DAG(s) 'weather_kafka_producer' retrieved from /opt/airflow/dags/weather_kafka_producer.py
[2024-12-31T00:00:42.151+0000] {logging_mixin.py:190} INFO - [2024-12-31T00:00:42.150+0000] {dag.py:3239} INFO - Sync 1 DAGs
[2024-12-31T00:00:42.171+0000] {logging_mixin.py:190} INFO - [2024-12-31T00:00:42.171+0000] {dag.py:4180} INFO - Setting next_dagrun for weather_kafka_producer to 2024-12-31 00:00:35+00:00, run_after=2024-12-31 00:00:40+00:00
[2024-12-31T00:00:42.189+0000] {processor.py:208} INFO - Processing /opt/airflow/dags/weather_kafka_producer.py took 0.168 seconds
[2024-12-31T00:01:12.425+0000] {processor.py:186} INFO - Started process (PID=1251) to work on /opt/airflow/dags/weather_kafka_producer.py
[2024-12-31T00:01:12.426+0000] {processor.py:914} INFO - Processing file /opt/airflow/dags/weather_kafka_producer.py for tasks to queue
[2024-12-31T00:01:12.427+0000] {logging_mixin.py:190} INFO - [2024-12-31T00:01:12.427+0000] {dagbag.py:588} INFO - Filling up the DagBag from /opt/airflow/dags/weather_kafka_producer.py
[2024-12-31T00:01:12.533+0000] {processor.py:925} INFO - DAG(s) 'weather_kafka_producer' retrieved from /opt/airflow/dags/weather_kafka_producer.py
[2024-12-31T00:01:12.558+0000] {logging_mixin.py:190} INFO - [2024-12-31T00:01:12.558+0000] {dag.py:3239} INFO - Sync 1 DAGs
[2024-12-31T00:01:12.582+0000] {logging_mixin.py:190} INFO - [2024-12-31T00:01:12.582+0000] {dag.py:4180} INFO - Setting next_dagrun for weather_kafka_producer to 2024-12-31 00:01:05+00:00, run_after=2024-12-31 00:01:10+00:00
[2024-12-31T00:01:12.611+0000] {processor.py:208} INFO - Processing /opt/airflow/dags/weather_kafka_producer.py took 0.192 seconds
[2024-12-31T00:01:42.976+0000] {processor.py:186} INFO - Started process (PID=1264) to work on /opt/airflow/dags/weather_kafka_producer.py
[2024-12-31T00:01:42.977+0000] {processor.py:914} INFO - Processing file /opt/airflow/dags/weather_kafka_producer.py for tasks to queue
[2024-12-31T00:01:42.979+0000] {logging_mixin.py:190} INFO - [2024-12-31T00:01:42.978+0000] {dagbag.py:588} INFO - Filling up the DagBag from /opt/airflow/dags/weather_kafka_producer.py
[2024-12-31T00:01:43.096+0000] {processor.py:925} INFO - DAG(s) 'weather_kafka_producer' retrieved from /opt/airflow/dags/weather_kafka_producer.py
[2024-12-31T00:01:43.124+0000] {logging_mixin.py:190} INFO - [2024-12-31T00:01:43.124+0000] {dag.py:3239} INFO - Sync 1 DAGs
[2024-12-31T00:01:43.149+0000] {logging_mixin.py:190} INFO - [2024-12-31T00:01:43.148+0000] {dag.py:4180} INFO - Setting next_dagrun for weather_kafka_producer to 2024-12-31 00:01:35+00:00, run_after=2024-12-31 00:01:40+00:00
[2024-12-31T00:01:43.166+0000] {processor.py:208} INFO - Processing /opt/airflow/dags/weather_kafka_producer.py took 0.196 seconds
[2024-12-31T00:02:13.207+0000] {processor.py:186} INFO - Started process (PID=1277) to work on /opt/airflow/dags/weather_kafka_producer.py
[2024-12-31T00:02:13.208+0000] {processor.py:914} INFO - Processing file /opt/airflow/dags/weather_kafka_producer.py for tasks to queue
[2024-12-31T00:02:13.209+0000] {logging_mixin.py:190} INFO - [2024-12-31T00:02:13.209+0000] {dagbag.py:588} INFO - Filling up the DagBag from /opt/airflow/dags/weather_kafka_producer.py
[2024-12-31T00:02:13.328+0000] {processor.py:925} INFO - DAG(s) 'weather_kafka_producer' retrieved from /opt/airflow/dags/weather_kafka_producer.py
[2024-12-31T00:02:13.355+0000] {logging_mixin.py:190} INFO - [2024-12-31T00:02:13.355+0000] {dag.py:3239} INFO - Sync 1 DAGs
[2024-12-31T00:02:13.379+0000] {logging_mixin.py:190} INFO - [2024-12-31T00:02:13.379+0000] {dag.py:4180} INFO - Setting next_dagrun for weather_kafka_producer to 2024-12-31 00:02:05+00:00, run_after=2024-12-31 00:02:10+00:00
[2024-12-31T00:02:13.402+0000] {processor.py:208} INFO - Processing /opt/airflow/dags/weather_kafka_producer.py took 0.201 seconds
[2024-12-31T00:02:44.162+0000] {processor.py:186} INFO - Started process (PID=1290) to work on /opt/airflow/dags/weather_kafka_producer.py
[2024-12-31T00:02:44.163+0000] {processor.py:914} INFO - Processing file /opt/airflow/dags/weather_kafka_producer.py for tasks to queue
[2024-12-31T00:02:44.164+0000] {logging_mixin.py:190} INFO - [2024-12-31T00:02:44.164+0000] {dagbag.py:588} INFO - Filling up the DagBag from /opt/airflow/dags/weather_kafka_producer.py
[2024-12-31T00:02:44.300+0000] {processor.py:925} INFO - DAG(s) 'weather_kafka_producer' retrieved from /opt/airflow/dags/weather_kafka_producer.py
[2024-12-31T00:02:44.333+0000] {logging_mixin.py:190} INFO - [2024-12-31T00:02:44.333+0000] {dag.py:3239} INFO - Sync 1 DAGs
[2024-12-31T00:02:44.361+0000] {logging_mixin.py:190} INFO - [2024-12-31T00:02:44.361+0000] {dag.py:4180} INFO - Setting next_dagrun for weather_kafka_producer to 2024-12-31 00:02:35+00:00, run_after=2024-12-31 00:02:40+00:00
[2024-12-31T00:02:44.383+0000] {processor.py:208} INFO - Processing /opt/airflow/dags/weather_kafka_producer.py took 0.227 seconds
[2024-12-31T00:03:14.648+0000] {processor.py:186} INFO - Started process (PID=1305) to work on /opt/airflow/dags/weather_kafka_producer.py
[2024-12-31T00:03:14.649+0000] {processor.py:914} INFO - Processing file /opt/airflow/dags/weather_kafka_producer.py for tasks to queue
[2024-12-31T00:03:14.651+0000] {logging_mixin.py:190} INFO - [2024-12-31T00:03:14.650+0000] {dagbag.py:588} INFO - Filling up the DagBag from /opt/airflow/dags/weather_kafka_producer.py
[2024-12-31T00:03:14.758+0000] {processor.py:925} INFO - DAG(s) 'weather_kafka_producer' retrieved from /opt/airflow/dags/weather_kafka_producer.py
[2024-12-31T00:03:14.782+0000] {logging_mixin.py:190} INFO - [2024-12-31T00:03:14.781+0000] {dag.py:3239} INFO - Sync 1 DAGs
[2024-12-31T00:03:14.802+0000] {logging_mixin.py:190} INFO - [2024-12-31T00:03:14.802+0000] {dag.py:4180} INFO - Setting next_dagrun for weather_kafka_producer to 2024-12-31 00:03:05+00:00, run_after=2024-12-31 00:03:10+00:00
[2024-12-31T00:03:14.821+0000] {processor.py:208} INFO - Processing /opt/airflow/dags/weather_kafka_producer.py took 0.178 seconds
[2024-12-31T00:03:45.646+0000] {processor.py:186} INFO - Started process (PID=1324) to work on /opt/airflow/dags/weather_kafka_producer.py
[2024-12-31T00:03:45.648+0000] {processor.py:914} INFO - Processing file /opt/airflow/dags/weather_kafka_producer.py for tasks to queue
[2024-12-31T00:03:45.650+0000] {logging_mixin.py:190} INFO - [2024-12-31T00:03:45.650+0000] {dagbag.py:588} INFO - Filling up the DagBag from /opt/airflow/dags/weather_kafka_producer.py
[2024-12-31T00:03:45.801+0000] {processor.py:925} INFO - DAG(s) 'weather_kafka_producer' retrieved from /opt/airflow/dags/weather_kafka_producer.py
[2024-12-31T00:03:45.830+0000] {logging_mixin.py:190} INFO - [2024-12-31T00:03:45.829+0000] {dag.py:3239} INFO - Sync 1 DAGs
[2024-12-31T00:03:45.875+0000] {logging_mixin.py:190} INFO - [2024-12-31T00:03:45.872+0000] {dag.py:4180} INFO - Setting next_dagrun for weather_kafka_producer to 2024-12-31 00:03:40+00:00, run_after=2024-12-31 00:03:45+00:00
[2024-12-31T00:03:45.916+0000] {processor.py:208} INFO - Processing /opt/airflow/dags/weather_kafka_producer.py took 0.280 seconds
[2024-12-31T00:04:16.114+0000] {processor.py:186} INFO - Started process (PID=1339) to work on /opt/airflow/dags/weather_kafka_producer.py
[2024-12-31T00:04:16.115+0000] {processor.py:914} INFO - Processing file /opt/airflow/dags/weather_kafka_producer.py for tasks to queue
[2024-12-31T00:04:16.116+0000] {logging_mixin.py:190} INFO - [2024-12-31T00:04:16.116+0000] {dagbag.py:588} INFO - Filling up the DagBag from /opt/airflow/dags/weather_kafka_producer.py
[2024-12-31T00:04:16.273+0000] {processor.py:925} INFO - DAG(s) 'weather_kafka_producer' retrieved from /opt/airflow/dags/weather_kafka_producer.py
[2024-12-31T00:04:16.355+0000] {logging_mixin.py:190} INFO - [2024-12-31T00:04:16.354+0000] {dag.py:3239} INFO - Sync 1 DAGs
[2024-12-31T00:04:16.445+0000] {logging_mixin.py:190} INFO - [2024-12-31T00:04:16.444+0000] {dag.py:4180} INFO - Setting next_dagrun for weather_kafka_producer to 2024-12-31 00:04:10+00:00, run_after=2024-12-31 00:04:15+00:00
[2024-12-31T00:04:16.536+0000] {processor.py:208} INFO - Processing /opt/airflow/dags/weather_kafka_producer.py took 0.429 seconds
[2024-12-31T00:04:47.079+0000] {processor.py:186} INFO - Started process (PID=1352) to work on /opt/airflow/dags/weather_kafka_producer.py
[2024-12-31T00:04:47.080+0000] {processor.py:914} INFO - Processing file /opt/airflow/dags/weather_kafka_producer.py for tasks to queue
[2024-12-31T00:04:47.081+0000] {logging_mixin.py:190} INFO - [2024-12-31T00:04:47.081+0000] {dagbag.py:588} INFO - Filling up the DagBag from /opt/airflow/dags/weather_kafka_producer.py
[2024-12-31T00:04:47.198+0000] {processor.py:925} INFO - DAG(s) 'weather_kafka_producer' retrieved from /opt/airflow/dags/weather_kafka_producer.py
[2024-12-31T00:04:47.223+0000] {logging_mixin.py:190} INFO - [2024-12-31T00:04:47.223+0000] {dag.py:3239} INFO - Sync 1 DAGs
[2024-12-31T00:04:47.244+0000] {logging_mixin.py:190} INFO - [2024-12-31T00:04:47.244+0000] {dag.py:4180} INFO - Setting next_dagrun for weather_kafka_producer to 2024-12-31 00:04:40+00:00, run_after=2024-12-31 00:04:45+00:00
[2024-12-31T00:04:47.264+0000] {processor.py:208} INFO - Processing /opt/airflow/dags/weather_kafka_producer.py took 0.192 seconds
[2024-12-31T00:05:17.985+0000] {processor.py:186} INFO - Started process (PID=1367) to work on /opt/airflow/dags/weather_kafka_producer.py
[2024-12-31T00:05:17.988+0000] {processor.py:914} INFO - Processing file /opt/airflow/dags/weather_kafka_producer.py for tasks to queue
[2024-12-31T00:05:17.989+0000] {logging_mixin.py:190} INFO - [2024-12-31T00:05:17.989+0000] {dagbag.py:588} INFO - Filling up the DagBag from /opt/airflow/dags/weather_kafka_producer.py
[2024-12-31T00:05:18.172+0000] {processor.py:925} INFO - DAG(s) 'weather_kafka_producer' retrieved from /opt/airflow/dags/weather_kafka_producer.py
[2024-12-31T00:05:18.211+0000] {logging_mixin.py:190} INFO - [2024-12-31T00:05:18.211+0000] {dag.py:3239} INFO - Sync 1 DAGs
[2024-12-31T00:05:18.246+0000] {logging_mixin.py:190} INFO - [2024-12-31T00:05:18.246+0000] {dag.py:4180} INFO - Setting next_dagrun for weather_kafka_producer to 2024-12-31 00:05:10+00:00, run_after=2024-12-31 00:05:15+00:00
[2024-12-31T00:05:18.282+0000] {processor.py:208} INFO - Processing /opt/airflow/dags/weather_kafka_producer.py took 0.308 seconds
[2024-12-31T00:05:48.351+0000] {processor.py:186} INFO - Started process (PID=1382) to work on /opt/airflow/dags/weather_kafka_producer.py
[2024-12-31T00:05:48.352+0000] {processor.py:914} INFO - Processing file /opt/airflow/dags/weather_kafka_producer.py for tasks to queue
[2024-12-31T00:05:48.356+0000] {logging_mixin.py:190} INFO - [2024-12-31T00:05:48.355+0000] {dagbag.py:588} INFO - Filling up the DagBag from /opt/airflow/dags/weather_kafka_producer.py
[2024-12-31T00:05:48.648+0000] {processor.py:925} INFO - DAG(s) 'weather_kafka_producer' retrieved from /opt/airflow/dags/weather_kafka_producer.py
[2024-12-31T00:05:48.727+0000] {logging_mixin.py:190} INFO - [2024-12-31T00:05:48.726+0000] {dag.py:3239} INFO - Sync 1 DAGs
[2024-12-31T00:05:48.787+0000] {logging_mixin.py:190} INFO - [2024-12-31T00:05:48.786+0000] {dag.py:4180} INFO - Setting next_dagrun for weather_kafka_producer to 2024-12-31 00:05:40+00:00, run_after=2024-12-31 00:05:45+00:00
[2024-12-31T00:05:48.832+0000] {processor.py:208} INFO - Processing /opt/airflow/dags/weather_kafka_producer.py took 0.498 seconds
[2024-12-31T00:06:19.468+0000] {processor.py:186} INFO - Started process (PID=1395) to work on /opt/airflow/dags/weather_kafka_producer.py
[2024-12-31T00:06:19.469+0000] {processor.py:914} INFO - Processing file /opt/airflow/dags/weather_kafka_producer.py for tasks to queue
[2024-12-31T00:06:19.470+0000] {logging_mixin.py:190} INFO - [2024-12-31T00:06:19.470+0000] {dagbag.py:588} INFO - Filling up the DagBag from /opt/airflow/dags/weather_kafka_producer.py
[2024-12-31T00:06:19.573+0000] {processor.py:925} INFO - DAG(s) 'weather_kafka_producer' retrieved from /opt/airflow/dags/weather_kafka_producer.py
[2024-12-31T00:06:19.597+0000] {logging_mixin.py:190} INFO - [2024-12-31T00:06:19.597+0000] {dag.py:3239} INFO - Sync 1 DAGs
[2024-12-31T00:06:19.616+0000] {logging_mixin.py:190} INFO - [2024-12-31T00:06:19.616+0000] {dag.py:4180} INFO - Setting next_dagrun for weather_kafka_producer to 2024-12-31 00:06:10+00:00, run_after=2024-12-31 00:06:15+00:00
[2024-12-31T00:06:19.632+0000] {processor.py:208} INFO - Processing /opt/airflow/dags/weather_kafka_producer.py took 0.169 seconds
[2024-12-31T00:06:50.312+0000] {processor.py:186} INFO - Started process (PID=1408) to work on /opt/airflow/dags/weather_kafka_producer.py
[2024-12-31T00:06:50.313+0000] {processor.py:914} INFO - Processing file /opt/airflow/dags/weather_kafka_producer.py for tasks to queue
[2024-12-31T00:06:50.315+0000] {logging_mixin.py:190} INFO - [2024-12-31T00:06:50.315+0000] {dagbag.py:588} INFO - Filling up the DagBag from /opt/airflow/dags/weather_kafka_producer.py
[2024-12-31T00:06:50.422+0000] {processor.py:925} INFO - DAG(s) 'weather_kafka_producer' retrieved from /opt/airflow/dags/weather_kafka_producer.py
[2024-12-31T00:06:50.443+0000] {logging_mixin.py:190} INFO - [2024-12-31T00:06:50.443+0000] {dag.py:3239} INFO - Sync 1 DAGs
[2024-12-31T00:06:50.466+0000] {logging_mixin.py:190} INFO - [2024-12-31T00:06:50.466+0000] {dag.py:4180} INFO - Setting next_dagrun for weather_kafka_producer to 2024-12-31 00:06:45+00:00, run_after=2024-12-31 00:06:50+00:00
[2024-12-31T00:06:50.484+0000] {processor.py:208} INFO - Processing /opt/airflow/dags/weather_kafka_producer.py took 0.179 seconds
[2024-12-31T00:07:21.244+0000] {processor.py:186} INFO - Started process (PID=1421) to work on /opt/airflow/dags/weather_kafka_producer.py
[2024-12-31T00:07:21.246+0000] {processor.py:914} INFO - Processing file /opt/airflow/dags/weather_kafka_producer.py for tasks to queue
[2024-12-31T00:07:21.249+0000] {logging_mixin.py:190} INFO - [2024-12-31T00:07:21.248+0000] {dagbag.py:588} INFO - Filling up the DagBag from /opt/airflow/dags/weather_kafka_producer.py
[2024-12-31T00:07:21.396+0000] {processor.py:925} INFO - DAG(s) 'weather_kafka_producer' retrieved from /opt/airflow/dags/weather_kafka_producer.py
[2024-12-31T00:07:21.419+0000] {logging_mixin.py:190} INFO - [2024-12-31T00:07:21.418+0000] {dag.py:3239} INFO - Sync 1 DAGs
[2024-12-31T00:07:21.438+0000] {logging_mixin.py:190} INFO - [2024-12-31T00:07:21.438+0000] {dag.py:4180} INFO - Setting next_dagrun for weather_kafka_producer to 2024-12-31 00:07:15+00:00, run_after=2024-12-31 00:07:20+00:00
[2024-12-31T00:07:21.454+0000] {processor.py:208} INFO - Processing /opt/airflow/dags/weather_kafka_producer.py took 0.226 seconds
[2024-12-31T00:07:52.208+0000] {processor.py:186} INFO - Started process (PID=1434) to work on /opt/airflow/dags/weather_kafka_producer.py
[2024-12-31T00:07:52.209+0000] {processor.py:914} INFO - Processing file /opt/airflow/dags/weather_kafka_producer.py for tasks to queue
[2024-12-31T00:07:52.211+0000] {logging_mixin.py:190} INFO - [2024-12-31T00:07:52.210+0000] {dagbag.py:588} INFO - Filling up the DagBag from /opt/airflow/dags/weather_kafka_producer.py
[2024-12-31T00:07:52.323+0000] {processor.py:925} INFO - DAG(s) 'weather_kafka_producer' retrieved from /opt/airflow/dags/weather_kafka_producer.py
[2024-12-31T00:07:52.346+0000] {logging_mixin.py:190} INFO - [2024-12-31T00:07:52.345+0000] {dag.py:3239} INFO - Sync 1 DAGs
[2024-12-31T00:07:52.369+0000] {logging_mixin.py:190} INFO - [2024-12-31T00:07:52.368+0000] {dag.py:4180} INFO - Setting next_dagrun for weather_kafka_producer to 2024-12-31 00:07:45+00:00, run_after=2024-12-31 00:07:50+00:00
[2024-12-31T00:07:52.386+0000] {processor.py:208} INFO - Processing /opt/airflow/dags/weather_kafka_producer.py took 0.184 seconds
[2024-12-31T00:08:22.999+0000] {processor.py:186} INFO - Started process (PID=1447) to work on /opt/airflow/dags/weather_kafka_producer.py
[2024-12-31T00:08:23.000+0000] {processor.py:914} INFO - Processing file /opt/airflow/dags/weather_kafka_producer.py for tasks to queue
[2024-12-31T00:08:23.003+0000] {logging_mixin.py:190} INFO - [2024-12-31T00:08:23.002+0000] {dagbag.py:588} INFO - Filling up the DagBag from /opt/airflow/dags/weather_kafka_producer.py
[2024-12-31T00:08:23.142+0000] {processor.py:925} INFO - DAG(s) 'weather_kafka_producer' retrieved from /opt/airflow/dags/weather_kafka_producer.py
[2024-12-31T00:08:23.164+0000] {logging_mixin.py:190} INFO - [2024-12-31T00:08:23.164+0000] {dag.py:3239} INFO - Sync 1 DAGs
[2024-12-31T00:08:23.185+0000] {logging_mixin.py:190} INFO - [2024-12-31T00:08:23.185+0000] {dag.py:4180} INFO - Setting next_dagrun for weather_kafka_producer to 2024-12-31 00:08:15+00:00, run_after=2024-12-31 00:08:20+00:00
[2024-12-31T00:08:23.205+0000] {processor.py:208} INFO - Processing /opt/airflow/dags/weather_kafka_producer.py took 0.212 seconds
[2024-12-31T00:08:53.343+0000] {processor.py:186} INFO - Started process (PID=1460) to work on /opt/airflow/dags/weather_kafka_producer.py
[2024-12-31T00:08:53.344+0000] {processor.py:914} INFO - Processing file /opt/airflow/dags/weather_kafka_producer.py for tasks to queue
[2024-12-31T00:08:53.348+0000] {logging_mixin.py:190} INFO - [2024-12-31T00:08:53.347+0000] {dagbag.py:588} INFO - Filling up the DagBag from /opt/airflow/dags/weather_kafka_producer.py
[2024-12-31T00:08:53.513+0000] {processor.py:925} INFO - DAG(s) 'weather_kafka_producer' retrieved from /opt/airflow/dags/weather_kafka_producer.py
[2024-12-31T00:08:53.551+0000] {logging_mixin.py:190} INFO - [2024-12-31T00:08:53.551+0000] {dag.py:3239} INFO - Sync 1 DAGs
[2024-12-31T00:08:53.590+0000] {logging_mixin.py:190} INFO - [2024-12-31T00:08:53.590+0000] {dag.py:4180} INFO - Setting next_dagrun for weather_kafka_producer to 2024-12-31 00:08:45+00:00, run_after=2024-12-31 00:08:50+00:00
[2024-12-31T00:08:53.611+0000] {processor.py:208} INFO - Processing /opt/airflow/dags/weather_kafka_producer.py took 0.275 seconds
[2024-12-31T00:09:23.871+0000] {processor.py:186} INFO - Started process (PID=1473) to work on /opt/airflow/dags/weather_kafka_producer.py
[2024-12-31T00:09:23.872+0000] {processor.py:914} INFO - Processing file /opt/airflow/dags/weather_kafka_producer.py for tasks to queue
[2024-12-31T00:09:23.874+0000] {logging_mixin.py:190} INFO - [2024-12-31T00:09:23.873+0000] {dagbag.py:588} INFO - Filling up the DagBag from /opt/airflow/dags/weather_kafka_producer.py
[2024-12-31T00:09:23.978+0000] {processor.py:925} INFO - DAG(s) 'weather_kafka_producer' retrieved from /opt/airflow/dags/weather_kafka_producer.py
[2024-12-31T00:09:24.000+0000] {logging_mixin.py:190} INFO - [2024-12-31T00:09:24.000+0000] {dag.py:3239} INFO - Sync 1 DAGs
[2024-12-31T00:09:24.019+0000] {logging_mixin.py:190} INFO - [2024-12-31T00:09:24.019+0000] {dag.py:4180} INFO - Setting next_dagrun for weather_kafka_producer to 2024-12-31 00:09:15+00:00, run_after=2024-12-31 00:09:20+00:00
[2024-12-31T00:09:24.037+0000] {processor.py:208} INFO - Processing /opt/airflow/dags/weather_kafka_producer.py took 0.172 seconds
[2024-12-31T00:09:54.419+0000] {processor.py:186} INFO - Started process (PID=1489) to work on /opt/airflow/dags/weather_kafka_producer.py
[2024-12-31T00:09:54.420+0000] {processor.py:914} INFO - Processing file /opt/airflow/dags/weather_kafka_producer.py for tasks to queue
[2024-12-31T00:09:54.422+0000] {logging_mixin.py:190} INFO - [2024-12-31T00:09:54.421+0000] {dagbag.py:588} INFO - Filling up the DagBag from /opt/airflow/dags/weather_kafka_producer.py
[2024-12-31T00:09:54.560+0000] {processor.py:925} INFO - DAG(s) 'weather_kafka_producer' retrieved from /opt/airflow/dags/weather_kafka_producer.py
[2024-12-31T00:09:54.588+0000] {logging_mixin.py:190} INFO - [2024-12-31T00:09:54.588+0000] {dag.py:3239} INFO - Sync 1 DAGs
[2024-12-31T00:09:54.617+0000] {logging_mixin.py:190} INFO - [2024-12-31T00:09:54.616+0000] {dag.py:4180} INFO - Setting next_dagrun for weather_kafka_producer to 2024-12-31 00:09:45+00:00, run_after=2024-12-31 00:09:50+00:00
[2024-12-31T00:09:54.652+0000] {processor.py:208} INFO - Processing /opt/airflow/dags/weather_kafka_producer.py took 0.241 seconds
[2024-12-31T00:10:25.527+0000] {processor.py:186} INFO - Started process (PID=1506) to work on /opt/airflow/dags/weather_kafka_producer.py
[2024-12-31T00:10:25.528+0000] {processor.py:914} INFO - Processing file /opt/airflow/dags/weather_kafka_producer.py for tasks to queue
[2024-12-31T00:10:25.530+0000] {logging_mixin.py:190} INFO - [2024-12-31T00:10:25.529+0000] {dagbag.py:588} INFO - Filling up the DagBag from /opt/airflow/dags/weather_kafka_producer.py
[2024-12-31T00:10:25.648+0000] {processor.py:925} INFO - DAG(s) 'weather_kafka_producer' retrieved from /opt/airflow/dags/weather_kafka_producer.py
[2024-12-31T00:10:25.673+0000] {logging_mixin.py:190} INFO - [2024-12-31T00:10:25.673+0000] {dag.py:3239} INFO - Sync 1 DAGs
[2024-12-31T00:10:25.695+0000] {logging_mixin.py:190} INFO - [2024-12-31T00:10:25.695+0000] {dag.py:4180} INFO - Setting next_dagrun for weather_kafka_producer to 2024-12-31 00:10:20+00:00, run_after=2024-12-31 00:10:25+00:00
[2024-12-31T00:10:25.714+0000] {processor.py:208} INFO - Processing /opt/airflow/dags/weather_kafka_producer.py took 0.192 seconds
[2024-12-31T00:10:56.669+0000] {processor.py:186} INFO - Started process (PID=1519) to work on /opt/airflow/dags/weather_kafka_producer.py
[2024-12-31T00:10:56.670+0000] {processor.py:914} INFO - Processing file /opt/airflow/dags/weather_kafka_producer.py for tasks to queue
[2024-12-31T00:10:56.671+0000] {logging_mixin.py:190} INFO - [2024-12-31T00:10:56.671+0000] {dagbag.py:588} INFO - Filling up the DagBag from /opt/airflow/dags/weather_kafka_producer.py
[2024-12-31T00:10:56.785+0000] {processor.py:925} INFO - DAG(s) 'weather_kafka_producer' retrieved from /opt/airflow/dags/weather_kafka_producer.py
[2024-12-31T00:10:56.812+0000] {logging_mixin.py:190} INFO - [2024-12-31T00:10:56.812+0000] {dag.py:3239} INFO - Sync 1 DAGs
[2024-12-31T00:10:56.835+0000] {logging_mixin.py:190} INFO - [2024-12-31T00:10:56.835+0000] {dag.py:4180} INFO - Setting next_dagrun for weather_kafka_producer to 2024-12-31 00:10:50+00:00, run_after=2024-12-31 00:10:55+00:00
[2024-12-31T00:10:56.855+0000] {processor.py:208} INFO - Processing /opt/airflow/dags/weather_kafka_producer.py took 0.192 seconds
[2024-12-31T00:11:27.611+0000] {processor.py:186} INFO - Started process (PID=1532) to work on /opt/airflow/dags/weather_kafka_producer.py
[2024-12-31T00:11:27.612+0000] {processor.py:914} INFO - Processing file /opt/airflow/dags/weather_kafka_producer.py for tasks to queue
[2024-12-31T00:11:27.614+0000] {logging_mixin.py:190} INFO - [2024-12-31T00:11:27.613+0000] {dagbag.py:588} INFO - Filling up the DagBag from /opt/airflow/dags/weather_kafka_producer.py
[2024-12-31T00:11:27.752+0000] {processor.py:925} INFO - DAG(s) 'weather_kafka_producer' retrieved from /opt/airflow/dags/weather_kafka_producer.py
[2024-12-31T00:11:27.782+0000] {logging_mixin.py:190} INFO - [2024-12-31T00:11:27.782+0000] {dag.py:3239} INFO - Sync 1 DAGs
[2024-12-31T00:11:27.811+0000] {logging_mixin.py:190} INFO - [2024-12-31T00:11:27.811+0000] {dag.py:4180} INFO - Setting next_dagrun for weather_kafka_producer to 2024-12-31 00:11:20+00:00, run_after=2024-12-31 00:11:25+00:00
[2024-12-31T00:11:27.832+0000] {processor.py:208} INFO - Processing /opt/airflow/dags/weather_kafka_producer.py took 0.227 seconds
[2024-12-31T00:11:58.172+0000] {processor.py:186} INFO - Started process (PID=1545) to work on /opt/airflow/dags/weather_kafka_producer.py
[2024-12-31T00:11:58.174+0000] {processor.py:914} INFO - Processing file /opt/airflow/dags/weather_kafka_producer.py for tasks to queue
[2024-12-31T00:11:58.187+0000] {logging_mixin.py:190} INFO - [2024-12-31T00:11:58.182+0000] {dagbag.py:588} INFO - Filling up the DagBag from /opt/airflow/dags/weather_kafka_producer.py
[2024-12-31T00:11:58.699+0000] {processor.py:925} INFO - DAG(s) 'weather_kafka_producer' retrieved from /opt/airflow/dags/weather_kafka_producer.py
[2024-12-31T00:11:58.773+0000] {logging_mixin.py:190} INFO - [2024-12-31T00:11:58.772+0000] {dag.py:3239} INFO - Sync 1 DAGs
[2024-12-31T00:11:58.835+0000] {logging_mixin.py:190} INFO - [2024-12-31T00:11:58.835+0000] {dag.py:4180} INFO - Setting next_dagrun for weather_kafka_producer to 2024-12-31 00:11:50+00:00, run_after=2024-12-31 00:11:55+00:00
[2024-12-31T00:11:58.929+0000] {processor.py:208} INFO - Processing /opt/airflow/dags/weather_kafka_producer.py took 0.770 seconds
[2024-12-31T00:12:29.506+0000] {processor.py:186} INFO - Started process (PID=1558) to work on /opt/airflow/dags/weather_kafka_producer.py
[2024-12-31T00:12:29.509+0000] {processor.py:914} INFO - Processing file /opt/airflow/dags/weather_kafka_producer.py for tasks to queue
[2024-12-31T00:12:29.512+0000] {logging_mixin.py:190} INFO - [2024-12-31T00:12:29.511+0000] {dagbag.py:588} INFO - Filling up the DagBag from /opt/airflow/dags/weather_kafka_producer.py
[2024-12-31T00:12:29.721+0000] {processor.py:925} INFO - DAG(s) 'weather_kafka_producer' retrieved from /opt/airflow/dags/weather_kafka_producer.py
[2024-12-31T00:12:29.782+0000] {logging_mixin.py:190} INFO - [2024-12-31T00:12:29.782+0000] {dag.py:3239} INFO - Sync 1 DAGs
[2024-12-31T00:12:29.830+0000] {logging_mixin.py:190} INFO - [2024-12-31T00:12:29.829+0000] {dag.py:4180} INFO - Setting next_dagrun for weather_kafka_producer to 2024-12-31 00:12:20+00:00, run_after=2024-12-31 00:12:25+00:00
[2024-12-31T00:12:29.862+0000] {processor.py:208} INFO - Processing /opt/airflow/dags/weather_kafka_producer.py took 0.383 seconds
[2024-12-31T00:13:00.359+0000] {processor.py:186} INFO - Started process (PID=1571) to work on /opt/airflow/dags/weather_kafka_producer.py
[2024-12-31T00:13:00.360+0000] {processor.py:914} INFO - Processing file /opt/airflow/dags/weather_kafka_producer.py for tasks to queue
[2024-12-31T00:13:00.362+0000] {logging_mixin.py:190} INFO - [2024-12-31T00:13:00.362+0000] {dagbag.py:588} INFO - Filling up the DagBag from /opt/airflow/dags/weather_kafka_producer.py
[2024-12-31T00:13:00.563+0000] {processor.py:925} INFO - DAG(s) 'weather_kafka_producer' retrieved from /opt/airflow/dags/weather_kafka_producer.py
[2024-12-31T00:13:00.589+0000] {logging_mixin.py:190} INFO - [2024-12-31T00:13:00.588+0000] {dag.py:3239} INFO - Sync 1 DAGs
[2024-12-31T00:13:00.613+0000] {logging_mixin.py:190} INFO - [2024-12-31T00:13:00.613+0000] {dag.py:4180} INFO - Setting next_dagrun for weather_kafka_producer to 2024-12-31 00:12:55+00:00, run_after=2024-12-31 00:13:00+00:00
[2024-12-31T00:13:00.633+0000] {processor.py:208} INFO - Processing /opt/airflow/dags/weather_kafka_producer.py took 0.282 seconds
[2024-12-31T00:13:30.913+0000] {processor.py:186} INFO - Started process (PID=1585) to work on /opt/airflow/dags/weather_kafka_producer.py
[2024-12-31T00:13:30.914+0000] {processor.py:914} INFO - Processing file /opt/airflow/dags/weather_kafka_producer.py for tasks to queue
[2024-12-31T00:13:30.915+0000] {logging_mixin.py:190} INFO - [2024-12-31T00:13:30.915+0000] {dagbag.py:588} INFO - Filling up the DagBag from /opt/airflow/dags/weather_kafka_producer.py
[2024-12-31T00:13:31.056+0000] {processor.py:925} INFO - DAG(s) 'weather_kafka_producer' retrieved from /opt/airflow/dags/weather_kafka_producer.py
[2024-12-31T00:13:31.093+0000] {logging_mixin.py:190} INFO - [2024-12-31T00:13:31.092+0000] {dag.py:3239} INFO - Sync 1 DAGs
[2024-12-31T00:13:31.124+0000] {logging_mixin.py:190} INFO - [2024-12-31T00:13:31.124+0000] {dag.py:4180} INFO - Setting next_dagrun for weather_kafka_producer to 2024-12-31 00:13:25+00:00, run_after=2024-12-31 00:13:30+00:00
[2024-12-31T00:13:31.150+0000] {processor.py:208} INFO - Processing /opt/airflow/dags/weather_kafka_producer.py took 0.246 seconds
[2024-12-31T00:14:01.366+0000] {processor.py:186} INFO - Started process (PID=1597) to work on /opt/airflow/dags/weather_kafka_producer.py
[2024-12-31T00:14:01.368+0000] {processor.py:914} INFO - Processing file /opt/airflow/dags/weather_kafka_producer.py for tasks to queue
[2024-12-31T00:14:01.369+0000] {logging_mixin.py:190} INFO - [2024-12-31T00:14:01.369+0000] {dagbag.py:588} INFO - Filling up the DagBag from /opt/airflow/dags/weather_kafka_producer.py
[2024-12-31T00:14:01.561+0000] {processor.py:925} INFO - DAG(s) 'weather_kafka_producer' retrieved from /opt/airflow/dags/weather_kafka_producer.py
[2024-12-31T00:14:01.594+0000] {logging_mixin.py:190} INFO - [2024-12-31T00:14:01.594+0000] {dag.py:3239} INFO - Sync 1 DAGs
[2024-12-31T00:14:01.626+0000] {logging_mixin.py:190} INFO - [2024-12-31T00:14:01.625+0000] {dag.py:4180} INFO - Setting next_dagrun for weather_kafka_producer to 2024-12-31 00:13:55+00:00, run_after=2024-12-31 00:14:00+00:00
[2024-12-31T00:14:01.651+0000] {processor.py:208} INFO - Processing /opt/airflow/dags/weather_kafka_producer.py took 0.293 seconds
[2024-12-31T00:14:31.727+0000] {processor.py:186} INFO - Started process (PID=1609) to work on /opt/airflow/dags/weather_kafka_producer.py
[2024-12-31T00:14:31.728+0000] {processor.py:914} INFO - Processing file /opt/airflow/dags/weather_kafka_producer.py for tasks to queue
[2024-12-31T00:14:31.729+0000] {logging_mixin.py:190} INFO - [2024-12-31T00:14:31.729+0000] {dagbag.py:588} INFO - Filling up the DagBag from /opt/airflow/dags/weather_kafka_producer.py
[2024-12-31T00:14:31.833+0000] {processor.py:925} INFO - DAG(s) 'weather_kafka_producer' retrieved from /opt/airflow/dags/weather_kafka_producer.py
[2024-12-31T00:14:31.856+0000] {logging_mixin.py:190} INFO - [2024-12-31T00:14:31.856+0000] {dag.py:3239} INFO - Sync 1 DAGs
[2024-12-31T00:14:31.875+0000] {logging_mixin.py:190} INFO - [2024-12-31T00:14:31.875+0000] {dag.py:4180} INFO - Setting next_dagrun for weather_kafka_producer to 2024-12-31 00:14:25+00:00, run_after=2024-12-31 00:14:30+00:00
[2024-12-31T00:14:31.892+0000] {processor.py:208} INFO - Processing /opt/airflow/dags/weather_kafka_producer.py took 0.170 seconds
[2024-12-31T00:15:02.115+0000] {processor.py:186} INFO - Started process (PID=1622) to work on /opt/airflow/dags/weather_kafka_producer.py
[2024-12-31T00:15:02.116+0000] {processor.py:914} INFO - Processing file /opt/airflow/dags/weather_kafka_producer.py for tasks to queue
[2024-12-31T00:15:02.117+0000] {logging_mixin.py:190} INFO - [2024-12-31T00:15:02.117+0000] {dagbag.py:588} INFO - Filling up the DagBag from /opt/airflow/dags/weather_kafka_producer.py
[2024-12-31T00:15:02.240+0000] {processor.py:925} INFO - DAG(s) 'weather_kafka_producer' retrieved from /opt/airflow/dags/weather_kafka_producer.py
[2024-12-31T00:15:02.263+0000] {logging_mixin.py:190} INFO - [2024-12-31T00:15:02.263+0000] {dag.py:3239} INFO - Sync 1 DAGs
[2024-12-31T00:15:02.285+0000] {logging_mixin.py:190} INFO - [2024-12-31T00:15:02.284+0000] {dag.py:4180} INFO - Setting next_dagrun for weather_kafka_producer to 2024-12-31 00:14:55+00:00, run_after=2024-12-31 00:15:00+00:00
[2024-12-31T00:15:02.301+0000] {processor.py:208} INFO - Processing /opt/airflow/dags/weather_kafka_producer.py took 0.193 seconds
[2024-12-31T00:15:32.983+0000] {processor.py:186} INFO - Started process (PID=1634) to work on /opt/airflow/dags/weather_kafka_producer.py
[2024-12-31T00:15:32.984+0000] {processor.py:914} INFO - Processing file /opt/airflow/dags/weather_kafka_producer.py for tasks to queue
[2024-12-31T00:15:32.985+0000] {logging_mixin.py:190} INFO - [2024-12-31T00:15:32.985+0000] {dagbag.py:588} INFO - Filling up the DagBag from /opt/airflow/dags/weather_kafka_producer.py
[2024-12-31T00:15:33.092+0000] {processor.py:925} INFO - DAG(s) 'weather_kafka_producer' retrieved from /opt/airflow/dags/weather_kafka_producer.py
[2024-12-31T00:15:33.115+0000] {logging_mixin.py:190} INFO - [2024-12-31T00:15:33.115+0000] {dag.py:3239} INFO - Sync 1 DAGs
[2024-12-31T00:15:33.137+0000] {logging_mixin.py:190} INFO - [2024-12-31T00:15:33.136+0000] {dag.py:4180} INFO - Setting next_dagrun for weather_kafka_producer to 2024-12-31 00:15:25+00:00, run_after=2024-12-31 00:15:30+00:00
[2024-12-31T00:15:33.154+0000] {processor.py:208} INFO - Processing /opt/airflow/dags/weather_kafka_producer.py took 0.177 seconds
[2024-12-31T00:16:03.634+0000] {processor.py:186} INFO - Started process (PID=1647) to work on /opt/airflow/dags/weather_kafka_producer.py
[2024-12-31T00:16:03.635+0000] {processor.py:914} INFO - Processing file /opt/airflow/dags/weather_kafka_producer.py for tasks to queue
[2024-12-31T00:16:03.636+0000] {logging_mixin.py:190} INFO - [2024-12-31T00:16:03.636+0000] {dagbag.py:588} INFO - Filling up the DagBag from /opt/airflow/dags/weather_kafka_producer.py
[2024-12-31T00:16:03.742+0000] {processor.py:925} INFO - DAG(s) 'weather_kafka_producer' retrieved from /opt/airflow/dags/weather_kafka_producer.py
[2024-12-31T00:16:03.770+0000] {logging_mixin.py:190} INFO - [2024-12-31T00:16:03.770+0000] {dag.py:3239} INFO - Sync 1 DAGs
[2024-12-31T00:16:03.794+0000] {logging_mixin.py:190} INFO - [2024-12-31T00:16:03.794+0000] {dag.py:4180} INFO - Setting next_dagrun for weather_kafka_producer to 2024-12-31 00:15:55+00:00, run_after=2024-12-31 00:16:00+00:00
[2024-12-31T00:16:03.813+0000] {processor.py:208} INFO - Processing /opt/airflow/dags/weather_kafka_producer.py took 0.185 seconds
[2024-12-31T00:16:33.880+0000] {processor.py:186} INFO - Started process (PID=1658) to work on /opt/airflow/dags/weather_kafka_producer.py
[2024-12-31T00:16:33.881+0000] {processor.py:914} INFO - Processing file /opt/airflow/dags/weather_kafka_producer.py for tasks to queue
[2024-12-31T00:16:33.883+0000] {logging_mixin.py:190} INFO - [2024-12-31T00:16:33.883+0000] {dagbag.py:588} INFO - Filling up the DagBag from /opt/airflow/dags/weather_kafka_producer.py
[2024-12-31T00:16:34.105+0000] {processor.py:925} INFO - DAG(s) 'weather_kafka_producer' retrieved from /opt/airflow/dags/weather_kafka_producer.py
[2024-12-31T00:16:34.148+0000] {logging_mixin.py:190} INFO - [2024-12-31T00:16:34.148+0000] {dag.py:3239} INFO - Sync 1 DAGs
[2024-12-31T00:16:34.182+0000] {logging_mixin.py:190} INFO - [2024-12-31T00:16:34.181+0000] {dag.py:4180} INFO - Setting next_dagrun for weather_kafka_producer to 2024-12-31 00:16:25+00:00, run_after=2024-12-31 00:16:30+00:00
[2024-12-31T00:16:34.220+0000] {processor.py:208} INFO - Processing /opt/airflow/dags/weather_kafka_producer.py took 0.352 seconds
[2024-12-31T00:17:04.336+0000] {processor.py:186} INFO - Started process (PID=1670) to work on /opt/airflow/dags/weather_kafka_producer.py
[2024-12-31T00:17:04.337+0000] {processor.py:914} INFO - Processing file /opt/airflow/dags/weather_kafka_producer.py for tasks to queue
[2024-12-31T00:17:04.339+0000] {logging_mixin.py:190} INFO - [2024-12-31T00:17:04.338+0000] {dagbag.py:588} INFO - Filling up the DagBag from /opt/airflow/dags/weather_kafka_producer.py
[2024-12-31T00:17:04.440+0000] {processor.py:925} INFO - DAG(s) 'weather_kafka_producer' retrieved from /opt/airflow/dags/weather_kafka_producer.py
[2024-12-31T00:17:04.462+0000] {logging_mixin.py:190} INFO - [2024-12-31T00:17:04.462+0000] {dag.py:3239} INFO - Sync 1 DAGs
[2024-12-31T00:17:04.481+0000] {logging_mixin.py:190} INFO - [2024-12-31T00:17:04.481+0000] {dag.py:4180} INFO - Setting next_dagrun for weather_kafka_producer to 2024-12-31 00:16:55+00:00, run_after=2024-12-31 00:17:00+00:00
[2024-12-31T00:17:04.496+0000] {processor.py:208} INFO - Processing /opt/airflow/dags/weather_kafka_producer.py took 0.165 seconds
[2024-12-31T00:17:34.825+0000] {processor.py:186} INFO - Started process (PID=1696) to work on /opt/airflow/dags/weather_kafka_producer.py
[2024-12-31T00:17:34.829+0000] {processor.py:914} INFO - Processing file /opt/airflow/dags/weather_kafka_producer.py for tasks to queue
[2024-12-31T00:17:34.833+0000] {logging_mixin.py:190} INFO - [2024-12-31T00:17:34.832+0000] {dagbag.py:588} INFO - Filling up the DagBag from /opt/airflow/dags/weather_kafka_producer.py
[2024-12-31T00:17:35.052+0000] {processor.py:925} INFO - DAG(s) 'weather_kafka_producer' retrieved from /opt/airflow/dags/weather_kafka_producer.py
[2024-12-31T00:17:35.104+0000] {logging_mixin.py:190} INFO - [2024-12-31T00:17:35.104+0000] {dag.py:3239} INFO - Sync 1 DAGs
[2024-12-31T00:17:35.132+0000] {logging_mixin.py:190} INFO - [2024-12-31T00:17:35.132+0000] {dag.py:4180} INFO - Setting next_dagrun for weather_kafka_producer to 2024-12-31 00:17:30+00:00, run_after=2024-12-31 00:17:35+00:00
[2024-12-31T00:17:35.180+0000] {processor.py:208} INFO - Processing /opt/airflow/dags/weather_kafka_producer.py took 0.366 seconds
[2024-12-31T00:18:05.426+0000] {processor.py:186} INFO - Started process (PID=1709) to work on /opt/airflow/dags/weather_kafka_producer.py
[2024-12-31T00:18:05.427+0000] {processor.py:914} INFO - Processing file /opt/airflow/dags/weather_kafka_producer.py for tasks to queue
[2024-12-31T00:18:05.428+0000] {logging_mixin.py:190} INFO - [2024-12-31T00:18:05.428+0000] {dagbag.py:588} INFO - Filling up the DagBag from /opt/airflow/dags/weather_kafka_producer.py
[2024-12-31T00:18:05.533+0000] {processor.py:925} INFO - DAG(s) 'weather_kafka_producer' retrieved from /opt/airflow/dags/weather_kafka_producer.py
[2024-12-31T00:18:05.555+0000] {logging_mixin.py:190} INFO - [2024-12-31T00:18:05.554+0000] {dag.py:3239} INFO - Sync 1 DAGs
[2024-12-31T00:18:05.573+0000] {logging_mixin.py:190} INFO - [2024-12-31T00:18:05.573+0000] {dag.py:4180} INFO - Setting next_dagrun for weather_kafka_producer to 2024-12-31 00:18:00+00:00, run_after=2024-12-31 00:18:05+00:00
[2024-12-31T00:18:05.591+0000] {processor.py:208} INFO - Processing /opt/airflow/dags/weather_kafka_producer.py took 0.171 seconds
[2024-12-31T00:18:36.207+0000] {processor.py:186} INFO - Started process (PID=1722) to work on /opt/airflow/dags/weather_kafka_producer.py
[2024-12-31T00:18:36.209+0000] {processor.py:914} INFO - Processing file /opt/airflow/dags/weather_kafka_producer.py for tasks to queue
[2024-12-31T00:18:36.213+0000] {logging_mixin.py:190} INFO - [2024-12-31T00:18:36.210+0000] {dagbag.py:588} INFO - Filling up the DagBag from /opt/airflow/dags/weather_kafka_producer.py
[2024-12-31T00:18:36.425+0000] {processor.py:925} INFO - DAG(s) 'weather_kafka_producer' retrieved from /opt/airflow/dags/weather_kafka_producer.py
[2024-12-31T00:18:36.479+0000] {logging_mixin.py:190} INFO - [2024-12-31T00:18:36.477+0000] {dag.py:3239} INFO - Sync 1 DAGs
[2024-12-31T00:18:36.521+0000] {logging_mixin.py:190} INFO - [2024-12-31T00:18:36.520+0000] {dag.py:4180} INFO - Setting next_dagrun for weather_kafka_producer to 2024-12-31 00:18:30+00:00, run_after=2024-12-31 00:18:35+00:00
[2024-12-31T00:18:36.565+0000] {processor.py:208} INFO - Processing /opt/airflow/dags/weather_kafka_producer.py took 0.379 seconds
[2024-12-31T00:19:06.816+0000] {processor.py:186} INFO - Started process (PID=1735) to work on /opt/airflow/dags/weather_kafka_producer.py
[2024-12-31T00:19:06.817+0000] {processor.py:914} INFO - Processing file /opt/airflow/dags/weather_kafka_producer.py for tasks to queue
[2024-12-31T00:19:06.818+0000] {logging_mixin.py:190} INFO - [2024-12-31T00:19:06.818+0000] {dagbag.py:588} INFO - Filling up the DagBag from /opt/airflow/dags/weather_kafka_producer.py
[2024-12-31T00:19:07.010+0000] {processor.py:925} INFO - DAG(s) 'weather_kafka_producer' retrieved from /opt/airflow/dags/weather_kafka_producer.py
[2024-12-31T00:19:07.061+0000] {logging_mixin.py:190} INFO - [2024-12-31T00:19:07.060+0000] {dag.py:3239} INFO - Sync 1 DAGs
[2024-12-31T00:19:07.105+0000] {logging_mixin.py:190} INFO - [2024-12-31T00:19:07.103+0000] {dag.py:4180} INFO - Setting next_dagrun for weather_kafka_producer to 2024-12-31 00:19:00+00:00, run_after=2024-12-31 00:19:05+00:00
[2024-12-31T00:19:07.147+0000] {processor.py:208} INFO - Processing /opt/airflow/dags/weather_kafka_producer.py took 0.338 seconds
[2024-12-31T00:19:37.470+0000] {processor.py:186} INFO - Started process (PID=1747) to work on /opt/airflow/dags/weather_kafka_producer.py
[2024-12-31T00:19:37.471+0000] {processor.py:914} INFO - Processing file /opt/airflow/dags/weather_kafka_producer.py for tasks to queue
[2024-12-31T00:19:37.472+0000] {logging_mixin.py:190} INFO - [2024-12-31T00:19:37.472+0000] {dagbag.py:588} INFO - Filling up the DagBag from /opt/airflow/dags/weather_kafka_producer.py
[2024-12-31T00:19:37.656+0000] {processor.py:925} INFO - DAG(s) 'weather_kafka_producer' retrieved from /opt/airflow/dags/weather_kafka_producer.py
[2024-12-31T00:19:37.701+0000] {logging_mixin.py:190} INFO - [2024-12-31T00:19:37.700+0000] {dag.py:3239} INFO - Sync 1 DAGs
[2024-12-31T00:19:37.744+0000] {logging_mixin.py:190} INFO - [2024-12-31T00:19:37.743+0000] {dag.py:4180} INFO - Setting next_dagrun for weather_kafka_producer to 2024-12-31 00:19:30+00:00, run_after=2024-12-31 00:19:35+00:00
[2024-12-31T00:19:37.786+0000] {processor.py:208} INFO - Processing /opt/airflow/dags/weather_kafka_producer.py took 0.322 seconds
[2024-12-31T00:20:08.015+0000] {processor.py:186} INFO - Started process (PID=1760) to work on /opt/airflow/dags/weather_kafka_producer.py
[2024-12-31T00:20:08.016+0000] {processor.py:914} INFO - Processing file /opt/airflow/dags/weather_kafka_producer.py for tasks to queue
[2024-12-31T00:20:08.017+0000] {logging_mixin.py:190} INFO - [2024-12-31T00:20:08.017+0000] {dagbag.py:588} INFO - Filling up the DagBag from /opt/airflow/dags/weather_kafka_producer.py
[2024-12-31T00:20:08.121+0000] {processor.py:925} INFO - DAG(s) 'weather_kafka_producer' retrieved from /opt/airflow/dags/weather_kafka_producer.py
[2024-12-31T00:20:08.144+0000] {logging_mixin.py:190} INFO - [2024-12-31T00:20:08.144+0000] {dag.py:3239} INFO - Sync 1 DAGs
[2024-12-31T00:20:08.163+0000] {logging_mixin.py:190} INFO - [2024-12-31T00:20:08.163+0000] {dag.py:4180} INFO - Setting next_dagrun for weather_kafka_producer to 2024-12-31 00:20:00+00:00, run_after=2024-12-31 00:20:05+00:00
[2024-12-31T00:20:08.179+0000] {processor.py:208} INFO - Processing /opt/airflow/dags/weather_kafka_producer.py took 0.170 seconds
[2024-12-31T00:20:38.597+0000] {processor.py:186} INFO - Started process (PID=1776) to work on /opt/airflow/dags/weather_kafka_producer.py
[2024-12-31T00:20:38.599+0000] {processor.py:914} INFO - Processing file /opt/airflow/dags/weather_kafka_producer.py for tasks to queue
[2024-12-31T00:20:38.600+0000] {logging_mixin.py:190} INFO - [2024-12-31T00:20:38.600+0000] {dagbag.py:588} INFO - Filling up the DagBag from /opt/airflow/dags/weather_kafka_producer.py
[2024-12-31T00:20:38.763+0000] {processor.py:925} INFO - DAG(s) 'weather_kafka_producer' retrieved from /opt/airflow/dags/weather_kafka_producer.py
[2024-12-31T00:20:38.820+0000] {logging_mixin.py:190} INFO - [2024-12-31T00:20:38.819+0000] {dag.py:3239} INFO - Sync 1 DAGs
[2024-12-31T00:20:38.852+0000] {logging_mixin.py:190} INFO - [2024-12-31T00:20:38.851+0000] {dag.py:4180} INFO - Setting next_dagrun for weather_kafka_producer to 2024-12-31 00:20:30+00:00, run_after=2024-12-31 00:20:35+00:00
[2024-12-31T00:20:38.890+0000] {processor.py:208} INFO - Processing /opt/airflow/dags/weather_kafka_producer.py took 0.300 seconds
[2024-12-31T00:21:09.026+0000] {processor.py:186} INFO - Started process (PID=1790) to work on /opt/airflow/dags/weather_kafka_producer.py
[2024-12-31T00:21:09.027+0000] {processor.py:914} INFO - Processing file /opt/airflow/dags/weather_kafka_producer.py for tasks to queue
[2024-12-31T00:21:09.029+0000] {logging_mixin.py:190} INFO - [2024-12-31T00:21:09.028+0000] {dagbag.py:588} INFO - Filling up the DagBag from /opt/airflow/dags/weather_kafka_producer.py
[2024-12-31T00:21:09.191+0000] {processor.py:925} INFO - DAG(s) 'weather_kafka_producer' retrieved from /opt/airflow/dags/weather_kafka_producer.py
[2024-12-31T00:21:09.228+0000] {logging_mixin.py:190} INFO - [2024-12-31T00:21:09.228+0000] {dag.py:3239} INFO - Sync 1 DAGs
[2024-12-31T00:21:09.253+0000] {logging_mixin.py:190} INFO - [2024-12-31T00:21:09.253+0000] {dag.py:4180} INFO - Setting next_dagrun for weather_kafka_producer to 2024-12-31 00:21:00+00:00, run_after=2024-12-31 00:21:05+00:00
[2024-12-31T00:21:09.272+0000] {processor.py:208} INFO - Processing /opt/airflow/dags/weather_kafka_producer.py took 0.255 seconds
[2024-12-31T00:21:39.978+0000] {processor.py:186} INFO - Started process (PID=1802) to work on /opt/airflow/dags/weather_kafka_producer.py
[2024-12-31T00:21:39.979+0000] {processor.py:914} INFO - Processing file /opt/airflow/dags/weather_kafka_producer.py for tasks to queue
[2024-12-31T00:21:39.980+0000] {logging_mixin.py:190} INFO - [2024-12-31T00:21:39.980+0000] {dagbag.py:588} INFO - Filling up the DagBag from /opt/airflow/dags/weather_kafka_producer.py
[2024-12-31T00:21:40.112+0000] {processor.py:925} INFO - DAG(s) 'weather_kafka_producer' retrieved from /opt/airflow/dags/weather_kafka_producer.py
[2024-12-31T00:21:40.139+0000] {logging_mixin.py:190} INFO - [2024-12-31T00:21:40.139+0000] {dag.py:3239} INFO - Sync 1 DAGs
[2024-12-31T00:21:40.164+0000] {logging_mixin.py:190} INFO - [2024-12-31T00:21:40.163+0000] {dag.py:4180} INFO - Setting next_dagrun for weather_kafka_producer to 2024-12-31 00:21:35+00:00, run_after=2024-12-31 00:21:40+00:00
[2024-12-31T00:21:40.184+0000] {processor.py:208} INFO - Processing /opt/airflow/dags/weather_kafka_producer.py took 0.213 seconds
[2024-12-31T00:22:10.835+0000] {processor.py:186} INFO - Started process (PID=1814) to work on /opt/airflow/dags/weather_kafka_producer.py
[2024-12-31T00:22:10.836+0000] {processor.py:914} INFO - Processing file /opt/airflow/dags/weather_kafka_producer.py for tasks to queue
[2024-12-31T00:22:10.838+0000] {logging_mixin.py:190} INFO - [2024-12-31T00:22:10.838+0000] {dagbag.py:588} INFO - Filling up the DagBag from /opt/airflow/dags/weather_kafka_producer.py
[2024-12-31T00:22:10.982+0000] {processor.py:925} INFO - DAG(s) 'weather_kafka_producer' retrieved from /opt/airflow/dags/weather_kafka_producer.py
[2024-12-31T00:22:11.014+0000] {logging_mixin.py:190} INFO - [2024-12-31T00:22:11.013+0000] {dag.py:3239} INFO - Sync 1 DAGs
[2024-12-31T00:22:11.055+0000] {logging_mixin.py:190} INFO - [2024-12-31T00:22:11.055+0000] {dag.py:4180} INFO - Setting next_dagrun for weather_kafka_producer to 2024-12-31 00:22:05+00:00, run_after=2024-12-31 00:22:10+00:00
[2024-12-31T00:22:11.089+0000] {processor.py:208} INFO - Processing /opt/airflow/dags/weather_kafka_producer.py took 0.264 seconds
[2024-12-31T00:22:41.707+0000] {processor.py:186} INFO - Started process (PID=1826) to work on /opt/airflow/dags/weather_kafka_producer.py
[2024-12-31T00:22:41.709+0000] {processor.py:914} INFO - Processing file /opt/airflow/dags/weather_kafka_producer.py for tasks to queue
[2024-12-31T00:22:41.712+0000] {logging_mixin.py:190} INFO - [2024-12-31T00:22:41.711+0000] {dagbag.py:588} INFO - Filling up the DagBag from /opt/airflow/dags/weather_kafka_producer.py
[2024-12-31T00:22:41.870+0000] {processor.py:925} INFO - DAG(s) 'weather_kafka_producer' retrieved from /opt/airflow/dags/weather_kafka_producer.py
[2024-12-31T00:22:41.894+0000] {logging_mixin.py:190} INFO - [2024-12-31T00:22:41.894+0000] {dag.py:3239} INFO - Sync 1 DAGs
[2024-12-31T00:22:41.920+0000] {logging_mixin.py:190} INFO - [2024-12-31T00:22:41.919+0000] {dag.py:4180} INFO - Setting next_dagrun for weather_kafka_producer to 2024-12-31 00:22:35+00:00, run_after=2024-12-31 00:22:40+00:00
[2024-12-31T00:22:41.937+0000] {processor.py:208} INFO - Processing /opt/airflow/dags/weather_kafka_producer.py took 0.240 seconds
[2024-12-31T00:23:12.642+0000] {processor.py:186} INFO - Started process (PID=1838) to work on /opt/airflow/dags/weather_kafka_producer.py
[2024-12-31T00:23:12.643+0000] {processor.py:914} INFO - Processing file /opt/airflow/dags/weather_kafka_producer.py for tasks to queue
[2024-12-31T00:23:12.645+0000] {logging_mixin.py:190} INFO - [2024-12-31T00:23:12.644+0000] {dagbag.py:588} INFO - Filling up the DagBag from /opt/airflow/dags/weather_kafka_producer.py
[2024-12-31T00:23:12.755+0000] {processor.py:925} INFO - DAG(s) 'weather_kafka_producer' retrieved from /opt/airflow/dags/weather_kafka_producer.py
[2024-12-31T00:23:12.778+0000] {logging_mixin.py:190} INFO - [2024-12-31T00:23:12.778+0000] {dag.py:3239} INFO - Sync 1 DAGs
[2024-12-31T00:23:12.799+0000] {logging_mixin.py:190} INFO - [2024-12-31T00:23:12.799+0000] {dag.py:4180} INFO - Setting next_dagrun for weather_kafka_producer to 2024-12-31 00:23:05+00:00, run_after=2024-12-31 00:23:10+00:00
[2024-12-31T00:23:12.818+0000] {processor.py:208} INFO - Processing /opt/airflow/dags/weather_kafka_producer.py took 0.184 seconds
[2024-12-31T00:23:43.506+0000] {processor.py:186} INFO - Started process (PID=1850) to work on /opt/airflow/dags/weather_kafka_producer.py
[2024-12-31T00:23:43.507+0000] {processor.py:914} INFO - Processing file /opt/airflow/dags/weather_kafka_producer.py for tasks to queue
[2024-12-31T00:23:43.509+0000] {logging_mixin.py:190} INFO - [2024-12-31T00:23:43.508+0000] {dagbag.py:588} INFO - Filling up the DagBag from /opt/airflow/dags/weather_kafka_producer.py
[2024-12-31T00:23:43.615+0000] {processor.py:925} INFO - DAG(s) 'weather_kafka_producer' retrieved from /opt/airflow/dags/weather_kafka_producer.py
[2024-12-31T00:23:43.636+0000] {logging_mixin.py:190} INFO - [2024-12-31T00:23:43.636+0000] {dag.py:3239} INFO - Sync 1 DAGs
[2024-12-31T00:23:43.656+0000] {logging_mixin.py:190} INFO - [2024-12-31T00:23:43.655+0000] {dag.py:4180} INFO - Setting next_dagrun for weather_kafka_producer to 2024-12-31 00:23:35+00:00, run_after=2024-12-31 00:23:40+00:00
[2024-12-31T00:23:43.671+0000] {processor.py:208} INFO - Processing /opt/airflow/dags/weather_kafka_producer.py took 0.171 seconds
[2024-12-31T00:24:13.892+0000] {processor.py:186} INFO - Started process (PID=1862) to work on /opt/airflow/dags/weather_kafka_producer.py
[2024-12-31T00:24:13.893+0000] {processor.py:914} INFO - Processing file /opt/airflow/dags/weather_kafka_producer.py for tasks to queue
[2024-12-31T00:24:13.895+0000] {logging_mixin.py:190} INFO - [2024-12-31T00:24:13.894+0000] {dagbag.py:588} INFO - Filling up the DagBag from /opt/airflow/dags/weather_kafka_producer.py
[2024-12-31T00:24:14.003+0000] {processor.py:925} INFO - DAG(s) 'weather_kafka_producer' retrieved from /opt/airflow/dags/weather_kafka_producer.py
[2024-12-31T00:24:14.029+0000] {logging_mixin.py:190} INFO - [2024-12-31T00:24:14.029+0000] {dag.py:3239} INFO - Sync 1 DAGs
[2024-12-31T00:24:14.051+0000] {logging_mixin.py:190} INFO - [2024-12-31T00:24:14.051+0000] {dag.py:4180} INFO - Setting next_dagrun for weather_kafka_producer to 2024-12-31 00:24:05+00:00, run_after=2024-12-31 00:24:10+00:00
[2024-12-31T00:24:14.067+0000] {processor.py:208} INFO - Processing /opt/airflow/dags/weather_kafka_producer.py took 0.181 seconds
[2024-12-31T00:24:44.110+0000] {processor.py:186} INFO - Started process (PID=1876) to work on /opt/airflow/dags/weather_kafka_producer.py
[2024-12-31T00:24:44.111+0000] {processor.py:914} INFO - Processing file /opt/airflow/dags/weather_kafka_producer.py for tasks to queue
[2024-12-31T00:24:44.112+0000] {logging_mixin.py:190} INFO - [2024-12-31T00:24:44.112+0000] {dagbag.py:588} INFO - Filling up the DagBag from /opt/airflow/dags/weather_kafka_producer.py
[2024-12-31T00:24:44.221+0000] {processor.py:925} INFO - DAG(s) 'weather_kafka_producer' retrieved from /opt/airflow/dags/weather_kafka_producer.py
[2024-12-31T00:24:44.246+0000] {logging_mixin.py:190} INFO - [2024-12-31T00:24:44.246+0000] {dag.py:3239} INFO - Sync 1 DAGs
[2024-12-31T00:24:44.266+0000] {logging_mixin.py:190} INFO - [2024-12-31T00:24:44.265+0000] {dag.py:4180} INFO - Setting next_dagrun for weather_kafka_producer to 2024-12-31 00:24:35+00:00, run_after=2024-12-31 00:24:40+00:00
[2024-12-31T00:24:44.282+0000] {processor.py:208} INFO - Processing /opt/airflow/dags/weather_kafka_producer.py took 0.179 seconds
[2024-12-31T00:25:15.048+0000] {processor.py:186} INFO - Started process (PID=1888) to work on /opt/airflow/dags/weather_kafka_producer.py
[2024-12-31T00:25:15.049+0000] {processor.py:914} INFO - Processing file /opt/airflow/dags/weather_kafka_producer.py for tasks to queue
[2024-12-31T00:25:15.051+0000] {logging_mixin.py:190} INFO - [2024-12-31T00:25:15.050+0000] {dagbag.py:588} INFO - Filling up the DagBag from /opt/airflow/dags/weather_kafka_producer.py
[2024-12-31T00:25:15.215+0000] {processor.py:925} INFO - DAG(s) 'weather_kafka_producer' retrieved from /opt/airflow/dags/weather_kafka_producer.py
[2024-12-31T00:25:15.274+0000] {logging_mixin.py:190} INFO - [2024-12-31T00:25:15.272+0000] {dag.py:3239} INFO - Sync 1 DAGs
[2024-12-31T00:25:15.342+0000] {logging_mixin.py:190} INFO - [2024-12-31T00:25:15.342+0000] {dag.py:4180} INFO - Setting next_dagrun for weather_kafka_producer to 2024-12-31 00:25:10+00:00, run_after=2024-12-31 00:25:15+00:00
[2024-12-31T00:25:15.395+0000] {processor.py:208} INFO - Processing /opt/airflow/dags/weather_kafka_producer.py took 0.353 seconds
[2024-12-31T00:25:45.517+0000] {processor.py:186} INFO - Started process (PID=1900) to work on /opt/airflow/dags/weather_kafka_producer.py
[2024-12-31T00:25:45.518+0000] {processor.py:914} INFO - Processing file /opt/airflow/dags/weather_kafka_producer.py for tasks to queue
[2024-12-31T00:25:45.520+0000] {logging_mixin.py:190} INFO - [2024-12-31T00:25:45.520+0000] {dagbag.py:588} INFO - Filling up the DagBag from /opt/airflow/dags/weather_kafka_producer.py
[2024-12-31T00:25:45.624+0000] {processor.py:925} INFO - DAG(s) 'weather_kafka_producer' retrieved from /opt/airflow/dags/weather_kafka_producer.py
[2024-12-31T00:25:45.646+0000] {logging_mixin.py:190} INFO - [2024-12-31T00:25:45.646+0000] {dag.py:3239} INFO - Sync 1 DAGs
[2024-12-31T00:25:45.667+0000] {logging_mixin.py:190} INFO - [2024-12-31T00:25:45.666+0000] {dag.py:4180} INFO - Setting next_dagrun for weather_kafka_producer to 2024-12-31 00:25:40+00:00, run_after=2024-12-31 00:25:45+00:00
[2024-12-31T00:25:45.684+0000] {processor.py:208} INFO - Processing /opt/airflow/dags/weather_kafka_producer.py took 0.172 seconds
